Copyright 1986-2020 Xilinx, Inc. All Rights Reserved.
---------------------------------------------------------------------------------------
| Tool Version : Vivado v.2020.1 (win64) Build 2902540 Wed May 27 19:54:49 MDT 2020
| Date         : Tue Dec 22 00:30:46 2020
| Host         : DESKTOP-D7RM7IV running 64-bit major release  (build 9200)
| Command      : report_control_sets -verbose -file NEXYS4_DDR_control_sets_placed.rpt
| Design       : NEXYS4_DDR
| Device       : xc7a100t
---------------------------------------------------------------------------------------

Control Set Information

Table of Contents
-----------------
1. Summary
2. Histogram
3. Flip-Flop Distribution
4. Detailed Control Set Information

1. Summary
----------

+----------------------------------------------------------+-------+
|                          Status                          | Count |
+----------------------------------------------------------+-------+
| Total control sets                                       |   307 |
|    Minimum number of control sets                        |    46 |
|    Addition due to synthesis replication                 |     0 |
|    Addition due to physical synthesis replication        |   261 |
| Unused register locations in slices containing registers |  1232 |
+----------------------------------------------------------+-------+
* Control sets can be merged at opt_design using control_set_merge or merge_equivalent_drivers
** Run report_qor_suggestions for automated merging and remapping suggestions


2. Histogram
------------

+--------------------+-------+
|       Fanout       | Count |
+--------------------+-------+
| Total control sets |   307 |
| >= 0 to < 4        |   111 |
| >= 4 to < 6        |    61 |
| >= 6 to < 8        |    38 |
| >= 8 to < 10       |    36 |
| >= 10 to < 12      |    13 |
| >= 12 to < 14      |     4 |
| >= 14 to < 16      |     1 |
| >= 16              |    43 |
+--------------------+-------+
* Control sets can be remapped at either synth_design or opt_design


3. Flip-Flop Distribution
-------------------------

+--------------+-----------------------+------------------------+-----------------+--------------+
| Clock Enable | Synchronous Set/Reset | Asynchronous Set/Reset | Total Registers | Total Slices |
+--------------+-----------------------+------------------------+-----------------+--------------+
| No           | No                    | No                     |              95 |           46 |
| No           | No                    | Yes                    |              14 |           10 |
| No           | Yes                   | No                     |             244 |          114 |
| Yes          | No                    | No                     |             248 |           77 |
| Yes          | No                    | Yes                    |              64 |           20 |
| Yes          | Yes                   | No                     |            1967 |          852 |
+--------------+-----------------------+------------------------+-----------------+--------------+


4. Detailed Control Set Information
-----------------------------------

+------------------------+------------------------------------------------------------------------------------+------------------------------------------------------------------------------+------------------+----------------+--------------+
|      Clock Signal      |                                    Enable Signal                                   |                               Set/Reset Signal                               | Slice Load Count | Bel Load Count | Bels / Slice |
+------------------------+------------------------------------------------------------------------------------+------------------------------------------------------------------------------+------------------+----------------+--------------+
|  sys_clk/inst/clk_out1 | sigma/sigma_tile/riscv/gensticky_genpsticky_glbl_regfile[1][31]_i_1_n_0            | sigma/sigma_tile/sfr/SR[0]_repN_9                                            |                1 |              1 |         1.00 |
|  sys_clk/inst/clk_out1 | sigma/sigma_tile/riscv/gensticky_genpsticky_glbl_regfile[11][31]_i_1_n_0           | sigma/sigma_tile/sfr/SR[0]_repN                                              |                1 |              1 |         1.00 |
|  sys_clk/inst/clk_out1 |                                                                                    | sigma/sigma_tile/sfr/SR[0]                                                   |                1 |              1 |         1.00 |
|  sys_clk/inst/clk_out1 | sigma/sigma_tile/riscv/gensticky_genpsticky_glbl_regfile[17][31]_i_1_n_0           | sigma/sigma_tile/sfr/SR[0]_repN                                              |                1 |              1 |         1.00 |
|  sys_clk/inst/clk_out1 | sigma/sigma_tile/riscv/gensticky_genpsticky_glbl_regfile[13][31]_i_1_n_0           | sigma/sigma_tile/sfr/SR[0]_repN                                              |                1 |              1 |         1.00 |
|  sys_clk/inst/clk_out1 | sigma/sigma_tile/riscv/gensticky_genpsticky_glbl_regfile[30][31]_i_1_n_0           | sigma/sigma_tile/sfr/SR[0]_repN_6                                            |                1 |              1 |         1.00 |
|  sys_clk/inst/clk_out1 | sigma/sigma_tile/riscv/gensticky_genpsticky_glbl_regfile[30][31]_i_1_n_0           | sigma/sigma_tile/sfr/SR[0]_repN                                              |                1 |              1 |         1.00 |
|  sys_clk/inst/clk_out1 | sigma/sigma_tile/riscv/gensticky_genpsticky_glbl_regfile[8][31]_i_1_n_0            | sigma/sigma_tile/sfr/SR[0]_repN                                              |                1 |              1 |         1.00 |
|  sys_clk/inst/clk_out1 | sigma/sigma_tile/riscv/gensticky_genpsticky_glbl_regfile[1][31]_i_1_n_0            | sigma/sigma_tile/sfr/SR[0]_repN_11                                           |                1 |              1 |         1.00 |
|  sys_clk/inst/clk_out1 | sigma/sigma_tile/riscv/gensticky_genpsticky_glbl_regfile[1][31]_i_1_n_0            | sigma/sigma_tile/sfr/SR[0]_repN_10                                           |                1 |              1 |         1.00 |
|  sys_clk/inst/clk_out1 | sigma/sigma_tile/riscv/gensticky_genpsticky_glbl_regfile[11][31]_i_1_n_0           | sigma/sigma_tile/sfr/SR[0]_repN_6                                            |                1 |              1 |         1.00 |
|  sys_clk/inst/clk_out1 | sigma/sigma_tile/riscv/gensticky_genpsticky_glbl_regfile[15][31]_i_1_n_0           | sigma/sigma_tile/sfr/SR[0]_repN                                              |                1 |              1 |         1.00 |
|  sys_clk/inst/clk_out1 | sigma/sigma_tile/riscv/gensticky_genpsticky_glbl_regfile[25][31]_i_1_n_0           | sigma/sigma_tile/sfr/SR[0]_repN_9                                            |                1 |              1 |         1.00 |
|  sys_clk/inst/clk_out1 | sigma/sigma_tile/riscv/gensticky_genpsticky_glbl_regfile[12][31]_i_1_n_0           | sigma/sigma_tile/sfr/SR[0]_repN                                              |                1 |              1 |         1.00 |
|  sys_clk/inst/clk_out1 |                                                                                    | sigma/sigma_tile/sfr/SR[0]_repN_10                                           |                1 |              1 |         1.00 |
|  sys_clk/inst/clk_out1 | sigma/sigma_tile/riscv/gensticky_genpsticky_glbl_regfile[3][31]_i_1_n_0            | sigma/sigma_tile/sfr/SR[0]_repN                                              |                1 |              1 |         1.00 |
|  sys_clk/inst/clk_out1 | sigma/sigma_tile/riscv/gensticky_genpsticky_glbl_regfile[10][31]_i_1_n_0           | sigma/sigma_tile/sfr/SR[0]_repN                                              |                1 |              1 |         1.00 |
|  sys_clk/inst/clk_out1 | sigma/sigma_tile/riscv/gensticky_genpsticky_glbl_regfile[25][31]_i_1_n_0           | sigma/sigma_tile/sfr/SR[0]_repN                                              |                1 |              1 |         1.00 |
|  sys_clk/inst/clk_out1 | sigma/sigma_tile/riscv/gensticky_genpsticky_glbl_regfile[18][31]_i_1_n_0           | sigma/sigma_tile/sfr/SR[0]_repN                                              |                1 |              1 |         1.00 |
|  sys_clk/inst/clk_out1 | sigma/sigma_tile/riscv/genpstage_EXEC_genpctrl_stalled_glbl139_out                 | sigma/sigma_tile/sfr/SR[0]_repN_7                                            |                1 |              1 |         1.00 |
|  sys_clk/inst/clk_out1 | sigma/sigma_tile/riscv/genpsticky_glbl_regfile                                     | sigma/sigma_tile/sfr/SR[0]_repN                                              |                1 |              1 |         1.00 |
|  sys_clk/inst/clk_out1 | sigma/sigma_tile/riscv/genpstage_MEMWB_genpctrl_stalled_glbl135_out                | sigma/sigma_tile/sfr/SR[0]_repN_6                                            |                1 |              1 |         1.00 |
|  sys_clk/inst/clk_out1 | sigma/sigma_tile/riscv/gensticky_genpsticky_glbl_regfile[9][31]_i_1_n_0            | sigma/sigma_tile/sfr/SR[0]_repN_11                                           |                1 |              1 |         1.00 |
|  sys_clk/inst/clk_out1 | sigma/udm/uart_tx/tx_o_i_1_n_0                                                     | sigma/reset_sync/Q[0]                                                        |                1 |              1 |         1.00 |
|  sys_clk/inst/clk_out1 | sigma/sigma_tile/riscv/gensticky_genpsticky_glbl_regfile[24][31]_i_1_n_0           | sigma/sigma_tile/sfr/SR[0]_repN                                              |                1 |              1 |         1.00 |
|  sys_clk/inst/clk_out1 | sigma/sigma_tile/riscv/gensticky_genpsticky_glbl_regfile[14][31]_i_1_n_0           | sigma/sigma_tile/sfr/SR[0]_repN                                              |                1 |              1 |         1.00 |
|  sys_clk/inst/clk_out1 | sigma/sigma_tile/riscv/gensticky_genpsticky_glbl_regfile[5][31]_i_1_n_0            | sigma/sigma_tile/sfr/SR[0]_repN_9                                            |                1 |              1 |         1.00 |
|  sys_clk/inst/clk_out1 | sigma/sigma_tile/riscv/gensticky_genpstage_IDECODE_genpctrl_active_glbl[0]_i_1_n_0 | sigma/sigma_tile/sfr/SR[0]_repN_3                                            |                1 |              1 |         1.00 |
|  sys_clk/inst/clk_out1 | sigma/sigma_tile/riscv/gensticky_genpsticky_glbl_regfile[28][31]_i_1_n_0           | sigma/sigma_tile/sfr/SR[0]_repN_6                                            |                1 |              1 |         1.00 |
|  sys_clk/inst/clk_out1 | sigma/sigma_tile/riscv/gensticky_genpsticky_glbl_regfile[28][31]_i_1_n_0           | sigma/sigma_tile/sfr/SR[0]_repN                                              |                1 |              1 |         1.00 |
|  sys_clk/inst/clk_out1 | sigma/sigma_tile/riscv/gensticky_genpstage_IDECODE_genpctrl_active_glbl[0]_i_1_n_0 | sigma/sigma_tile/sfr/SR[0]_repN_1                                            |                1 |              1 |         1.00 |
|  sys_clk/inst/clk_out1 | sigma/sigma_tile/riscv/gensticky_genpsticky_glbl_regfile[26][31]_i_1_n_0           | sigma/sigma_tile/sfr/SR[0]_repN                                              |                1 |              1 |         1.00 |
|  sys_clk/inst/clk_out1 | sigma/sigma_tile/riscv/gensticky_genpsticky_glbl_regfile[20][31]_i_1_n_0           | sigma/sigma_tile/sfr/SR[0]_repN_9                                            |                1 |              1 |         1.00 |
|  sys_clk/inst/clk_out1 | sigma/sigma_tile/riscv/gensticky_genpsticky_glbl_regfile[4][31]_i_1_n_0            | sigma/sigma_tile/sfr/SR[0]_repN                                              |                1 |              1 |         1.00 |
|  sys_clk/inst/clk_out1 | sigma/sigma_tile/riscv/gensticky_genpsticky_glbl_regfile[7][31]_i_1_n_0            | sigma/sigma_tile/sfr/SR[0]_repN                                              |                1 |              1 |         1.00 |
|  sys_clk/inst/clk_out1 | sigma/sigma_tile/riscv/gensticky_genpsticky_glbl_regfile[4][31]_i_1_n_0            | sigma/sigma_tile/sfr/SR[0]_repN_10                                           |                1 |              1 |         1.00 |
|  sys_clk/inst/clk_out1 | sigma/sigma_tile/riscv/gensticky_genpsticky_glbl_regfile[20][31]_i_1_n_0           | sigma/sigma_tile/sfr/SR[0]_repN_10                                           |                1 |              1 |         1.00 |
|  sys_clk/inst/clk_out1 | sigma/sigma_tile/riscv/gensticky_genpsticky_glbl_regfile[20][31]_i_1_n_0           | sigma/sigma_tile/sfr/SR[0]_repN                                              |                1 |              1 |         1.00 |
|  sys_clk/inst/clk_out1 | sigma/sigma_tile/riscv/gensticky_genpsticky_glbl_regfile[6][31]_i_1_n_0            | sigma/sigma_tile/sfr/SR[0]_repN_10                                           |                1 |              1 |         1.00 |
|  sys_clk/inst/clk_out1 | sigma/sigma_tile/riscv/gensticky_genpsticky_glbl_regfile[21][31]_i_1_n_0           | sigma/sigma_tile/sfr/SR[0]_repN_9                                            |                1 |              1 |         1.00 |
|  sys_clk/inst/clk_out1 | sigma/sigma_tile/riscv/gensticky_genpsticky_glbl_regfile[21][31]_i_1_n_0           | sigma/sigma_tile/sfr/SR[0]_repN_10                                           |                1 |              1 |         1.00 |
|  sys_clk/inst/clk_out1 | sigma/sigma_tile/riscv/gensticky_genpsticky_glbl_regfile[7][31]_i_1_n_0            | sigma/sigma_tile/sfr/SR[0]_repN_11                                           |                1 |              1 |         1.00 |
|  sys_clk/inst/clk_out1 | sigma/sigma_tile/riscv/gensticky_genpsticky_glbl_regfile[9][31]_i_1_n_0            | sigma/sigma_tile/sfr/SR[0]_repN                                              |                1 |              1 |         1.00 |
|  sys_clk/inst/clk_out1 | sigma/sigma_tile/riscv/gensticky_genpsticky_glbl_regfile[22][31]_i_1_n_0           | sigma/sigma_tile/sfr/SR[0]_repN                                              |                1 |              1 |         1.00 |
|  sys_clk/inst/clk_out1 | sigma/sigma_tile/riscv/gensticky_genpsticky_glbl_regfile[21][31]_i_1_n_0           | sigma/sigma_tile/sfr/SR[0]_repN                                              |                1 |              1 |         1.00 |
|  sys_clk/inst/clk_out1 | sigma/sigma_tile/riscv/gensticky_genpsticky_glbl_regfile[19][31]_i_1_n_0           | sigma/sigma_tile/sfr/SR[0]_repN                                              |                1 |              1 |         1.00 |
|  sys_clk/inst/clk_out1 | sigma/sigma_tile/riscv/gensticky_genpsticky_glbl_regfile[1][31]_i_1_n_0            | sigma/sigma_tile/sfr/SR[0]_repN                                              |                1 |              2 |         2.00 |
|  sys_clk/inst/clk_out1 | sigma/sigma_tile/riscv/gensticky_genpsticky_glbl_regfile[21][31]_i_1_n_0           | sigma/sigma_tile/sfr/SR[0]_repN_11                                           |                1 |              2 |         2.00 |
|  sys_clk/inst/clk_out1 | sigma/sigma_tile/riscv/gensticky_genpsticky_glbl_regfile[20][31]_i_1_n_0           | sigma/sigma_tile/sfr/SR[0]_repN_11                                           |                1 |              2 |         2.00 |
|  sys_clk/inst/clk_out1 | sigma/sigma_tile/riscv/gensticky_genpsticky_glbl_regfile[26][31]_i_1_n_0           | sigma/sigma_tile/sfr/SR[0]_repN_11                                           |                1 |              2 |         2.00 |
|  sys_clk/inst/clk_out1 | sigma/sigma_tile/riscv/gensticky_genpsticky_glbl_regfile[27][31]_i_1_n_0           | sigma/sigma_tile/sfr/SR[0]_repN_7                                            |                1 |              2 |         2.00 |
|  sys_clk/inst/clk_out1 | sigma/sigma_tile/riscv/gensticky_genpsticky_glbl_regfile[15][31]_i_1_n_0           | sigma/sigma_tile/sfr/SR[0]_repN_11                                           |                1 |              2 |         2.00 |
|  sys_clk/inst/clk_out1 | sigma/sigma_tile/riscv/gensticky_genpsticky_glbl_regfile[11][31]_i_1_n_0           | sigma/sigma_tile/sfr/SR[0]_repN_11                                           |                1 |              2 |         2.00 |
|  sys_clk/inst/clk_out1 | sigma/sigma_tile/riscv/gensticky_genpsticky_glbl_regfile[27][31]_i_1_n_0           | sigma/sigma_tile/sfr/SR[0]_repN                                              |                2 |              2 |         1.00 |
|  sys_clk/inst/clk_out1 |                                                                                    | sigma/sigma_tile/sfr/SR[0]_repN_11                                           |                1 |              2 |         2.00 |
|  sys_clk/inst/clk_out1 | sigma/sigma_tile/riscv/gensticky_genpsticky_glbl_regfile[5][31]_i_1_n_0            | sigma/sigma_tile/sfr/SR[0]_repN                                              |                2 |              2 |         1.00 |
|  sys_clk/inst/clk_out1 | sigma/sigma_tile/riscv/gensticky_genpsticky_glbl_regfile[5][31]_i_1_n_0            | sigma/sigma_tile/sfr/SR[0]_repN_11                                           |                1 |              2 |         2.00 |
|  sys_clk/inst/clk_out1 | sigma/sigma_tile/riscv/gensticky_genpsticky_glbl_regfile[4][31]_i_1_n_0            | sigma/sigma_tile/sfr/SR[0]_repN_11                                           |                2 |              2 |         1.00 |
|  sys_clk/inst/clk_out1 | sigma/sigma_tile/riscv/gensticky_genpsticky_glbl_regfile[25][31]_i_1_n_0           | sigma/sigma_tile/sfr/SR[0]_repN_11                                           |                1 |              2 |         2.00 |
|  sys_clk/inst/clk_out1 | sigma/sigma_tile/riscv/gensticky_genpsticky_glbl_regfile[16][31]_i_1_n_0           | sigma/sigma_tile/sfr/SR[0]_repN                                              |                2 |              2 |         1.00 |
|  sys_clk/inst/clk_out1 | sigma/sigma_tile/riscv/gensticky_genpsticky_glbl_regfile[16][31]_i_1_n_0           | sigma/sigma_tile/sfr/SR[0]_repN_11                                           |                1 |              2 |         2.00 |
|  sys_clk/inst/clk_out1 | sigma/sigma_tile/riscv/gensticky_genpsticky_glbl_regfile[16][31]_i_1_n_0           | sigma/sigma_tile/sfr/SR[0]_repN_9                                            |                2 |              2 |         1.00 |
|  sys_clk/inst/clk_out1 | sigma/sigma_tile/riscv/gensticky_genpsticky_glbl_regfile[30][31]_i_1_n_0           | sigma/sigma_tile/sfr/SR[0]_repN_11                                           |                1 |              2 |         2.00 |
|  sys_clk/inst/clk_out1 | sigma/sigma_tile/riscv/gensticky_genpsticky_glbl_regfile[14][31]_i_1_n_0           | sigma/sigma_tile/sfr/SR[0]_repN_11                                           |                1 |              2 |         2.00 |
|  sys_clk/inst/clk_out1 | sigma/sigma_tile/riscv/gensticky_genpsticky_glbl_regfile[28][31]_i_1_n_0           | sigma/sigma_tile/sfr/SR[0]_repN_7                                            |                1 |              2 |         2.00 |
|  sys_clk/inst/clk_out1 | sigma/sigma_tile/riscv/gensticky_genpsticky_glbl_regfile[10][31]_i_1_n_0           | sigma/sigma_tile/sfr/SR[0]_repN_11                                           |                1 |              2 |         2.00 |
|  sys_clk/inst/clk_out1 | sigma/sigma_tile/riscv/gensticky_genpsticky_glbl_regfile[6][31]_i_1_n_0            | sigma/sigma_tile/sfr/SR[0]_repN                                              |                2 |              2 |         1.00 |
|  sys_clk/inst/clk_out1 | sigma/sigma_tile/riscv/gensticky_genpsticky_glbl_regfile[14][31]_i_1_n_0           | sigma/sigma_tile/sfr/SR[0]_repN_5                                            |                1 |              2 |         2.00 |
|  sys_clk/inst/clk_out1 | sigma/sigma_tile/riscv/gensticky_genpsticky_glbl_regfile[6][31]_i_1_n_0            | sigma/sigma_tile/sfr/SR[0]_repN_11                                           |                1 |              2 |         2.00 |
|  sys_clk/inst/clk_out1 | sigma/sigma_tile/riscv/gensticky_genpsticky_glbl_regfile[6][31]_i_1_n_0            | sigma/sigma_tile/sfr/SR[0]_repN_9                                            |                2 |              2 |         1.00 |
|  sys_clk/inst/clk_out1 | sigma/sigma_tile/riscv/gensticky_genpsticky_glbl_regfile[24][31]_i_1_n_0           | sigma/sigma_tile/sfr/SR[0]_repN_11                                           |                1 |              2 |         2.00 |
|  sys_clk/inst/clk_out1 | sigma/sigma_tile/riscv/gensticky_genpsticky_glbl_regfile[29][31]_i_1_n_0           | sigma/sigma_tile/sfr/SR[0]_repN                                              |                1 |              2 |         2.00 |
|  sys_clk/inst/clk_out1 | sigma/sigma_tile/riscv/gensticky_genpsticky_glbl_regfile[24][31]_i_1_n_0           | sigma/sigma_tile/sfr/SR[0]_repN_9                                            |                2 |              2 |         1.00 |
|  sys_clk/inst/clk_out1 | sigma/sigma_tile/riscv/gensticky_genpsticky_glbl_regfile[22][31]_i_1_n_0           | sigma/sigma_tile/sfr/SR[0]_repN_9                                            |                2 |              2 |         1.00 |
|  sys_clk/inst/clk_out1 | sigma/sigma_tile/riscv/gensticky_genpsticky_glbl_regfile[8][31]_i_1_n_0            | sigma/sigma_tile/sfr/SR[0]_repN_11                                           |                1 |              2 |         2.00 |
|  sys_clk/inst/clk_out1 | sigma/sigma_tile/riscv/gensticky_genpsticky_glbl_regfile[22][31]_i_1_n_0           | sigma/sigma_tile/sfr/SR[0]_repN_11                                           |                2 |              2 |         1.00 |
|  sys_clk/inst/clk_out1 | sigma/sigma_tile/riscv/gensticky_genpsticky_glbl_regfile[11][31]_i_1_n_0           | sigma/sigma_tile/sfr/SR[0]_repN_5                                            |                1 |              2 |         2.00 |
|  sys_clk/inst/clk_out1 | sigma/sigma_tile/riscv/gensticky_genpsticky_glbl_regfile[2][31]_i_1_n_0            | sigma/sigma_tile/sfr/SR[0]_repN                                              |                2 |              2 |         1.00 |
|  sys_clk/inst/clk_out1 | sigma/sigma_tile/riscv/gensticky_genpsticky_glbl_regfile[17][31]_i_1_n_0           | sigma/sigma_tile/sfr/SR[0]_repN_11                                           |                1 |              2 |         2.00 |
|  sys_clk/inst/clk_out1 | sigma/sigma_tile/riscv/gensticky_genpsticky_glbl_regfile[19][31]_i_1_n_0           | sigma/sigma_tile/sfr/SR[0]_repN_11                                           |                1 |              2 |         2.00 |
|  sys_clk/inst/clk_out1 | sigma/sigma_tile/riscv/gensticky_genpsticky_glbl_regfile[26][31]_i_1_n_0           | sigma/sigma_tile/sfr/SR[0]_repN_9                                            |                2 |              2 |         1.00 |
|  sys_clk/inst/clk_out1 | sigma/sigma_tile/riscv/gensticky_genpsticky_glbl_regfile[18][31]_i_1_n_0           | sigma/sigma_tile/sfr/SR[0]_repN_9                                            |                2 |              2 |         1.00 |
|  sys_clk/inst/clk_out1 | sigma/sigma_tile/riscv/gensticky_genpsticky_glbl_regfile[18][31]_i_1_n_0           | sigma/sigma_tile/sfr/SR[0]_repN_11                                           |                1 |              2 |         2.00 |
|  sys_clk/inst/clk_out1 | sigma/sigma_tile/riscv/gensticky_genpsticky_glbl_regfile[23][31]_i_1_n_0           | sigma/sigma_tile/sfr/SR[0]_repN                                              |                1 |              2 |         2.00 |
|  sys_clk/inst/clk_out1 | sigma/sigma_tile/riscv/gensticky_genpsticky_glbl_regfile[23][31]_i_1_n_0           | sigma/sigma_tile/sfr/SR[0]_repN_11                                           |                1 |              2 |         2.00 |
|  sys_clk/inst/clk_out1 | sigma/sigma_tile/riscv/gensticky_genpsticky_glbl_regfile[1][31]_i_1_n_0            | sigma/sigma_tile/sfr/SR[0]_repN_8                                            |                1 |              3 |         3.00 |
|  sys_clk/inst/clk_out1 | sigma/sigma_tile/riscv/gensticky_genpsticky_glbl_regfile[18][31]_i_1_n_0           | sigma/sigma_tile/sfr/SR[0]_repN_8                                            |                2 |              3 |         1.50 |
|  sys_clk/inst/clk_out1 | sigma/sigma_tile/riscv/gensticky_genpsticky_glbl_regfile[13][31]_i_1_n_0           | sigma/sigma_tile/sfr/SR[0]_repN_5                                            |                1 |              3 |         3.00 |
|  sys_clk/inst/clk_out1 | sigma/sigma_tile/riscv/gensticky_genpsticky_glbl_regfile[13][31]_i_1_n_0           | sigma/sigma_tile/sfr/SR[0]_repN_7                                            |                2 |              3 |         1.50 |
|  sys_clk/inst/clk_out1 | sigma/sigma_tile/riscv/gensticky_genpsticky_glbl_regfile[24][31]_i_1_n_0           | sigma/sigma_tile/sfr/SR[0]_repN_10                                           |                2 |              3 |         1.50 |
|  sys_clk/inst/clk_out1 | sigma/sigma_tile/riscv/gensticky_genpsticky_glbl_regfile[19][31]_i_1_n_0           | sigma/sigma_tile/sfr/SR[0]_repN_8                                            |                2 |              3 |         1.50 |
|  sys_clk/inst/clk_out1 | sigma/sigma_tile/riscv/gensticky_genpsticky_glbl_regfile[26][31]_i_1_n_0           | sigma/sigma_tile/sfr/SR[0]_repN_10                                           |                2 |              3 |         1.50 |
|  sys_clk/inst/clk_out1 |                                                                                    | sigma/sigma_tile/sfr/SR[0]_repN_8                                            |                2 |              3 |         1.50 |
|  sys_clk/inst/clk_out1 | sigma/sigma_tile/riscv/gensticky_genpsticky_glbl_regfile[15][31]_i_1_n_0           | sigma/sigma_tile/sfr/SR[0]_repN_5                                            |                1 |              3 |         3.00 |
|  sys_clk/inst/clk_out1 | sigma/sigma_tile/riscv/gensticky_genpsticky_glbl_regfile[4][31]_i_1_n_0            | sigma/sigma_tile/sfr/SR[0]_repN_6                                            |                2 |              3 |         1.50 |
|  sys_clk/inst/clk_out1 | sigma/sigma_tile/riscv/gensticky_genpsticky_glbl_regfile[6][31]_i_1_n_0            | sigma/sigma_tile/sfr/SR[0]_repN_8                                            |                2 |              3 |         1.50 |
|  sys_clk/inst/clk_out1 | sigma/sigma_tile/riscv/gensticky_genpsticky_glbl_regfile[9][31]_i_1_n_0            | sigma/sigma_tile/sfr/SR[0]_repN_5                                            |                1 |              3 |         3.00 |
|  sys_clk/inst/clk_out1 | sigma/sigma_tile/riscv/gensticky_genpsticky_glbl_regfile[25][31]_i_1_n_0           | sigma/sigma_tile/sfr/SR[0]_repN_10                                           |                2 |              3 |         1.50 |
|  sys_clk/inst/clk_out1 | sigma/sigma_tile/riscv/gensticky_genpsticky_glbl_regfile[22][31]_i_1_n_0           | sigma/sigma_tile/sfr/SR[0]_repN_8                                            |                2 |              3 |         1.50 |
|  sys_clk/inst/clk_out1 | sigma/sigma_tile/riscv/gensticky_genpsticky_glbl_regfile[28][31]_i_1_n_0           | sigma/sigma_tile/sfr/SR[0]_repN_5                                            |                3 |              3 |         1.00 |
|  sys_clk/inst/clk_out1 | sigma/sigma_tile/riscv/gensticky_genpsticky_glbl_regfile[12][31]_i_1_n_0           | sigma/sigma_tile/sfr/SR[0]_repN_11                                           |                2 |              3 |         1.50 |
|  sys_clk/inst/clk_out1 | sigma/sigma_tile/riscv/gensticky_genpsticky_glbl_regfile[2][31]_i_1_n_0            | sigma/sigma_tile/sfr/SR[0]_repN_5                                            |                2 |              3 |         1.50 |
|  sys_clk/inst/clk_out1 | sigma/sigma_tile/riscv/gensticky_genpsticky_glbl_regfile[12][31]_i_1_n_0           | sigma/sigma_tile/sfr/SR[0]_repN_5                                            |                1 |              3 |         3.00 |
|  sys_clk/inst/clk_out1 | sigma/sigma_tile/riscv/gensticky_genpsticky_glbl_regfile[3][31]_i_1_n_0            | sigma/sigma_tile/sfr/SR[0]_repN_11                                           |                2 |              3 |         1.50 |
|  sys_clk/inst/clk_out1 | sigma/sigma_tile/riscv/gensticky_genpsticky_glbl_regfile[17][31]_i_1_n_0           | sigma/sigma_tile/sfr/SR[0]_repN_9                                            |                3 |              3 |         1.00 |
|  sys_clk/inst/clk_out1 | sigma/sigma_tile/riscv/gensticky_genpsticky_glbl_regfile[10][31]_i_1_n_0           | sigma/sigma_tile/sfr/SR[0]_repN_5                                            |                1 |              3 |         3.00 |
|  sys_clk/inst/clk_out1 | sigma/sigma_tile/riscv/gensticky_genpsticky_glbl_regfile[30][31]_i_1_n_0           | sigma/sigma_tile/sfr/SR[0]_repN_9                                            |                3 |              3 |         1.00 |
|  sys_clk/inst/clk_out1 | sigma/sigma_tile/riscv/gensticky_genpsticky_glbl_regfile[12][31]_i_1_n_0           | sigma/sigma_tile/sfr/SR[0]_repN_7                                            |                1 |              3 |         3.00 |
|  sys_clk/inst/clk_out1 | sigma/sigma_tile/riscv/gensticky_genpsticky_glbl_regfile[27][31]_i_1_n_0           | sigma/sigma_tile/sfr/SR[0]_repN_10                                           |                3 |              3 |         1.00 |
|  sys_clk/inst/clk_out1 | sigma/sigma_tile/riscv/gensticky_genpsticky_glbl_regfile[27][31]_i_1_n_0           | sigma/sigma_tile/sfr/SR[0]_repN_9                                            |                2 |              3 |         1.50 |
|  sys_clk/inst/clk_out1 | sigma/sigma_tile/riscv/genpsticky_glbl_regfile                                     | sigma/sigma_tile/sfr/SR[0]_repN_5                                            |                3 |              3 |         1.00 |
|  sys_clk/inst/clk_out1 | sigma/sigma_tile/riscv/gensticky_genpsticky_glbl_regfile[29][31]_i_1_n_0           | sigma/sigma_tile/sfr/SR[0]_repN_10                                           |                2 |              4 |         2.00 |
|  sys_clk/inst/clk_out1 | sigma/sigma_tile/riscv/gensticky_genpsticky_glbl_regfile[2][31]_i_1_n_0            | sigma/sigma_tile/sfr/SR[0]_repN_10                                           |                2 |              4 |         2.00 |
|  sys_clk/inst/clk_out1 | sigma/sigma_tile/riscv/gensticky_genpsticky_glbl_regfile[26][31]_i_1_n_0           | sigma/sigma_tile/sfr/SR[0]_repN_5                                            |                2 |              4 |         2.00 |
|  sys_clk/inst/clk_out1 | sigma/sigma_tile/riscv/gensticky_genpsticky_glbl_regfile[4][31]_i_1_n_0            | sigma/sigma_tile/sfr/SR[0]_repN_5                                            |                3 |              4 |         1.33 |
|  sys_clk/inst/clk_out1 | sigma/sigma_tile/riscv/gensticky_genpsticky_glbl_regfile[4][31]_i_1_n_0            | sigma/sigma_tile/sfr/SR[0]_repN_9                                            |                4 |              4 |         1.00 |
|  sys_clk/inst/clk_out1 | sigma/sigma_tile/riscv/gensticky_genpsticky_glbl_regfile[19][31]_i_1_n_0           | sigma/sigma_tile/sfr/SR[0]_repN_10                                           |                2 |              4 |         2.00 |
|  sys_clk/inst/clk_out1 |                                                                                    | sigma/reset_sync/pss_arst                                                    |                2 |              4 |         2.00 |
|  sys_clk/inst/clk_out1 | sigma/sigma_tile/riscv/gensticky_genpsticky_glbl_regfile[15][31]_i_1_n_0           | sigma/sigma_tile/sfr/SR[0]_repN_7                                            |                1 |              4 |         4.00 |
|  sys_clk/inst/clk_out1 | sigma/udm/uart_rx/FSM_sequential_state[3]_i_1_n_0                                  | sigma/reset_sync/Q[0]                                                        |                1 |              4 |         4.00 |
|  sys_clk/inst/clk_out1 | sigma/sigma_tile/riscv/gensticky_genpsticky_glbl_regfile[24][31]_i_1_n_0           | sigma/sigma_tile/sfr/SR[0]_repN_5                                            |                2 |              4 |         2.00 |
|  sys_clk/inst/clk_out1 | sigma/sigma_tile/riscv/gensticky_genpsticky_glbl_regfile[19][31]_i_1_n_0           | sigma/sigma_tile/sfr/SR[0]_repN_9                                            |                3 |              4 |         1.33 |
|  sys_clk/inst/clk_out1 | sigma/sigma_tile/riscv/gensticky_genpsticky_glbl_regfile[8][31]_i_1_n_0            | sigma/sigma_tile/sfr/SR[0]_repN_10                                           |                2 |              4 |         2.00 |
|  sys_clk/inst/clk_out1 | sigma/sigma_tile/riscv/gensticky_genpsticky_glbl_regfile[8][31]_i_1_n_0            | sigma/sigma_tile/sfr/SR[0]_repN_9                                            |                4 |              4 |         1.00 |
|  sys_clk/inst/clk_out1 | sigma/sigma_tile/riscv/gensticky_genpsticky_glbl_regfile[21][31]_i_1_n_0           | sigma/sigma_tile/sfr/SR[0]_repN_8                                            |                1 |              4 |         4.00 |
|  sys_clk/inst/clk_out1 | sigma/sigma_tile/riscv/gensticky_genpsticky_glbl_regfile[30][31]_i_1_n_0           | sigma/sigma_tile/sfr/SR[0]_repN_5                                            |                2 |              4 |         2.00 |
|  sys_clk/inst/clk_out1 | sigma/sigma_tile/riscv/gensticky_genpsticky_glbl_regfile[19][31]_i_1_n_0           | sigma/sigma_tile/sfr/SR[0]_repN_6                                            |                2 |              4 |         2.00 |
|  sys_clk/inst/clk_out1 | sigma/sigma_tile/riscv/gensticky_genpsticky_glbl_regfile[17][31]_i_1_n_0           | sigma/sigma_tile/sfr/SR[0]_repN_8                                            |                1 |              4 |         4.00 |
|  sys_clk/inst/clk_out1 | sigma/sigma_tile/riscv/gensticky_genpsticky_glbl_regfile[23][31]_i_1_n_0           | sigma/sigma_tile/sfr/SR[0]_repN_5                                            |                3 |              4 |         1.33 |
|  sys_clk/inst/clk_out1 | sigma/sigma_tile/riscv/gensticky_genpsticky_glbl_regfile[27][31]_i_1_n_0           | sigma/sigma_tile/sfr/SR[0]_repN_5                                            |                2 |              4 |         2.00 |
|  sys_clk/inst/clk_out1 | sigma/sigma_tile/riscv/gensticky_genpsticky_glbl_regfile[8][31]_i_1_n_0            | sigma/sigma_tile/sfr/SR[0]_repN_5                                            |                2 |              4 |         2.00 |
|  sys_clk/inst/clk_out1 | sigma/sigma_tile/riscv/gensticky_genpsticky_glbl_regfile[27][31]_i_1_n_0           | sigma/sigma_tile/sfr/SR[0]_repN_11                                           |                3 |              4 |         1.33 |
|  sys_clk/inst/clk_out1 | sigma/sigma_tile/riscv/gensticky_genpsticky_glbl_regfile[28][31]_i_1_n_0           | sigma/sigma_tile/sfr/SR[0]_repN_9                                            |                4 |              4 |         1.00 |
|  sys_clk/inst/clk_out1 | sigma/sigma_tile/riscv/gensticky_genpsticky_glbl_regfile[29][31]_i_1_n_0           | sigma/sigma_tile/sfr/SR[0]_repN_5                                            |                2 |              4 |         2.00 |
|  sys_clk/inst/clk_out1 | sigma/sigma_tile/riscv/gensticky_genpstage_MEMWB_alu_result_genglbl_reg[5]_1[0]    | sigma/reset_sync/cpu_reset                                                   |                1 |              4 |         4.00 |
|  sys_clk/inst/clk_out1 | sigma/sigma_tile/riscv/gensticky_genpsticky_glbl_regfile[5][31]_i_1_n_0            | sigma/sigma_tile/sfr/SR[0]_repN_8                                            |                1 |              4 |         4.00 |
|  sys_clk/inst/clk_out1 | sigma/sigma_tile/riscv/genpstage_MEMWB_genpctrl_stalled_glbl135_out                | sigma/sigma_tile/sfr/SR[0]_repN_10                                           |                2 |              4 |         2.00 |
|  sys_clk/inst/clk_out1 | sigma/sigma_tile/riscv/gensticky_genpsticky_glbl_regfile[14][31]_i_1_n_0           | sigma/sigma_tile/sfr/SR[0]_repN_7                                            |                1 |              4 |         4.00 |
|  sys_clk/inst/clk_out1 | sigma/Sobel_my/Array2Mat_U0/E[0]                                                   | sigma/reset_sync/Q[0]                                                        |                1 |              4 |         4.00 |
|  sys_clk/inst/clk_out1 | sigma/Sobel_my/Mat2Array_U0/ap_CS_fsm_state2                                       |                                                                              |                1 |              4 |         4.00 |
|  sys_clk/inst/clk_out1 | sigma/Sobel_my/Mat2Array_U0/ap_CS_fsm_state3                                       |                                                                              |                1 |              4 |         4.00 |
|  sys_clk/inst/clk_out1 | sigma/Sobel_my/Mat2Array_U0/ap_CS_fsm_state5                                       | sigma/Sobel_my/Mat2Array_U0/t_V_reg_97                                       |                1 |              4 |         4.00 |
|  sys_clk/inst/clk_out1 | sigma/Sobel_my/Mat2Array_U0/testmem_xif1_we_out                                    | sigma/Sobel_my/Mat2Array_U0/t_V_1_reg_108                                    |                1 |              4 |         4.00 |
|  sys_clk/inst/clk_out1 | sigma/sigma_tile/riscv/gensticky_genpsticky_glbl_regfile[7][31]_i_1_n_0            | sigma/sigma_tile/sfr/SR[0]_repN_5                                            |                3 |              5 |         1.67 |
|  sys_clk/inst/clk_out1 | sigma/sigma_tile/riscv/gensticky_genpsticky_glbl_regfile[9][31]_i_1_n_0            | sigma/sigma_tile/sfr/SR[0]_repN_9                                            |                5 |              5 |         1.00 |
|  sys_clk/inst/clk_out1 | sigma/sigma_tile/riscv/gensticky_genpsticky_glbl_regfile[6][31]_i_1_n_0            | sigma/sigma_tile/sfr/SR[0]_repN_5                                            |                3 |              5 |         1.67 |
|  sys_clk/inst/clk_out1 | sigma/sigma_tile/riscv/gensticky_genpsticky_glbl_regfile[17][31]_i_1_n_0           | sigma/sigma_tile/sfr/SR[0]_repN_5                                            |                3 |              5 |         1.67 |
|  sys_clk/inst/clk_out1 | sigma/sigma_tile/riscv/gensticky_genpsticky_glbl_regfile[13][31]_i_1_n_0           | sigma/sigma_tile/sfr/SR[0]_repN_11                                           |                1 |              5 |         5.00 |
|  sys_clk/inst/clk_out1 | sigma/sigma_tile/riscv/gensticky_genpsticky_glbl_regfile[19][31]_i_1_n_0           | sigma/sigma_tile/sfr/SR[0]_repN_5                                            |                2 |              5 |         2.50 |
|  sys_clk/inst/clk_out1 | sigma/sigma_tile/riscv/gensticky_genpsticky_glbl_regfile[23][31]_i_1_n_0           | sigma/sigma_tile/sfr/SR[0]_repN_6                                            |                2 |              5 |         2.50 |
|  sys_clk/inst/clk_out1 | sigma/sigma_tile/riscv/gensticky_genpsticky_glbl_regfile[21][31]_i_1_n_0           | sigma/sigma_tile/sfr/SR[0]_repN_5                                            |                4 |              5 |         1.25 |
|  sys_clk/inst/clk_out1 | sigma/sigma_tile/riscv/gensticky_genpsticky_glbl_regfile[16][31]_i_1_n_0           | sigma/sigma_tile/sfr/SR[0]_repN_8                                            |                1 |              5 |         5.00 |
|  sys_clk/inst/clk_out1 | sigma/sigma_tile/riscv/gensticky_genpsticky_glbl_regfile[25][31]_i_1_n_0           | sigma/sigma_tile/sfr/SR[0]_repN_5                                            |                4 |              5 |         1.25 |
|  sys_clk/inst/clk_out1 | sigma/sigma_tile/riscv/gensticky_genpsticky_glbl_regfile[16][31]_i_1_n_0           | sigma/sigma_tile/sfr/SR[0]_repN_5                                            |                4 |              5 |         1.25 |
|  sys_clk/inst/clk_out1 | sigma/sigma_tile/riscv/gensticky_genpsticky_glbl_regfile[20][31]_i_1_n_0           | sigma/sigma_tile/sfr/SR[0]_repN_5                                            |                3 |              5 |         1.67 |
|  sys_clk/inst/clk_out1 | sigma/sigma_tile/riscv/gensticky_genpsticky_glbl_regfile[20][31]_i_1_n_0           | sigma/sigma_tile/sfr/SR[0]_repN_8                                            |                1 |              5 |         5.00 |
|  sys_clk/inst/clk_out1 | sigma/sigma_tile/riscv/bus_we_o_reg_0                                              | sigma/sigma_tile/riscv/bus_addr_bo_reg[1]_0                                  |                2 |              5 |         2.50 |
|  sys_clk/inst/clk_out1 | sigma/sigma_tile/riscv/gensticky_genpsticky_glbl_regfile[15][31]_i_1_n_0           | sigma/sigma_tile/sfr/SR[0]_repN_9                                            |                5 |              5 |         1.00 |
|  sys_clk/inst/clk_out1 | sigma/sigma_tile/riscv/gensticky_genpsticky_glbl_regfile[11][31]_i_1_n_0           | sigma/sigma_tile/sfr/SR[0]_repN_10                                           |                2 |              5 |         2.50 |
|  sys_clk/inst/clk_out1 | sigma/sigma_tile/riscv/gensticky_genpsticky_glbl_regfile[14][31]_i_1_n_0           | sigma/sigma_tile/sfr/SR[0]_repN_9                                            |                5 |              5 |         1.00 |
|  sys_clk/inst/clk_out1 | sigma/sigma_tile/riscv/gensticky_genpsticky_glbl_regfile[11][31]_i_1_n_0           | sigma/sigma_tile/sfr/SR[0]_repN_9                                            |                4 |              5 |         1.25 |
|  sys_clk/inst/clk_out1 | sigma/sigma_tile/riscv/gensticky_genpsticky_glbl_regfile[28][31]_i_1_n_0           | sigma/sigma_tile/sfr/SR[0]_repN_8                                            |                3 |              5 |         1.67 |
|  sys_clk/inst/clk_out1 | sigma/sigma_tile/riscv/gensticky_genpsticky_glbl_regfile[12][31]_i_1_n_0           | sigma/sigma_tile/sfr/SR[0]_repN_9                                            |                4 |              5 |         1.25 |
|  sys_clk/inst/clk_out1 | sigma/sigma_tile/riscv/gensticky_genpsticky_glbl_regfile[10][31]_i_1_n_0           | sigma/sigma_tile/sfr/SR[0]_repN_9                                            |                4 |              5 |         1.25 |
|  sys_clk/inst/clk_out1 | sigma/sigma_tile/riscv/gensticky_genpsticky_glbl_regfile[2][31]_i_1_n_0            | sigma/sigma_tile/sfr/SR[0]_repN_9                                            |                3 |              5 |         1.67 |
|  sys_clk/inst/clk_out1 | sigma/sigma_tile/riscv/gensticky_genpsticky_glbl_regfile[29][31]_i_1_n_0           | sigma/sigma_tile/sfr/SR[0]_repN_9                                            |                3 |              5 |         1.67 |
|  sys_clk/inst/clk_out1 | sigma/sigma_tile/riscv/gensticky_genpsticky_glbl_regfile[3][31]_i_1_n_0            | sigma/sigma_tile/sfr/SR[0]_repN_5                                            |                3 |              5 |         1.67 |
|  sys_clk/inst/clk_out1 | sigma/sigma_tile/riscv/gensticky_genpsticky_glbl_regfile[3][31]_i_1_n_0            | sigma/sigma_tile/sfr/SR[0]_repN_10                                           |                1 |              5 |         5.00 |
|  sys_clk/inst/clk_out1 | sigma/sigma_tile/riscv/gensticky_genpsticky_glbl_regfile[8][31]_i_1_n_0            | sigma/sigma_tile/sfr/SR[0]_repN_6                                            |                3 |              5 |         1.67 |
|  sys_clk/inst/clk_out1 | sigma/sigma_tile/riscv/gensticky_genpsticky_glbl_regfile[22][31]_i_1_n_0           | sigma/sigma_tile/sfr/SR[0]_repN_5                                            |                5 |              5 |         1.00 |
|  sys_clk/inst/clk_out1 | sigma/sigma_tile/riscv/gensticky_genpsticky_glbl_regfile[22][31]_i_1_n_0           | sigma/sigma_tile/sfr/SR[0]_repN_6                                            |                4 |              5 |         1.25 |
|  sys_clk/inst/clk_out1 | sigma/sigma_tile/riscv/gensticky_genpsticky_glbl_regfile[22][31]_i_1_n_0           | sigma/sigma_tile/sfr/SR[0]_repN_10                                           |                3 |              5 |         1.67 |
|  sys_clk/inst/clk_out1 | sigma/sigma_tile/riscv/gensticky_genpsticky_glbl_regfile[25][31]_i_1_n_0           | sigma/sigma_tile/sfr/SR[0]_repN_8                                            |                2 |              6 |         3.00 |
|  sys_clk/inst/clk_out1 | sigma/sigma_tile/riscv/gensticky_genpsticky_glbl_regfile[5][31]_i_1_n_0            | sigma/sigma_tile/sfr/SR[0]_repN_5                                            |                3 |              6 |         2.00 |
|  sys_clk/inst/clk_out1 | sigma/sigma_tile/riscv/genpsticky_glbl_regfile                                     | sigma/sigma_tile/sfr/SR[0]_repN_11                                           |                3 |              6 |         2.00 |
|  sys_clk/inst/clk_out1 | sigma/sigma_tile/riscv/genpsticky_glbl_regfile                                     | sigma/sigma_tile/sfr/SR[0]_repN_9                                            |                6 |              6 |         1.00 |
|  sys_clk/inst/clk_out1 | sigma/sigma_tile/riscv/gensticky_genpsticky_glbl_regfile[9][31]_i_1_n_0            | sigma/sigma_tile/sfr/SR[0]_repN_10                                           |                3 |              6 |         2.00 |
|  sys_clk/inst/clk_out1 | sigma/sigma_tile/riscv/gensticky_genpsticky_glbl_regfile[18][31]_i_1_n_0           | sigma/sigma_tile/sfr/SR[0]_repN_5                                            |                4 |              6 |         1.50 |
|  sys_clk/inst/clk_out1 | sigma/sigma_tile/riscv/gensticky_genpsticky_glbl_regfile[1][31]_i_1_n_0            | sigma/sigma_tile/sfr/SR[0]_repN_5                                            |                2 |              6 |         3.00 |
|  sys_clk/inst/clk_out1 | sigma/sigma_tile/riscv/genpstage_EXEC_genpctrl_stalled_glbl139_out                 | sigma/sigma_tile/sfr/SR[0]_repN_6                                            |                5 |              6 |         1.20 |
|  sys_clk/inst/clk_out1 | sigma/sigma_tile/riscv/gensticky_genpsticky_glbl_regfile[29][31]_i_1_n_0           | sigma/sigma_tile/sfr/SR[0]_repN_8                                            |                2 |              6 |         3.00 |
|  sys_clk/inst/clk_out1 | sigma/sigma_tile/riscv/gensticky_genpsticky_glbl_regfile[10][31]_i_1_n_0           | sigma/sigma_tile/sfr/SR[0]_repN_7                                            |                2 |              6 |         3.00 |
|  sys_clk/inst/clk_out1 |                                                                                    | sigma/sigma_tile/sfr/SR[0]_repN_9                                            |                5 |              6 |         1.20 |
|  sys_clk/inst/clk_out1 | sigma/Sobel_my/Array2Mat_U0/p_1_in2_in                                             |                                                                              |                2 |              6 |         3.00 |
|  sys_clk/inst/clk_out1 | sigma/sigma_tile/riscv/gensticky_genpsticky_glbl_regfile[30][31]_i_1_n_0           | sigma/sigma_tile/sfr/SR[0]_repN_10                                           |                3 |              6 |         2.00 |
|  sys_clk/inst/clk_out1 | sigma/sigma_tile/riscv/gensticky_genpsticky_glbl_regfile[8][31]_i_1_n_0            | sigma/sigma_tile/sfr/SR[0]_repN_7                                            |                2 |              6 |         3.00 |
|  sys_clk/inst/clk_out1 | sigma/sigma_tile/riscv/gensticky_genpsticky_glbl_regfile[25][31]_i_1_n_0           | sigma/sigma_tile/sfr/SR[0]_repN_6                                            |                3 |              6 |         2.00 |
|  sys_clk/inst/clk_out1 | sigma/sigma_tile/riscv/gensticky_genpsticky_glbl_regfile[30][31]_i_1_n_0           | sigma/sigma_tile/sfr/SR[0]_repN_7                                            |                4 |              6 |         1.50 |
|  sys_clk/inst/clk_out1 | sigma/sigma_tile/riscv/gensticky_genpsticky_glbl_regfile[24][31]_i_1_n_0           | sigma/sigma_tile/sfr/SR[0]_repN_7                                            |                2 |              6 |         3.00 |
|  sys_clk/inst/clk_out1 | sigma/sigma_tile/riscv/gensticky_genpsticky_glbl_regfile[8][31]_i_1_n_0            | sigma/sigma_tile/sfr/SR[0]_repN_8                                            |                4 |              6 |         1.50 |
|  sys_clk/inst/clk_out1 | sigma/sigma_tile/riscv/gensticky_genpsticky_glbl_regfile[7][31]_i_1_n_0            | sigma/sigma_tile/sfr/SR[0]_repN_10                                           |                2 |              6 |         3.00 |
|  sys_clk/inst/clk_out1 | sigma/udm/udm_controller/reset_syncbuf_reg[0]                                      | sigma/reset_sync/reset_syncbuf_reg[0]_0                                      |                2 |              6 |         3.00 |
|  sys_clk/inst/clk_out1 | sigma/sigma_tile/riscv/gensticky_genpsticky_glbl_regfile[23][31]_i_1_n_0           | sigma/sigma_tile/sfr/SR[0]_repN_10                                           |                2 |              6 |         3.00 |
|  sys_clk/inst/clk_out1 | sigma/sigma_tile/riscv/gensticky_genpsticky_glbl_regfile[23][31]_i_1_n_0           | sigma/sigma_tile/sfr/SR[0]_repN_9                                            |                3 |              6 |         2.00 |
|  sys_clk/inst/clk_out1 | sigma/sigma_tile/riscv/gensticky_genpsticky_glbl_regfile[26][31]_i_1_n_0           | sigma/sigma_tile/sfr/SR[0]_repN_6                                            |                3 |              6 |         2.00 |
|  sys_clk/inst/clk_out1 | sigma/sigma_tile/riscv/gensticky_genpsticky_glbl_regfile[13][31]_i_1_n_0           | sigma/sigma_tile/sfr/SR[0]_repN_10                                           |                2 |              6 |         3.00 |
|  sys_clk/inst/clk_out1 | sigma/sigma_tile/riscv/gensticky_genpsticky_glbl_regfile[24][31]_i_1_n_0           | sigma/sigma_tile/sfr/SR[0]_repN_8                                            |                2 |              7 |         3.50 |
|  sys_clk/inst/clk_out1 | sigma/sigma_tile/riscv/gensticky_genpsticky_glbl_regfile[28][31]_i_1_n_0           | sigma/sigma_tile/sfr/SR[0]_repN_11                                           |                3 |              7 |         2.33 |
|  sys_clk/inst/clk_out1 | sigma/sigma_tile/riscv/gensticky_genpsticky_glbl_regfile[11][31]_i_1_n_0           | sigma/sigma_tile/sfr/SR[0]_repN_8                                            |                4 |              7 |         1.75 |
|  sys_clk/inst/clk_out1 | sigma/sigma_tile/riscv/gensticky_genpsticky_glbl_regfile[26][31]_i_1_n_0           | sigma/sigma_tile/sfr/SR[0]_repN_7                                            |                2 |              7 |         3.50 |
|  sys_clk/inst/clk_out1 | sigma/sigma_tile/riscv/gensticky_genpsticky_glbl_regfile[6][31]_i_1_n_0            | sigma/sigma_tile/sfr/SR[0]_repN_6                                            |                3 |              7 |         2.33 |
|  sys_clk/inst/clk_out1 |                                                                                    | sigma/sigma_tile/sfr/SR[0]_repN                                              |                3 |              7 |         2.33 |
|  sys_clk/inst/clk_out1 | sigma/sigma_tile/riscv/gensticky_genpsticky_glbl_regfile[26][31]_i_1_n_0           | sigma/sigma_tile/sfr/SR[0]_repN_8                                            |                4 |              7 |         1.75 |
|  sys_clk/inst/clk_out1 | sigma/sigma_tile/riscv/gensticky_genpsticky_glbl_regfile[23][31]_i_1_n_0           | sigma/sigma_tile/sfr/SR[0]_repN_7                                            |                3 |              7 |         2.33 |
|  sys_clk/inst/clk_out1 | sigma/sigma_tile/riscv/gensticky_genpsticky_glbl_regfile[13][31]_i_1_n_0           | sigma/sigma_tile/sfr/SR[0]_repN_9                                            |                4 |              7 |         1.75 |
|  sys_clk/inst/clk_out1 | sigma/sigma_tile/riscv/gensticky_genpsticky_glbl_regfile[24][31]_i_1_n_0           | sigma/sigma_tile/sfr/SR[0]_repN_6                                            |                5 |              7 |         1.40 |
|  sys_clk/inst/clk_out1 | sigma/sigma_tile/riscv/gensticky_genpsticky_glbl_regfile[13][31]_i_1_n_0           | sigma/sigma_tile/sfr/SR[0]_repN_8                                            |                4 |              7 |         1.75 |
|  sys_clk/inst/clk_out1 | sigma/sigma_tile/riscv/gensticky_genpsticky_glbl_regfile[5][31]_i_1_n_0            | sigma/sigma_tile/sfr/SR[0]_repN_6                                            |                3 |              7 |         2.33 |
|  sys_clk/inst/clk_out1 | sigma/sigma_tile/riscv/gensticky_genpsticky_glbl_regfile[10][31]_i_1_n_0           | sigma/sigma_tile/sfr/SR[0]_repN_10                                           |                3 |              7 |         2.33 |
|  sys_clk/inst/clk_out1 | sigma/sigma_tile/riscv/gensticky_genpsticky_glbl_regfile[4][31]_i_1_n_0            | sigma/sigma_tile/sfr/SR[0]_repN_8                                            |                3 |              7 |         2.33 |
|  sys_clk/inst/clk_out1 | sigma/udm/uart_tx/databuf                                                          | sigma/reset_sync/Q[0]                                                        |                3 |              8 |         2.67 |
|  sys_clk/inst/clk_out1 | sigma/sigma_tile/riscv/gensticky_genpsticky_glbl_regfile[1][31]_i_1_n_0            | sigma/sigma_tile/sfr/SR[0]_repN_6                                            |                4 |              8 |         2.00 |
|  sys_clk/inst/clk_out1 | sigma/sigma_tile/riscv/gensticky_genpsticky_glbl_regfile[16][31]_i_1_n_0           | sigma/sigma_tile/sfr/SR[0]_repN_7                                            |                3 |              8 |         2.67 |
|  sys_clk/inst/clk_out1 | sigma/sigma_tile/riscv/gensticky_genpsticky_glbl_regfile[12][31]_i_1_n_0           | sigma/sigma_tile/sfr/SR[0]_repN_10                                           |                4 |              8 |         2.00 |
|  sys_clk/inst/clk_out1 | sigma/sigma_tile/riscv/gensticky_genpsticky_glbl_regfile[9][31]_i_1_n_0            | sigma/sigma_tile/sfr/SR[0]_repN_7                                            |                2 |              8 |         4.00 |
|  sys_clk/inst/clk_out1 | sigma/sigma_tile/riscv/gensticky_genpsticky_glbl_regfile[21][31]_i_1_n_0           | sigma/sigma_tile/sfr/SR[0]_repN_6                                            |                4 |              8 |         2.00 |
|  sys_clk/inst/clk_out1 | sigma/sigma_tile/riscv/gensticky_genpsticky_glbl_regfile[9][31]_i_1_n_0            | sigma/sigma_tile/sfr/SR[0]_repN_8                                            |                5 |              8 |         1.60 |
|  sys_clk/inst/clk_out1 | sigma/sigma_tile/riscv/genpsticky_glbl_regfile                                     | sigma/sigma_tile/sfr/SR[0]_repN_10                                           |                2 |              8 |         4.00 |
|  sys_clk/inst/clk_out1 | sigma/sigma_tile/riscv/gensticky_genpsticky_glbl_regfile[25][31]_i_1_n_0           | sigma/sigma_tile/sfr/SR[0]_repN_7                                            |                2 |              8 |         4.00 |
|  sys_clk/inst/clk_out1 | sigma/sigma_tile/riscv/genpsticky_glbl_regfile                                     | sigma/sigma_tile/sfr/SR[0]_repN_8                                            |                3 |              8 |         2.67 |
|  sys_clk/inst/clk_out1 | sigma/sigma_tile/riscv/gensticky_genpsticky_glbl_regfile[16][31]_i_1_n_0           | sigma/sigma_tile/sfr/SR[0]_repN_6                                            |                3 |              8 |         2.67 |
|  sys_clk/inst/clk_out1 | sigma/sigma_tile/riscv/gensticky_genpsticky_glbl_regfile[10][31]_i_1_n_0           | sigma/sigma_tile/sfr/SR[0]_repN_8                                            |                4 |              8 |         2.00 |
|  sys_clk/inst/clk_out1 | sigma/sigma_tile/riscv/gensticky_genpsticky_glbl_regfile[14][31]_i_1_n_0           | sigma/sigma_tile/sfr/SR[0]_repN_10                                           |                3 |              8 |         2.67 |
|  sys_clk/inst/clk_out1 | sigma/sigma_tile/riscv/gensticky_genpsticky_glbl_regfile[15][31]_i_1_n_0           | sigma/sigma_tile/sfr/SR[0]_repN_10                                           |                2 |              8 |         4.00 |
|  sys_clk/inst/clk_out1 | sigma/sigma_tile/riscv/gensticky_genpsticky_glbl_regfile[20][31]_i_1_n_0           | sigma/sigma_tile/sfr/SR[0]_repN_6                                            |                4 |              8 |         2.00 |
|  sys_clk/inst/clk_out1 |                                                                                    | sigma/udm/uart_rx/SR[0]                                                      |                1 |              8 |         8.00 |
|  sys_clk/inst/clk_out1 |                                                                                    | sigma/sigma_tile/sfr/SR[0]_repN_6                                            |                4 |              8 |         2.00 |
|  sys_clk/inst/clk_out1 | sigma/udm/uart_rx/dout_bo[7]_i_1_n_0                                               | sigma/reset_sync/Q[0]                                                        |                3 |              8 |         2.67 |
|  sys_clk/inst/clk_out1 | sigma/udm/udm_controller/RD_DATA_reg[23]_i_1_n_0                                   | sigma/udm/udm_controller/RD_DATA_reg[31]_i_1_n_0                             |                4 |              8 |         2.00 |
|  sys_clk/inst/clk_out1 | sigma/sigma_tile/riscv/gensticky_genpsticky_glbl_regfile[17][31]_i_1_n_0           | sigma/sigma_tile/sfr/SR[0]_repN_7                                            |                4 |              8 |         2.00 |
|  sys_clk/inst/clk_out1 | sigma/udm/udm_controller/tx_sendbyte[7]_i_2_n_0                                    | sigma/udm/udm_controller/tx_sendbyte[7]_i_1_n_0                              |                2 |              8 |         4.00 |
|  sys_clk/inst/clk_out1 | sigma/udm/udm_controller/tx_sendbyte_ff[7]_i_1_n_0                                 |                                                                              |                4 |              8 |         2.00 |
|  sys_clk/inst/clk_out1 | sigma/sigma_tile/riscv/gensticky_genpsticky_glbl_regfile[18][31]_i_1_n_0           | sigma/sigma_tile/sfr/SR[0]_repN_6                                            |                5 |              9 |         1.80 |
|  sys_clk/inst/clk_out1 | sigma/sigma_tile/riscv/gensticky_genpsticky_glbl_regfile[19][31]_i_1_n_0           | sigma/sigma_tile/sfr/SR[0]_repN_7                                            |                3 |              9 |         3.00 |
|  sys_clk/inst/clk_out1 | sigma/sigma_tile/riscv/gensticky_genpsticky_glbl_regfile[20][31]_i_1_n_0           | sigma/sigma_tile/sfr/SR[0]_repN_7                                            |                5 |              9 |         1.80 |
|  sys_clk/inst/clk_out1 | sigma/sigma_tile/riscv/gensticky_genpsticky_glbl_regfile[2][31]_i_1_n_0            | sigma/sigma_tile/sfr/SR[0]_repN_8                                            |                4 |              9 |         2.25 |
|  sys_clk/inst/clk_out1 | sigma/sigma_tile/riscv/gensticky_genpsticky_glbl_regfile[2][31]_i_1_n_0            | sigma/sigma_tile/sfr/SR[0]_repN_11                                           |                6 |              9 |         1.50 |
|  sys_clk/inst/clk_out1 | sigma/sigma_tile/riscv/gensticky_genpsticky_glbl_regfile[28][31]_i_1_n_0           | sigma/sigma_tile/sfr/SR[0]_repN_10                                           |                4 |              9 |         2.25 |
|  sys_clk/inst/clk_out1 | sigma/sigma_tile/riscv/gensticky_genpsticky_glbl_regfile[22][31]_i_1_n_0           | sigma/sigma_tile/sfr/SR[0]_repN_7                                            |                3 |              9 |         3.00 |
|  sys_clk/inst/clk_out1 | sigma/sigma_tile/riscv/gensticky_genpsticky_glbl_regfile[12][31]_i_1_n_0           | sigma/sigma_tile/sfr/SR[0]_repN_8                                            |                4 |              9 |         2.25 |
|  sys_clk/inst/clk_out1 | sigma/sigma_tile/riscv/gensticky_genpsticky_glbl_regfile[18][31]_i_1_n_0           | sigma/sigma_tile/sfr/SR[0]_repN_7                                            |                4 |              9 |         2.25 |
|  sys_clk/inst/clk_out1 | sigma/sigma_tile/riscv/gensticky_genpsticky_glbl_regfile[11][31]_i_1_n_0           | sigma/sigma_tile/sfr/SR[0]_repN_7                                            |                3 |              9 |         3.00 |
|  sys_clk/inst/clk_out1 | sigma/sigma_tile/riscv/gensticky_genpsticky_glbl_regfile[15][31]_i_1_n_0           | sigma/sigma_tile/sfr/SR[0]_repN_8                                            |                4 |              9 |         2.25 |
|  sys_clk/inst/clk_out1 | sigma/sigma_tile/riscv/gensticky_genpsticky_glbl_regfile[17][31]_i_1_n_0           | sigma/sigma_tile/sfr/SR[0]_repN_6                                            |                4 |              9 |         2.25 |
|  sys_clk/inst/clk_out1 | sigma/sigma_tile/riscv/gensticky_genpsticky_glbl_regfile[30][31]_i_1_n_0           | sigma/sigma_tile/sfr/SR[0]_repN_8                                            |                4 |              9 |         2.25 |
|  sys_clk/inst/clk_out1 | sigma/sigma_tile/riscv/genpstage_MEMWB_genpctrl_stalled_glbl135_out                | sigma/sigma_tile/sfr/SR[0]_repN_1                                            |                3 |              9 |         3.00 |
|  sys_clk/inst/clk_out1 | sigma/sigma_tile/riscv/gensticky_genpsticky_glbl_regfile[1][31]_i_1_n_0            | sigma/sigma_tile/sfr/SR[0]_repN_7                                            |                5 |             10 |         2.00 |
|  sys_clk/inst/clk_out1 | sigma/sigma_tile/riscv/gensticky_genpsticky_glbl_regfile[14][31]_i_1_n_0           | sigma/sigma_tile/sfr/SR[0]_repN_8                                            |                6 |             10 |         1.67 |
|  sys_clk/inst/clk_out1 | sigma/sigma_tile/riscv/gensticky_genpsticky_glbl_regfile[5][31]_i_1_n_0            | sigma/sigma_tile/sfr/SR[0]_repN_7                                            |                4 |             10 |         2.50 |
|  sys_clk/inst/clk_out1 | sigma/sigma_tile/riscv/gensticky_genpsticky_glbl_regfile[4][31]_i_1_n_0            | sigma/sigma_tile/sfr/SR[0]_repN_7                                            |                4 |             10 |         2.50 |
|  sys_clk/inst/clk_out1 | sigma/sigma_tile/riscv/gensticky_genpsticky_glbl_regfile[6][31]_i_1_n_0            | sigma/sigma_tile/sfr/SR[0]_repN_7                                            |                4 |             10 |         2.50 |
|  sys_clk/inst/clk_out1 | sigma/sigma_tile/riscv/genpstage_EXEC_genpctrl_stalled_glbl139_out                 | sigma/sigma_tile/sfr/SR[0]_repN_10                                           |                5 |             10 |         2.00 |
|  sys_clk/inst/clk_out1 | sigma/sigma_tile/riscv/genpstage_EXEC_genpctrl_stalled_glbl139_out                 | sigma/sigma_tile/sfr/SR[0]_repN                                              |                5 |             10 |         2.00 |
|  sys_clk/inst/clk_out1 | sigma/sigma_tile/riscv/gensticky_genpsticky_glbl_regfile[21][31]_i_1_n_0           | sigma/sigma_tile/sfr/SR[0]_repN_7                                            |                5 |             10 |         2.00 |
|  sys_clk/inst/clk_out1 | sigma/sigma_tile/riscv/gensticky_genpsticky_glbl_regfile[29][31]_i_1_n_0           | sigma/sigma_tile/sfr/SR[0]_repN_11                                           |                4 |             11 |         2.75 |
|  sys_clk/inst/clk_out1 |                                                                                    | sigma/sigma_tile/sfr/SR[0]_repN_5                                            |                4 |             11 |         2.75 |
|  sys_clk/inst/clk_out1 | sigma/host\\.rdata[31]_i_2_n_0                                                     | sigma/sigma_tile/riscv/gensticky_genpstage_MEMWB_alu_result_genglbl_reg[3]_1 |                4 |             11 |         2.75 |
|  sys_clk/inst/clk_out1 | sigma/host\\.rdata[31]_i_2_n_0                                                     | sigma/sigma_tile/riscv/gensticky_genpstage_MEMWB_alu_result_genglbl_reg[3]_2 |                4 |             11 |         2.75 |
|  sys_clk/inst/clk_out1 |                                                                                    | sigma/sigma_tile/sfr/SR[0]_repN_2                                            |                6 |             11 |         1.83 |
|  sys_clk/inst/clk_out1 | sigma/sigma_tile/riscv/genpstage_MEMWB_genpctrl_stalled_glbl135_out                | sigma/sigma_tile/sfr/SR[0]_repN                                              |                5 |             12 |         2.40 |
|  sys_clk/inst/clk_out1 | sigma/sigma_tile/riscv/genpstage_MEMWB_genpctrl_stalled_glbl135_out                | sigma/sigma_tile/sfr/SR[0]_repN_5                                            |                7 |             12 |         1.71 |
|  sys_clk/inst/clk_out1 |                                                                                    | sigma/reset_sync/cpu_reset                                                   |               10 |             13 |         1.30 |
|  sys_clk/inst/clk_out1 | sigma/sigma_tile/riscv/genpstage_MEMWB_genpctrl_stalled_glbl135_out                | sigma/sigma_tile/sfr/SR[0]_repN_9                                            |                5 |             13 |         2.60 |
|  sys_clk/inst/clk_out1 | sigma/sigma_tile/riscv/gensticky_genpsticky_glbl_regfile[27][31]_i_1_n_0           | sigma/sigma_tile/sfr/SR[0]_repN_8                                            |                6 |             14 |         2.33 |
|  sys_clk/inst/clk_out1 | sigma/sigma_tile/riscv/bus_we_o_reg                                                |                                                                              |                6 |             16 |         2.67 |
|  sys_clk/inst/clk_out1 | sigma/sigma_tile/riscv/bus_we_o_reg                                                | sigma/sigma_tile/riscv/csr_rdata[23]_i_9_0                                   |                3 |             16 |         5.33 |
|  sys_clk/inst/clk_out1 | sigma/sigma_tile/riscv/E[0]                                                        | sigma/reset_sync/cpu_reset                                                   |                5 |             16 |         3.20 |
|  sys_clk/inst/clk_out1 | sigma/sigma_tile/riscv/gensticky_genpsticky_glbl_regfile[3][31]_i_1_n_0            | sigma/sigma_tile/sfr/SR[0]_repN_9                                            |                5 |             18 |         3.60 |
|  sys_clk/inst/clk_out1 | sigma/sigma_tile/riscv/gensticky_genpsticky_glbl_regfile[7][31]_i_1_n_0            | sigma/sigma_tile/sfr/SR[0]_repN_9                                            |                8 |             19 |         2.38 |
|  sys_clk/inst/clk_out1 | sigma/sigma_tile/riscv/genpstage_EXEC_genpctrl_stalled_glbl139_out                 | sigma/sigma_tile/sfr/SR[0]_repN_1                                            |                7 |             19 |         2.71 |
|  sys_clk/inst/clk_out1 | sigma/debouncer/counter[0]_i_1__0_n_0                                              | sigma/reset_sync/Q[0]                                                        |                5 |             20 |         4.00 |
|  sys_clk/inst/clk_out1 | sigma/sigma_tile/riscv/genpstage_EXEC_genpctrl_stalled_glbl139_out                 | sigma/sigma_tile/sfr/SR[0]_repN_11                                           |                9 |             20 |         2.22 |
|  sys_clk/inst/clk_out1 | sigma/sigma_tile/riscv/genpstage_MEMWB_genpctrl_stalled_glbl135_out                | sigma/sigma_tile/sfr/SR[0]_repN_8                                            |                7 |             21 |         3.00 |
|  sys_clk/inst/clk_out1 | sigma/sigma_tile/riscv/genpstage_MEMWB_genpctrl_stalled_glbl135_out                | sigma/sigma_tile/sfr/SR[0]_repN_3                                            |                9 |             23 |         2.56 |
|  sys_clk/inst/clk_out1 | sigma/udm/udm_controller/RD_DATA_reg[23]_i_1_n_0                                   |                                                                              |               10 |             24 |         2.40 |
|  sys_clk/inst/clk_out1 | sigma/sigma_tile/riscv/genpstage_EXEC_genpctrl_stalled_glbl139_out                 | sigma/sigma_tile/sfr/SR[0]_repN_5                                            |               13 |             24 |         1.85 |
|  sys_clk/inst/clk_out1 | sigma/sigma_tile/riscv/genpstage_EXEC_genpctrl_stalled_glbl139_out                 | sigma/sigma_tile/sfr/SR[0]_repN_8                                            |                5 |             25 |         5.00 |
|  sys_clk/inst/clk_out1 |                                                                                    | sigma/sigma_tile/sfr/SR[0]_repN_4                                            |               13 |             27 |         2.08 |
|  sys_clk/inst/clk_out1 | sigma/sigma_tile/riscv/genpstage_EXEC_genpctrl_stalled_glbl139_out                 | sigma/sigma_tile/sfr/SR[0]_repN_3                                            |                8 |             28 |         3.50 |
|  sys_clk/inst/clk_out1 | sigma/sigma_tile/riscv/genpstage_EXEC_genpctrl_stalled_glbl139_out                 | sigma/sigma_tile/sfr/SR[0]_repN_9                                            |               15 |             28 |         1.87 |
|  sys_clk/inst/clk_out1 | sigma/sigma_tile/riscv/gensticky_genpstage_IDECODE_genpctrl_active_glbl[0]_i_1_n_0 | sigma/sigma_tile/sfr/SR[0]_repN_4                                            |                8 |             30 |         3.75 |
|  sys_clk/inst/clk_out1 | sigma/udm/uart_rx/bitperiod_o[28]_i_1_n_0                                          | sigma/reset_sync/Q[0]                                                        |               10 |             30 |         3.00 |
|  sys_clk/inst/clk_out1 |                                                                                    | sigma/sigma_tile/sfr/SR[0]_repN_3                                            |               11 |             31 |         2.82 |
|  sys_clk/inst/clk_out1 | sigma/udm/uart_tx/clk_counter                                                      | sigma/reset_sync/Q[0]                                                        |                6 |             32 |         5.33 |
|  sys_clk/inst/clk_out1 | sigma/Sobel_my/Filter2D_U0/ap_CS_fsm_state6                                        | sigma/Sobel_my/Filter2D_U0/t_V_reg_244                                       |                7 |             32 |         4.57 |
|  sys_clk/inst/clk_out1 | sigma/Sobel_my/Array2Mat_U0/ap_CS_fsm_state2                                       |                                                                              |                9 |             32 |         3.56 |
|  sys_clk/inst/clk_out1 | sigma/Sobel_my/Array2Mat_U0/ap_CS_fsm_state6                                       | sigma/Sobel_my/Array2Mat_U0/t_V_reg_134                                      |                7 |             32 |         4.57 |
|  sys_clk/inst/clk_out1 | sigma/Sobel_my/Array2Mat_U0/t_V_3_reg_1450                                         | sigma/Sobel_my/Array2Mat_U0/t_V_3_reg_145                                    |                8 |             32 |         4.00 |
|  sys_clk/inst/clk_out1 | sigma/sigma_tile/sfr/timer_value[31]_i_2_n_0                                       | sigma/sigma_tile/riscv/rst_o_reg[0]                                          |                5 |             32 |         6.40 |
|  sys_clk/inst/clk_out1 | sigma/Sobel_my/Filter2D_U0/t_V_2_reg_2550                                          | sigma/Sobel_my/Filter2D_U0/t_V_2_reg_255[0]_i_1_n_0                          |                8 |             32 |         4.00 |
|  sys_clk/inst/clk_out1 | sigma/Sobel_my/Filter2D_U0/Q[1]                                                    |                                                                              |                9 |             32 |         3.56 |
|  sys_clk/inst/clk_out1 | sigma/udm/udm_controller/bus_addr_bo[31]_i_1_n_0                                   | sigma/reset_sync/Q[0]                                                        |               13 |             32 |         2.46 |
|  sys_clk/inst/clk_out1 | sigma/udm/udm_controller/bus_wdata_bo[31]_i_1_n_0                                  | sigma/reset_sync/Q[0]                                                        |                7 |             32 |         4.57 |
|  sys_clk/inst/clk_out1 | sigma/sigma_tile/riscv/sw_reset_o_reg[0]                                           | sigma/reset_sync/cpu_reset                                                   |               12 |             32 |         2.67 |
|  sys_clk/inst/clk_out1 | sigma/udm/udm_controller/timeout_counter[31]_i_2_n_0                               | sigma/udm/udm_controller/timeout_counter[31]_i_1_n_0                         |                9 |             32 |         3.56 |
|  sys_clk/inst/clk_out1 | sigma/udm/udm_controller/tr_length[31]_i_1_n_0                                     |                                                                              |               13 |             32 |         2.46 |
|  sys_clk/inst/clk_out1 | sigma/udm/uart_rx/clk_counter                                                      | sigma/reset_sync/Q[0]                                                        |               12 |             32 |         2.67 |
|  sys_clk/inst/clk_out1 | sigma/sigma_tile/riscv/genpstage_MEMWB_genpctrl_stalled_glbl135_out                | sigma/sigma_tile/sfr/SR[0]_repN_2                                            |               11 |             37 |         3.36 |
|  sys_clk/inst/clk_out1 | sigma/sigma_tile/riscv/genpstage_IDECODE_genpctrl_stalled_glbl                     | sigma/sigma_tile/sfr/SR[0]_repN_1                                            |               16 |             39 |         2.44 |
|  sys_clk/inst/clk_out1 | sigma/sigma_tile/arb_cpu/testmem_resp_reg[0]                                       |                                                                              |               12 |             42 |         3.50 |
|  sys_clk/inst/clk_out1 | sigma/sigma_tile/riscv/genpstage_EXEC_genpctrl_stalled_glbl139_out                 | sigma/sigma_tile/sfr/SR[0]_repN_2                                            |               14 |             43 |         3.07 |
|  sys_clk/inst/clk_out1 | sigma/sigma_tile/riscv/genpstage_MEMWB_genpctrl_stalled_glbl135_out                | sigma/sigma_tile/sfr/SR[0]_repN_11                                           |               14 |             46 |         3.29 |
|  sys_clk/inst/clk_out1 | sigma/sigma_tile/riscv/gensticky_genpstage_MEMWB_alu_result_genglbl_reg[2]_4[0]    |                                                                              |               10 |             48 |         4.80 |
|  sys_clk/inst/clk_out1 |                                                                                    | sigma/reset_sync/Q[0]                                                        |               31 |             50 |         1.61 |
|  sys_clk/inst/clk_out1 | sigma/sigma_tile/riscv/genpstage_IDECODE_genpctrl_stalled_glbl                     | sigma/sigma_tile/sfr/SR[0]_repN_3                                            |               18 |             56 |         3.11 |
|  sys_clk/inst/clk_out1 |                                                                                    | sigma/sigma_tile/sfr/SR[0]_repN_1                                            |               29 |             75 |         2.59 |
|  sys_clk/inst/clk_out1 |                                                                                    |                                                                              |               46 |             95 |         2.07 |
+------------------------+------------------------------------------------------------------------------------+------------------------------------------------------------------------------+------------------+----------------+--------------+


