Copyright 1986-2020 Xilinx, Inc. All Rights Reserved.
----------------------------------------------------------------------------------------------------------------------------------------------------
| Tool Version     : Vivado v.2020.1 (win64) Build 2902540 Wed May 27 19:54:49 MDT 2020
| Date             : Tue Dec 22 00:32:22 2020
| Host             : DESKTOP-D7RM7IV running 64-bit major release  (build 9200)
| Command          : report_power -file NEXYS4_DDR_power_routed.rpt -pb NEXYS4_DDR_power_summary_routed.pb -rpx NEXYS4_DDR_power_routed.rpx
| Design           : NEXYS4_DDR
| Device           : xc7a100tcsg324-3
| Design State     : routed
| Grade            : extended
| Process          : typical
| Characterization : Production
----------------------------------------------------------------------------------------------------------------------------------------------------

Power Report

Table of Contents
-----------------
1. Summary
1.1 On-Chip Components
1.2 Power Supply Summary
1.3 Confidence Level
2. Settings
2.1 Environment
2.2 Clock Constraints
3. Detailed Reports
3.1 By Hierarchy

1. Summary
----------

+--------------------------+--------------+
| Total On-Chip Power (W)  | 0.297        |
| Design Power Budget (W)  | Unspecified* |
| Power Budget Margin (W)  | NA           |
| Dynamic (W)              | 0.199        |
| Device Static (W)        | 0.098        |
| Effective TJA (C/W)      | 4.6          |
| Max Ambient (C)          | 98.6         |
| Junction Temperature (C) | 26.4         |
| Confidence Level         | Low          |
| Setting File             | ---          |
| Simulation Activity File | ---          |
| Design Nets Matched      | NA           |
+--------------------------+--------------+
* Specify Design Power Budget using, set_operating_conditions -design_power_budget <value in Watts>


1.1 On-Chip Components
----------------------

+----------------+-----------+----------+-----------+-----------------+
| On-Chip        | Power (W) | Used     | Available | Utilization (%) |
+----------------+-----------+----------+-----------+-----------------+
| Clocks         |     0.017 |        8 |       --- |             --- |
| Slice Logic    |     0.004 |     6531 |       --- |             --- |
|   LUT as Logic |     0.003 |     3273 |     63400 |            5.16 |
|   CARRY4       |    <0.001 |      163 |     15850 |            1.03 |
|   Register     |    <0.001 |     2632 |    126800 |            2.08 |
|   F7/F8 Muxes  |    <0.001 |      120 |     63400 |            0.19 |
|   Others       |     0.000 |       49 |       --- |             --- |
| Signals        |     0.005 |     5502 |       --- |             --- |
| Block RAM      |     0.051 |        9 |       135 |            6.67 |
| MMCM           |     0.122 |        1 |         6 |           16.67 |
| I/O            |    <0.001 |       37 |       210 |           17.62 |
| Static Power   |     0.098 |          |           |                 |
| Total          |     0.297 |          |           |                 |
+----------------+-----------+----------+-----------+-----------------+


1.2 Power Supply Summary
------------------------

+-----------+-------------+-----------+-------------+------------+-------------+-------------+------------+
| Source    | Voltage (V) | Total (A) | Dynamic (A) | Static (A) | Powerup (A) | Budget (A)  | Margin (A) |
+-----------+-------------+-----------+-------------+------------+-------------+-------------+------------+
| Vccint    |       1.000 |     0.088 |       0.073 |      0.016 |       NA    | Unspecified | NA         |
| Vccaux    |       1.800 |     0.086 |       0.068 |      0.018 |       NA    | Unspecified | NA         |
| Vcco33    |       3.300 |     0.004 |       0.000 |      0.004 |       NA    | Unspecified | NA         |
| Vcco25    |       2.500 |     0.000 |       0.000 |      0.000 |       NA    | Unspecified | NA         |
| Vcco18    |       1.800 |     0.000 |       0.000 |      0.000 |       NA    | Unspecified | NA         |
| Vcco15    |       1.500 |     0.000 |       0.000 |      0.000 |       NA    | Unspecified | NA         |
| Vcco135   |       1.350 |     0.000 |       0.000 |      0.000 |       NA    | Unspecified | NA         |
| Vcco12    |       1.200 |     0.000 |       0.000 |      0.000 |       NA    | Unspecified | NA         |
| Vccaux_io |       1.800 |     0.000 |       0.000 |      0.000 |       NA    | Unspecified | NA         |
| Vccbram   |       1.000 |     0.005 |       0.004 |      0.000 |       NA    | Unspecified | NA         |
| MGTAVcc   |       1.000 |     0.000 |       0.000 |      0.000 |       NA    | Unspecified | NA         |
| MGTAVtt   |       1.200 |     0.000 |       0.000 |      0.000 |       NA    | Unspecified | NA         |
| Vccadc    |       1.800 |     0.020 |       0.000 |      0.020 |       NA    | Unspecified | NA         |
+-----------+-------------+-----------+-------------+------------+-------------+-------------+------------+


1.3 Confidence Level
--------------------

+-----------------------------+------------+--------------------------------------------------------+------------------------------------------------------------------------------------------------------------+
| User Input Data             | Confidence | Details                                                | Action                                                                                                     |
+-----------------------------+------------+--------------------------------------------------------+------------------------------------------------------------------------------------------------------------+
| Design implementation state | High       | Design is routed                                       |                                                                                                            |
| Clock nodes activity        | High       | User specified more than 95% of clocks                 |                                                                                                            |
| I/O nodes activity          | Low        | More than 75% of inputs are missing user specification | Provide missing input activity with simulation results or by editing the "By Resource Type -> I/Os" view   |
| Internal nodes activity     | Medium     | User specified less than 25% of internal nodes         | Provide missing internal nodes activity with simulation results or by editing the "By Resource Type" views |
| Device models               | High       | Device models are Production                           |                                                                                                            |
|                             |            |                                                        |                                                                                                            |
| Overall confidence level    | Low        |                                                        |                                                                                                            |
+-----------------------------+------------+--------------------------------------------------------+------------------------------------------------------------------------------------------------------------+


2. Settings
-----------

2.1 Environment
---------------

+-----------------------+--------------------------+
| Ambient Temp (C)      | 25.0                     |
| ThetaJA (C/W)         | 4.6                      |
| Airflow (LFM)         | 250                      |
| Heat Sink             | medium (Medium Profile)  |
| ThetaSA (C/W)         | 4.6                      |
| Board Selection       | medium (10"x10")         |
| # of Board Layers     | 12to15 (12 to 15 Layers) |
| Board Temperature (C) | 25.0                     |
+-----------------------+--------------------------+


2.2 Clock Constraints
---------------------

+--------------------+-------------------------------+-----------------+
| Clock              | Domain                        | Constraint (ns) |
+--------------------+-------------------------------+-----------------+
| CLK100MHZ          | CLK100MHZ                     |            10.0 |
| clk_out1_sys_clk   | sys_clk/inst/clk_out1_sys_clk |             5.7 |
| clk_out1_sys_clk_1 | sys_clk/inst/clk_out1_sys_clk |             5.7 |
| clkfbout_sys_clk   | sys_clk/inst/clkfbout_sys_clk |            20.0 |
| clkfbout_sys_clk_1 | sys_clk/inst/clkfbout_sys_clk |            20.0 |
| sys_clk_pin        | CLK100MHZ                     |            10.0 |
+--------------------+-------------------------------+-----------------+


3. Detailed Reports
-------------------

3.1 By Hierarchy
----------------

+----------------------+-----------+
| Name                 | Power (W) |
+----------------------+-----------+
| NEXYS4_DDR           |     0.199 |
|   sigma              |     0.076 |
|     Sobel_my         |     0.002 |
|       Filter2D_U0    |     0.001 |
|     sigma_tile       |     0.062 |
|       ram            |     0.048 |
|       riscv          |     0.013 |
|       sfr            |     0.001 |
|     testmem          |     0.004 |
|     udm              |     0.005 |
|       uart_rx        |     0.002 |
|       udm_controller |     0.002 |
|   sys_clk            |     0.123 |
|     inst             |     0.123 |
+----------------------+-----------+


