Copyright 1986-2020 Xilinx, Inc. All Rights Reserved.
---------------------------------------------------------------------------------------
| Tool Version : Vivado v.2020.1 (win64) Build 2902540 Wed May 27 19:54:49 MDT 2020
| Date         : Tue Dec 22 02:14:34 2020
| Host         : DESKTOP-D7RM7IV running 64-bit major release  (build 9200)
| Command      : report_control_sets -verbose -file NEXYS4_DDR_control_sets_placed.rpt
| Design       : NEXYS4_DDR
| Device       : xc7a100t
---------------------------------------------------------------------------------------

Control Set Information

Table of Contents
-----------------
1. Summary
2. Histogram
3. Flip-Flop Distribution
4. Detailed Control Set Information

1. Summary
----------

+----------------------------------------------------------+-------+
|                          Status                          | Count |
+----------------------------------------------------------+-------+
| Total control sets                                       |   264 |
|    Minimum number of control sets                        |    47 |
|    Addition due to synthesis replication                 |     0 |
|    Addition due to physical synthesis replication        |   217 |
| Unused register locations in slices containing registers |   898 |
+----------------------------------------------------------+-------+
* Control sets can be merged at opt_design using control_set_merge or merge_equivalent_drivers
** Run report_qor_suggestions for automated merging and remapping suggestions


2. Histogram
------------

+--------------------+-------+
|       Fanout       | Count |
+--------------------+-------+
| Total control sets |   264 |
| >= 0 to < 4        |    70 |
| >= 4 to < 6        |    57 |
| >= 6 to < 8        |    53 |
| >= 8 to < 10       |    32 |
| >= 10 to < 12      |    12 |
| >= 12 to < 14      |     2 |
| >= 14 to < 16      |     0 |
| >= 16              |    38 |
+--------------------+-------+
* Control sets can be remapped at either synth_design or opt_design


3. Flip-Flop Distribution
-------------------------

+--------------+-----------------------+------------------------+-----------------+--------------+
| Clock Enable | Synchronous Set/Reset | Asynchronous Set/Reset | Total Registers | Total Slices |
+--------------+-----------------------+------------------------+-----------------+--------------+
| No           | No                    | No                     |              96 |           54 |
| No           | No                    | Yes                    |              14 |           11 |
| No           | Yes                   | No                     |             248 |          113 |
| Yes          | No                    | No                     |             248 |           79 |
| Yes          | No                    | Yes                    |              64 |           21 |
| Yes          | Yes                   | No                     |            2104 |          851 |
+--------------+-----------------------+------------------------+-----------------+--------------+


4. Detailed Control Set Information
-----------------------------------

+------------------------+---------------------------------------------------------------------------------------------------------+----------------------------------------------------------------------------+------------------+----------------+--------------+
|      Clock Signal      |                                              Enable Signal                                              |                              Set/Reset Signal                              | Slice Load Count | Bel Load Count | Bels / Slice |
+------------------------+---------------------------------------------------------------------------------------------------------+----------------------------------------------------------------------------+------------------+----------------+--------------+
|  sys_clk/inst/clk_out1 | sigma/sigma_tile/riscv/gensticky_genpsticky_glbl_regfile[15][31]_i_1_n_0                                | sigma/sigma_tile/sfr/SR[0]_repN_6                                          |                1 |              1 |         1.00 |
|  sys_clk/inst/clk_out1 | sigma/sigma_tile/riscv/gensticky_genpsticky_glbl_regfile[10][31]_i_1_n_0                                | sigma/sigma_tile/sfr/SR[0]_repN                                            |                1 |              1 |         1.00 |
|  sys_clk/inst/clk_out1 | sigma/sigma_tile/riscv/gensticky_genpsticky_glbl_regfile[24][31]_i_1_n_0                                | sigma/sigma_tile/sfr/SR[0]_repN_6                                          |                1 |              1 |         1.00 |
|  sys_clk/inst/clk_out1 | sigma/sigma_tile/riscv/gensticky_genpsticky_glbl_regfile[4][31]_i_1_n_0                                 | sigma/sigma_tile/sfr/SR[0]_repN_4                                          |                1 |              1 |         1.00 |
|  sys_clk/inst/clk_out1 | sigma/sigma_tile/riscv/genpstage_MEM_genpctrl_stalled_glbl140_out                                       | sigma/sigma_tile/sfr/SR[0]                                                 |                1 |              1 |         1.00 |
|  sys_clk/inst/clk_out1 | sigma/sigma_tile/riscv/gensticky_genpsticky_glbl_regfile[20][31]_i_1_n_0                                | sigma/sigma_tile/sfr/SR[0]_repN_9                                          |                1 |              1 |         1.00 |
|  sys_clk/inst/clk_out1 | sigma/sigma_tile/riscv/gensticky_genpsticky_glbl_regfile[19][31]_i_1_n_0                                | sigma/sigma_tile/sfr/SR[0]_repN_6                                          |                1 |              1 |         1.00 |
|  sys_clk/inst/clk_out1 | sigma/sigma_tile/riscv/gensticky_genpsticky_glbl_regfile[20][31]_i_1_n_0                                | sigma/sigma_tile/sfr/SR[0]_repN_6                                          |                1 |              1 |         1.00 |
|  sys_clk/inst/clk_out1 | sigma/sigma_tile/riscv/gensticky_genpsticky_glbl_regfile[23][31]_i_1_n_0                                | sigma/sigma_tile/sfr/SR[0]_repN_6                                          |                1 |              1 |         1.00 |
|  sys_clk/inst/clk_out1 | sigma/sigma_tile/riscv/gensticky_genpsticky_glbl_regfile[12][31]_i_1_n_0                                | sigma/sigma_tile/sfr/SR[0]_repN_9                                          |                1 |              1 |         1.00 |
|  sys_clk/inst/clk_out1 | sigma/sigma_tile/riscv/gensticky_genpsticky_glbl_regfile[2][31]_i_1_n_0                                 | sigma/sigma_tile/sfr/SR[0]_repN_4                                          |                1 |              1 |         1.00 |
|  sys_clk/inst/clk_out1 | sigma/sigma_tile/riscv/gensticky_genpsticky_glbl_regfile[1][31]_i_1_n_0                                 | sigma/sigma_tile/sfr/SR[0]_repN_2                                          |                1 |              1 |         1.00 |
|  sys_clk/inst/clk_out1 | sigma/udm/uart_tx/tx_o_i_1_n_0                                                                          | sigma/reset_sync/Q[0]                                                      |                1 |              1 |         1.00 |
|  sys_clk/inst/clk_out1 | sigma/sigma_tile/riscv/gensticky_genpsticky_glbl_regfile[28][31]_i_1_n_0                                | sigma/sigma_tile/sfr/SR[0]_repN_6                                          |                1 |              1 |         1.00 |
|  sys_clk/inst/clk_out1 | sigma/sigma_tile/riscv/gensticky_genpsticky_glbl_regfile[11][31]_i_1_n_0                                | sigma/sigma_tile/sfr/SR[0]_repN_3                                          |                1 |              1 |         1.00 |
|  sys_clk/inst/clk_out1 | sigma/sigma_tile/riscv/genpstage_IFETCH_curinstr_addr_genglbl                                           | sigma/sigma_tile/sfr/SR[0]_repN_10                                         |                1 |              1 |         1.00 |
|  sys_clk/inst/clk_out1 | sigma/sigma_tile/riscv/gensticky_genpsticky_glbl_regfile[10][31]_i_1_n_0                                | sigma/sigma_tile/sfr/SR[0]_repN_9                                          |                1 |              2 |         2.00 |
|  sys_clk/inst/clk_out1 | sigma/sigma_tile/riscv/gensticky_genpsticky_glbl_regfile[22][31]_i_1_n_0                                | sigma/sigma_tile/sfr/SR[0]_repN_8                                          |                1 |              2 |         2.00 |
|  sys_clk/inst/clk_out1 | sigma/sigma_tile/riscv/gensticky_genpsticky_glbl_regfile[5][31]_i_1_n_0                                 | sigma/sigma_tile/sfr/SR[0]_repN_5                                          |                2 |              2 |         1.00 |
|  sys_clk/inst/clk_out1 | sigma/sigma_tile/riscv/gensticky_genpsticky_glbl_regfile[28][31]_i_1_n_0                                | sigma/sigma_tile/sfr/SR[0]_repN_8                                          |                2 |              2 |         1.00 |
|  sys_clk/inst/clk_out1 | sigma/sigma_tile/riscv/gensticky_genpsticky_glbl_regfile[21][31]_i_1_n_0                                | sigma/sigma_tile/sfr/SR[0]_repN_6                                          |                1 |              2 |         2.00 |
|  sys_clk/inst/clk_out1 | sigma/sigma_tile/riscv/gensticky_genpsticky_glbl_regfile[9][31]_i_1_n_0                                 | sigma/sigma_tile/sfr/SR[0]_repN_2                                          |                2 |              2 |         1.00 |
|  sys_clk/inst/clk_out1 | sigma/sigma_tile/riscv/gensticky_genpsticky_glbl_regfile[9][31]_i_1_n_0                                 | sigma/sigma_tile/sfr/SR[0]_repN_9                                          |                1 |              2 |         2.00 |
|  sys_clk/inst/clk_out1 | sigma/sigma_tile/riscv/gensticky_genpsticky_glbl_regfile[27][31]_i_1_n_0                                | sigma/sigma_tile/sfr/SR[0]_repN_6                                          |                2 |              2 |         1.00 |
|  sys_clk/inst/clk_out1 | sigma/sigma_tile/riscv/gensticky_genpsticky_glbl_regfile[2][31]_i_1_n_0                                 | sigma/sigma_tile/sfr/SR[0]_repN_2                                          |                1 |              2 |         2.00 |
|  sys_clk/inst/clk_out1 | sigma/sigma_tile/riscv/gensticky_genpsticky_glbl_regfile[2][31]_i_1_n_0                                 | sigma/sigma_tile/sfr/SR[0]_repN_9                                          |                1 |              2 |         2.00 |
|  sys_clk/inst/clk_out1 | sigma/sigma_tile/riscv/genpsticky_glbl_regfile                                                          | sigma/sigma_tile/sfr/SR[0]_repN_6                                          |                2 |              2 |         1.00 |
|  sys_clk/inst/clk_out1 | sigma/sigma_tile/riscv/gensticky_genpsticky_glbl_regfile[15][31]_i_1_n_0                                | sigma/sigma_tile/sfr/SR[0]_repN_2                                          |                2 |              2 |         1.00 |
|  sys_clk/inst/clk_out1 | sigma/sigma_tile/riscv/genpstage_WB_genpctrl_stalled_glbl                                               | sigma/sigma_tile/sfr/SR[0]_repN_11                                         |                2 |              2 |         1.00 |
|  sys_clk/inst/clk_out1 | sigma/sigma_tile/riscv/gensticky_genpsticky_glbl_regfile[29][31]_i_1_n_0                                | sigma/sigma_tile/sfr/SR[0]_repN_6                                          |                2 |              2 |         1.00 |
|  sys_clk/inst/clk_out1 | sigma/sigma_tile/riscv/gensticky_genpsticky_glbl_regfile[1][31]_i_1_n_0                                 | sigma/sigma_tile/sfr/SR[0]_repN_9                                          |                1 |              2 |         2.00 |
|  sys_clk/inst/clk_out1 | sigma/sigma_tile/riscv/gensticky_genpsticky_glbl_regfile[30][31]_i_1_n_0                                | sigma/sigma_tile/sfr/SR[0]_repN_6                                          |                2 |              2 |         1.00 |
|  sys_clk/inst/clk_out1 | sigma/sigma_tile/riscv/gensticky_genpsticky_glbl_regfile[18][31]_i_1_n_0                                | sigma/sigma_tile/sfr/SR[0]_repN_6                                          |                1 |              2 |         2.00 |
|  sys_clk/inst/clk_out1 | sigma/sigma_tile/riscv/gensticky_genpsticky_glbl_regfile[14][31]_i_1_n_0                                | sigma/sigma_tile/sfr/SR[0]_repN_9                                          |                1 |              2 |         2.00 |
|  sys_clk/inst/clk_out1 | sigma/sigma_tile/riscv/gensticky_genpsticky_glbl_regfile[7][31]_i_1_n_0                                 | sigma/sigma_tile/sfr/SR[0]_repN_5                                          |                2 |              2 |         1.00 |
|  sys_clk/inst/clk_out1 | sigma/sigma_tile/riscv/gensticky_genpsticky_glbl_regfile[14][31]_i_1_n_0                                | sigma/sigma_tile/sfr/SR[0]_repN_5                                          |                2 |              2 |         1.00 |
|  sys_clk/inst/clk_out1 | sigma/sigma_tile/riscv/gensticky_genpsticky_glbl_regfile[11][31]_i_1_n_0                                | sigma/sigma_tile/sfr/SR[0]_repN_9                                          |                1 |              2 |         2.00 |
|  sys_clk/inst/clk_out1 | sigma/sigma_tile/riscv/gensticky_genpsticky_glbl_regfile[11][31]_i_1_n_0                                | sigma/sigma_tile/sfr/SR[0]_repN_2                                          |                2 |              2 |         1.00 |
|  sys_clk/inst/clk_out1 | sigma/sigma_tile/riscv/gensticky_genpsticky_glbl_regfile[3][31]_i_1_n_0                                 | sigma/sigma_tile/sfr/SR[0]_repN_2                                          |                2 |              2 |         1.00 |
|  sys_clk/inst/clk_out1 | sigma/sigma_tile/riscv/gensticky_genpsticky_glbl_regfile[15][31]_i_1_n_0                                | sigma/sigma_tile/sfr/SR[0]_repN_9                                          |                2 |              2 |         1.00 |
|  sys_clk/inst/clk_out1 | sigma/sigma_tile/riscv/gensticky_genpsticky_glbl_regfile[11][31]_i_1_n_0                                | sigma/sigma_tile/sfr/SR[0]_repN_6                                          |                2 |              2 |         1.00 |
|  sys_clk/inst/clk_out1 | sigma/sigma_tile/riscv/gensticky_genpsticky_glbl_regfile[3][31]_i_1_n_0                                 | sigma/sigma_tile/sfr/SR[0]_repN_9                                          |                1 |              2 |         2.00 |
|  sys_clk/inst/clk_out1 | sigma/sigma_tile/riscv/gensticky_genpsticky_glbl_regfile[12][31]_i_1_n_0                                | sigma/sigma_tile/sfr/SR[0]_repN_2                                          |                2 |              2 |         1.00 |
|  sys_clk/inst/clk_out1 | sigma/sigma_tile/riscv/gensticky_genpsticky_glbl_regfile[8][31]_i_1_n_0                                 | sigma/sigma_tile/sfr/SR[0]_repN_9                                          |                1 |              2 |         2.00 |
|  sys_clk/inst/clk_out1 | sigma/sigma_tile/riscv/gensticky_genpsticky_glbl_regfile[12][31]_i_1_n_0                                | sigma/sigma_tile/sfr/SR[0]_repN_5                                          |                2 |              2 |         1.00 |
|  sys_clk/inst/clk_out1 | sigma/sigma_tile/riscv/gensticky_genpsticky_glbl_regfile[15][31]_i_1_n_0                                | sigma/sigma_tile/sfr/SR[0]_repN_3                                          |                1 |              2 |         2.00 |
|  sys_clk/inst/clk_out1 | sigma/sigma_tile/riscv/gensticky_genpsticky_glbl_regfile[15][31]_i_1_n_0                                | sigma/sigma_tile/sfr/SR[0]_repN_5                                          |                2 |              2 |         1.00 |
|  sys_clk/inst/clk_out1 | sigma/sigma_tile/riscv/gensticky_genpsticky_glbl_regfile[13][31]_i_1_n_0                                | sigma/sigma_tile/sfr/SR[0]_repN_9                                          |                1 |              2 |         2.00 |
|  sys_clk/inst/clk_out1 |                                                                                                         | sigma/sigma_tile/sfr/SR[0]_repN_11                                         |                2 |              3 |         1.50 |
|  sys_clk/inst/clk_out1 | sigma/sigma_tile/riscv/gensticky_genpsticky_glbl_regfile[15][31]_i_1_n_0                                | sigma/sigma_tile/sfr/SR[0]_repN_4                                          |                1 |              3 |         3.00 |
|  sys_clk/inst/clk_out1 | sigma/sigma_tile/riscv/gensticky_genpsticky_glbl_regfile[20][31]_i_1_n_0                                | sigma/sigma_tile/sfr/SR[0]_repN_8                                          |                2 |              3 |         1.50 |
|  sys_clk/inst/clk_out1 | sigma/sigma_tile/riscv/gensticky_genpsticky_glbl_regfile[22][31]_i_1_n_0                                | sigma/sigma_tile/sfr/SR[0]_repN_6                                          |                1 |              3 |         3.00 |
|  sys_clk/inst/clk_out1 |                                                                                                         | sigma/sigma_tile/sfr/SR[0]                                                 |                3 |              3 |         1.00 |
|  sys_clk/inst/clk_out1 | sigma/sigma_tile/riscv/gensticky_genpsticky_glbl_regfile[13][31]_i_1_n_0                                | sigma/sigma_tile/sfr/SR[0]_repN_2                                          |                3 |              3 |         1.00 |
|  sys_clk/inst/clk_out1 | sigma/sigma_tile/riscv/gensticky_genpsticky_glbl_regfile[12][31]_i_1_n_0                                | sigma/sigma_tile/sfr/SR[0]_repN_6                                          |                1 |              3 |         3.00 |
|  sys_clk/inst/clk_out1 | sigma/sigma_tile/riscv/gensticky_genpsticky_glbl_regfile[10][31]_i_1_n_0                                | sigma/sigma_tile/sfr/SR[0]_repN_6                                          |                1 |              3 |         3.00 |
|  sys_clk/inst/clk_out1 | sigma/sigma_tile/riscv/gensticky_genpsticky_glbl_regfile[25][31]_i_1_n_0                                | sigma/sigma_tile/sfr/SR[0]_repN_6                                          |                1 |              3 |         3.00 |
|  sys_clk/inst/clk_out1 | sigma/sigma_tile/riscv/gensticky_genpsticky_glbl_regfile[13][31]_i_1_n_0                                | sigma/sigma_tile/sfr/SR[0]_repN_6                                          |                1 |              3 |         3.00 |
|  sys_clk/inst/clk_out1 | sigma/sigma_tile/riscv/gensticky_genpsticky_glbl_regfile[3][31]_i_1_n_0                                 | sigma/sigma_tile/sfr/SR[0]_repN_6                                          |                1 |              3 |         3.00 |
|  sys_clk/inst/clk_out1 | sigma/sigma_tile/riscv/gensticky_genpsticky_glbl_regfile[6][31]_i_1_n_0                                 | sigma/sigma_tile/sfr/SR[0]_repN_4                                          |                2 |              3 |         1.50 |
|  sys_clk/inst/clk_out1 | sigma/sigma_tile/riscv/gensticky_genpsticky_glbl_regfile[6][31]_i_1_n_0                                 | sigma/sigma_tile/sfr/SR[0]_repN_5                                          |                3 |              3 |         1.00 |
|  sys_clk/inst/clk_out1 | sigma/sigma_tile/riscv/gensticky_genpsticky_glbl_regfile[11][31]_i_1_n_0                                | sigma/sigma_tile/sfr/SR[0]_repN_5                                          |                2 |              3 |         1.50 |
|  sys_clk/inst/clk_out1 | sigma/sigma_tile/riscv/genpsticky_glbl_regfile                                                          | sigma/sigma_tile/sfr/SR[0]_repN_8                                          |                2 |              3 |         1.50 |
|  sys_clk/inst/clk_out1 | sigma/sigma_tile/riscv/gensticky_genpsticky_glbl_regfile[14][31]_i_1_n_0                                | sigma/sigma_tile/sfr/SR[0]_repN_2                                          |                2 |              3 |         1.50 |
|  sys_clk/inst/clk_out1 | sigma/sigma_tile/riscv/gensticky_genpsticky_glbl_regfile[14][31]_i_1_n_0                                | sigma/sigma_tile/sfr/SR[0]_repN_4                                          |                1 |              3 |         3.00 |
|  sys_clk/inst/clk_out1 | sigma/sigma_tile/riscv/gensticky_genpsticky_glbl_regfile[9][31]_i_1_n_0                                 | sigma/sigma_tile/sfr/SR[0]_repN_6                                          |                1 |              3 |         3.00 |
|  sys_clk/inst/clk_out1 | sigma/sigma_tile/riscv/gensticky_genpsticky_glbl_regfile[18][31]_i_1_n_0                                | sigma/sigma_tile/sfr/SR[0]_repN_8                                          |                1 |              3 |         3.00 |
|  sys_clk/inst/clk_out1 | sigma/sigma_tile/riscv/gensticky_genpsticky_glbl_regfile[8][31]_i_1_n_0                                 | sigma/sigma_tile/sfr/SR[0]_repN_6                                          |                1 |              3 |         3.00 |
|  sys_clk/inst/clk_out1 | sigma/sigma_tile/riscv/gensticky_genpsticky_glbl_regfile[8][31]_i_1_n_0                                 | sigma/sigma_tile/sfr/SR[0]_repN_2                                          |                2 |              3 |         1.50 |
|  sys_clk/inst/clk_out1 | sigma/sigma_tile/riscv/gensticky_genpsticky_glbl_regfile[7][31]_i_1_n_0                                 | sigma/sigma_tile/sfr/SR[0]_repN_4                                          |                1 |              3 |         3.00 |
|  sys_clk/inst/clk_out1 | sigma/sigma_tile/riscv/gensticky_genpsticky_glbl_regfile[4][31]_i_1_n_0                                 | sigma/sigma_tile/sfr/SR[0]_repN_6                                          |                2 |              4 |         2.00 |
|  sys_clk/inst/clk_out1 | sigma/sigma_tile/riscv/gensticky_genpstage_MEM_alu_result_genglbl_reg[5]_1[0]                           | sigma/reset_sync/cpu_reset                                                 |                1 |              4 |         4.00 |
|  sys_clk/inst/clk_out1 | sigma/sigma_tile/riscv/gensticky_genpsticky_glbl_regfile[24][31]_i_1_n_0                                | sigma/sigma_tile/sfr/SR[0]_repN_4                                          |                2 |              4 |         2.00 |
|  sys_clk/inst/clk_out1 | sigma/sigma_tile/riscv/gensticky_genpsticky_glbl_regfile[2][31]_i_1_n_0                                 | sigma/sigma_tile/sfr/SR[0]_repN_5                                          |                3 |              4 |         1.33 |
|  sys_clk/inst/clk_out1 | sigma/sigma_tile/riscv/gensticky_genpsticky_glbl_regfile[2][31]_i_1_n_0                                 | sigma/sigma_tile/sfr/SR[0]_repN_6                                          |                1 |              4 |         4.00 |
|  sys_clk/inst/clk_out1 |                                                                                                         | sigma/reset_sync/pss_arst                                                  |                3 |              4 |         1.33 |
|  sys_clk/inst/clk_out1 | sigma/Sobel_my/Mat2Array_U0/testmem_xif1_we_out                                                         | sigma/Sobel_my/Mat2Array_U0/t_V_1_reg_108                                  |                1 |              4 |         4.00 |
|  sys_clk/inst/clk_out1 | sigma/udm/uart_rx/FSM_sequential_state[3]_i_1_n_0                                                       | sigma/reset_sync/Q[0]                                                      |                1 |              4 |         4.00 |
|  sys_clk/inst/clk_out1 | sigma/Sobel_my/Array2Mat_U0/E[0]                                                                        | sigma/reset_sync/Q[0]                                                      |                1 |              4 |         4.00 |
|  sys_clk/inst/clk_out1 | sigma/Sobel_my/Mat2Array_U0/ap_CS_fsm_state2                                                            |                                                                            |                2 |              4 |         2.00 |
|  sys_clk/inst/clk_out1 | sigma/Sobel_my/Mat2Array_U0/ap_CS_fsm_state3                                                            |                                                                            |                1 |              4 |         4.00 |
|  sys_clk/inst/clk_out1 | sigma/Sobel_my/Mat2Array_U0/ap_CS_fsm_state5                                                            | sigma/Sobel_my/Mat2Array_U0/t_V_reg_97                                     |                1 |              4 |         4.00 |
|  sys_clk/inst/clk_out1 | sigma/sigma_tile/riscv/gensticky_genpsticky_glbl_regfile[1][31]_i_1_n_0                                 | sigma/sigma_tile/sfr/SR[0]_repN_5                                          |                2 |              4 |         2.00 |
|  sys_clk/inst/clk_out1 | sigma/sigma_tile/riscv/gensticky_genpsticky_glbl_regfile[1][31]_i_1_n_0                                 | sigma/sigma_tile/sfr/SR[0]_repN_6                                          |                1 |              4 |         4.00 |
|  sys_clk/inst/clk_out1 | sigma/sigma_tile/riscv/gensticky_genpsticky_glbl_regfile[1][31]_i_1_n_0                                 | sigma/sigma_tile/sfr/SR[0]_repN_4                                          |                1 |              4 |         4.00 |
|  sys_clk/inst/clk_out1 | sigma/sigma_tile/riscv/gensticky_genpsticky_glbl_regfile[3][31]_i_1_n_0                                 | sigma/sigma_tile/sfr/SR[0]_repN_5                                          |                3 |              4 |         1.33 |
|  sys_clk/inst/clk_out1 | sigma/sigma_tile/riscv/gensticky_genpsticky_glbl_regfile[10][31]_i_1_n_0                                | sigma/sigma_tile/sfr/SR[0]_repN_2                                          |                2 |              4 |         2.00 |
|  sys_clk/inst/clk_out1 | sigma/sigma_tile/riscv/gensticky_genpsticky_glbl_regfile[29][31]_i_1_n_0                                | sigma/sigma_tile/sfr/SR[0]_repN_8                                          |                3 |              4 |         1.33 |
|  sys_clk/inst/clk_out1 | sigma/sigma_tile/riscv/gensticky_genpsticky_glbl_regfile[5][31]_i_1_n_0                                 | sigma/sigma_tile/sfr/SR[0]_repN_2                                          |                1 |              4 |         4.00 |
|  sys_clk/inst/clk_out1 | sigma/sigma_tile/riscv/gensticky_genpsticky_glbl_regfile[5][31]_i_1_n_0                                 | sigma/sigma_tile/sfr/SR[0]_repN_4                                          |                1 |              4 |         4.00 |
|  sys_clk/inst/clk_out1 | sigma/sigma_tile/riscv/gensticky_genpsticky_glbl_regfile[5][31]_i_1_n_0                                 | sigma/sigma_tile/sfr/SR[0]_repN_6                                          |                2 |              4 |         2.00 |
|  sys_clk/inst/clk_out1 | sigma/sigma_tile/riscv/gensticky_genpsticky_glbl_regfile[3][31]_i_1_n_0                                 | sigma/sigma_tile/sfr/SR[0]_repN_4                                          |                1 |              4 |         4.00 |
|  sys_clk/inst/clk_out1 | sigma/sigma_tile/riscv/gensticky_genpsticky_glbl_regfile[11][31]_i_1_n_0                                | sigma/sigma_tile/sfr/SR[0]_repN_4                                          |                3 |              4 |         1.33 |
|  sys_clk/inst/clk_out1 | sigma/sigma_tile/riscv/gensticky_genpsticky_glbl_regfile[21][31]_i_1_n_0                                | sigma/sigma_tile/sfr/SR[0]_repN_2                                          |                2 |              4 |         2.00 |
|  sys_clk/inst/clk_out1 | sigma/sigma_tile/riscv/gensticky_genpsticky_glbl_regfile[6][31]_i_1_n_0                                 | sigma/sigma_tile/sfr/SR[0]_repN_2                                          |                1 |              4 |         4.00 |
|  sys_clk/inst/clk_out1 | sigma/sigma_tile/riscv/gensticky_genpsticky_glbl_regfile[23][31]_i_1_n_0                                | sigma/sigma_tile/sfr/SR[0]_repN_8                                          |                3 |              4 |         1.33 |
|  sys_clk/inst/clk_out1 | sigma/sigma_tile/riscv/gensticky_genpsticky_glbl_regfile[6][31]_i_1_n_0                                 | sigma/sigma_tile/sfr/SR[0]_repN_6                                          |                3 |              4 |         1.33 |
|  sys_clk/inst/clk_out1 | sigma/sigma_tile/riscv/gensticky_genpsticky_glbl_regfile[21][31]_i_1_n_0                                | sigma/sigma_tile/sfr/SR[0]_repN_8                                          |                3 |              4 |         1.33 |
|  sys_clk/inst/clk_out1 | sigma/sigma_tile/riscv/gensticky_genpsticky_glbl_regfile[27][31]_i_1_n_0                                | sigma/sigma_tile/sfr/SR[0]_repN_8                                          |                3 |              4 |         1.33 |
|  sys_clk/inst/clk_out1 | sigma/sigma_tile/riscv/gensticky_genpsticky_glbl_regfile[14][31]_i_1_n_0                                | sigma/sigma_tile/sfr/SR[0]_repN_6                                          |                1 |              4 |         4.00 |
|  sys_clk/inst/clk_out1 | sigma/sigma_tile/riscv/gensticky_genpsticky_glbl_regfile[7][31]_i_1_n_0                                 | sigma/sigma_tile/sfr/SR[0]_repN_6                                          |                2 |              4 |         2.00 |
|  sys_clk/inst/clk_out1 | sigma/sigma_tile/riscv/gensticky_genpsticky_glbl_regfile[4][31]_i_1_n_0                                 | sigma/sigma_tile/sfr/SR[0]_repN_5                                          |                2 |              4 |         2.00 |
|  sys_clk/inst/clk_out1 | sigma/sigma_tile/riscv/gensticky_genpsticky_glbl_regfile[4][31]_i_1_n_0                                 | sigma/sigma_tile/sfr/SR[0]_repN_2                                          |                1 |              5 |         5.00 |
|  sys_clk/inst/clk_out1 | sigma/sigma_tile/riscv/gensticky_genpsticky_glbl_regfile[4][31]_i_1_n_0                                 | sigma/sigma_tile/sfr/SR[0]_repN_9                                          |                1 |              5 |         5.00 |
|  sys_clk/inst/clk_out1 | sigma/sigma_tile/riscv/gensticky_genpsticky_glbl_regfile[7][31]_i_1_n_0                                 | sigma/sigma_tile/sfr/SR[0]_repN_2                                          |                3 |              5 |         1.67 |
|  sys_clk/inst/clk_out1 | sigma/sigma_tile/riscv/gensticky_genpsticky_glbl_regfile[17][31]_i_1_n_0                                | sigma/sigma_tile/sfr/SR[0]_repN_8                                          |                1 |              5 |         5.00 |
|  sys_clk/inst/clk_out1 | sigma/sigma_tile/riscv/gensticky_genpsticky_glbl_regfile[30][31]_i_1_n_0                                | sigma/sigma_tile/sfr/SR[0]_repN_8                                          |                3 |              5 |         1.67 |
|  sys_clk/inst/clk_out1 | sigma/sigma_tile/riscv/gensticky_genpsticky_glbl_regfile[27][31]_i_1_n_0                                | sigma/sigma_tile/sfr/SR[0]_repN_2                                          |                4 |              5 |         1.25 |
|  sys_clk/inst/clk_out1 | sigma/sigma_tile/riscv/gensticky_genpsticky_glbl_regfile[16][31]_i_1_n_0                                | sigma/sigma_tile/sfr/SR[0]_repN_4                                          |                2 |              5 |         2.50 |
|  sys_clk/inst/clk_out1 | sigma/sigma_tile/riscv/gensticky_genpsticky_glbl_regfile[10][31]_i_1_n_0                                | sigma/sigma_tile/sfr/SR[0]_repN_4                                          |                1 |              5 |         5.00 |
|  sys_clk/inst/clk_out1 | sigma/sigma_tile/riscv/gensticky_genpsticky_glbl_regfile[16][31]_i_1_n_0                                | sigma/sigma_tile/sfr/SR[0]_repN_8                                          |                1 |              5 |         5.00 |
|  sys_clk/inst/clk_out1 | sigma/sigma_tile/riscv/gensticky_genpsticky_glbl_regfile[6][31]_i_1_n_0                                 | sigma/sigma_tile/sfr/SR[0]_repN_9                                          |                3 |              5 |         1.67 |
|  sys_clk/inst/clk_out1 | sigma/sigma_tile/riscv/gensticky_genpsticky_glbl_regfile[26][31]_i_1_n_0                                | sigma/sigma_tile/sfr/SR[0]_repN_8                                          |                1 |              5 |         5.00 |
|  sys_clk/inst/clk_out1 | sigma/sigma_tile/riscv/gensticky_genpsticky_glbl_regfile[6][31]_i_1_n_0                                 | sigma/sigma_tile/sfr/SR[0]_repN_7                                          |                4 |              5 |         1.25 |
|  sys_clk/inst/clk_out1 | sigma/sigma_tile/riscv/gensticky_genpsticky_glbl_regfile[28][31]_i_1_n_0                                | sigma/sigma_tile/sfr/SR[0]_repN_2                                          |                3 |              5 |         1.67 |
|  sys_clk/inst/clk_out1 | sigma/sigma_tile/riscv/gensticky_genpsticky_glbl_regfile[7][31]_i_1_n_0                                 | sigma/sigma_tile/sfr/SR[0]_repN_7                                          |                4 |              5 |         1.25 |
|  sys_clk/inst/clk_out1 | sigma/sigma_tile/riscv/gensticky_genpsticky_glbl_regfile[25][31]_i_1_n_0                                | sigma/sigma_tile/sfr/SR[0]_repN_7                                          |                3 |              5 |         1.67 |
|  sys_clk/inst/clk_out1 | sigma/sigma_tile/riscv/gensticky_genpsticky_glbl_regfile[16][31]_i_1_n_0                                | sigma/sigma_tile/sfr/SR[0]_repN_2                                          |                3 |              5 |         1.67 |
|  sys_clk/inst/clk_out1 | sigma/sigma_tile/riscv/gensticky_genpsticky_glbl_regfile[20][31]_i_1_n_0                                | sigma/sigma_tile/sfr/SR[0]_repN_4                                          |                4 |              5 |         1.25 |
|  sys_clk/inst/clk_out1 | sigma/sigma_tile/riscv/gensticky_genpsticky_glbl_regfile[23][31]_i_1_n_0                                | sigma/sigma_tile/sfr/SR[0]_repN_4                                          |                1 |              5 |         5.00 |
|  sys_clk/inst/clk_out1 | sigma/sigma_tile/riscv/gensticky_genpsticky_glbl_regfile[25][31]_i_1_n_0                                | sigma/sigma_tile/sfr/SR[0]_repN_2                                          |                2 |              5 |         2.50 |
|  sys_clk/inst/clk_out1 | sigma/sigma_tile/riscv/gensticky_genpsticky_glbl_regfile[19][31]_i_1_n_0                                | sigma/sigma_tile/sfr/SR[0]_repN_8                                          |                1 |              5 |         5.00 |
|  sys_clk/inst/clk_out1 | sigma/sigma_tile/riscv/genpsticky_glbl_regfile                                                          | sigma/sigma_tile/sfr/SR[0]_repN_2                                          |                4 |              5 |         1.25 |
|  sys_clk/inst/clk_out1 | sigma/sigma_tile/riscv/bus_we_o_reg_0                                                                   | sigma/sigma_tile/riscv/bus_addr_bo_reg[1]_0                                |                2 |              5 |         2.50 |
|  sys_clk/inst/clk_out1 | sigma/sigma_tile/riscv/gensticky_genpsticky_glbl_regfile[25][31]_i_1_n_0                                | sigma/sigma_tile/sfr/SR[0]_repN_8                                          |                2 |              5 |         2.50 |
|  sys_clk/inst/clk_out1 | sigma/sigma_tile/riscv/gensticky_genpsticky_glbl_regfile[5][31]_i_1_n_0                                 | sigma/sigma_tile/sfr/SR[0]_repN_7                                          |                2 |              5 |         2.50 |
|  sys_clk/inst/clk_out1 | sigma/sigma_tile/riscv/gensticky_genpsticky_glbl_regfile[30][31]_i_1_n_0                                | sigma/sigma_tile/sfr/SR[0]_repN_2                                          |                4 |              5 |         1.25 |
|  sys_clk/inst/clk_out1 | sigma/sigma_tile/riscv/gensticky_genpsticky_glbl_regfile[23][31]_i_1_n_0                                | sigma/sigma_tile/sfr/SR[0]_repN_2                                          |                4 |              6 |         1.50 |
|  sys_clk/inst/clk_out1 | sigma/sigma_tile/riscv/gensticky_genpsticky_glbl_regfile[26][31]_i_1_n_0                                | sigma/sigma_tile/sfr/SR[0]_repN_2                                          |                3 |              6 |         2.00 |
|  sys_clk/inst/clk_out1 | sigma/sigma_tile/riscv/gensticky_genpsticky_glbl_regfile[29][31]_i_1_n_0                                | sigma/sigma_tile/sfr/SR[0]_repN_4                                          |                4 |              6 |         1.50 |
|  sys_clk/inst/clk_out1 | sigma/sigma_tile/riscv/gensticky_genpsticky_glbl_regfile[29][31]_i_1_n_0                                | sigma/sigma_tile/sfr/SR[0]_repN_7                                          |                2 |              6 |         3.00 |
|  sys_clk/inst/clk_out1 | sigma/sigma_tile/riscv/gensticky_genpsticky_glbl_regfile[20][31]_i_1_n_0                                | sigma/sigma_tile/sfr/SR[0]_repN_2                                          |                2 |              6 |         3.00 |
|  sys_clk/inst/clk_out1 | sigma/sigma_tile/riscv/gensticky_genpsticky_glbl_regfile[19][31]_i_1_n_0                                | sigma/sigma_tile/sfr/SR[0]_repN_7                                          |                1 |              6 |         6.00 |
|  sys_clk/inst/clk_out1 | sigma/sigma_tile/riscv/gensticky_genpsticky_glbl_regfile[7][31]_i_1_n_0                                 | sigma/sigma_tile/sfr/SR[0]_repN_9                                          |                2 |              6 |         3.00 |
|  sys_clk/inst/clk_out1 | sigma/sigma_tile/riscv/gensticky_genpsticky_glbl_regfile[9][31]_i_1_n_0                                 | sigma/sigma_tile/sfr/SR[0]_repN_4                                          |                1 |              6 |         6.00 |
|  sys_clk/inst/clk_out1 | sigma/sigma_tile/riscv/gensticky_genpsticky_glbl_regfile[21][31]_i_1_n_0                                | sigma/sigma_tile/sfr/SR[0]_repN_4                                          |                2 |              6 |         3.00 |
|  sys_clk/inst/clk_out1 | sigma/sigma_tile/riscv/gensticky_genpsticky_glbl_regfile[22][31]_i_1_n_0                                | sigma/sigma_tile/sfr/SR[0]_repN_4                                          |                4 |              6 |         1.50 |
|  sys_clk/inst/clk_out1 | sigma/sigma_tile/riscv/gensticky_genpsticky_glbl_regfile[22][31]_i_1_n_0                                | sigma/sigma_tile/sfr/SR[0]_repN_7                                          |                1 |              6 |         6.00 |
|  sys_clk/inst/clk_out1 | sigma/sigma_tile/riscv/gensticky_genpsticky_glbl_regfile[24][31]_i_1_n_0                                | sigma/sigma_tile/sfr/SR[0]_repN_8                                          |                3 |              6 |         2.00 |
|  sys_clk/inst/clk_out1 | sigma/sigma_tile/riscv/gensticky_genpsticky_glbl_regfile[24][31]_i_1_n_0                                | sigma/sigma_tile/sfr/SR[0]_repN_2                                          |                5 |              6 |         1.20 |
|  sys_clk/inst/clk_out1 | sigma/sigma_tile/riscv/gensticky_genpsticky_glbl_regfile[3][31]_i_1_n_0                                 | sigma/sigma_tile/sfr/SR[0]_repN_7                                          |                4 |              6 |         1.50 |
|  sys_clk/inst/clk_out1 | sigma/sigma_tile/riscv/gensticky_genpsticky_glbl_regfile[30][31]_i_1_n_0                                | sigma/sigma_tile/sfr/SR[0]_repN_4                                          |                3 |              6 |         2.00 |
|  sys_clk/inst/clk_out1 | sigma/sigma_tile/riscv/gensticky_genpsticky_glbl_regfile[30][31]_i_1_n_0                                | sigma/sigma_tile/sfr/SR[0]_repN_7                                          |                6 |              6 |         1.00 |
|  sys_clk/inst/clk_out1 | sigma/sigma_tile/riscv/gensticky_genpsticky_glbl_regfile[1][31]_i_1_n_0                                 | sigma/sigma_tile/sfr/SR[0]_repN_7                                          |                2 |              6 |         3.00 |
|  sys_clk/inst/clk_out1 | sigma/sigma_tile/riscv/gensticky_genpsticky_glbl_regfile[8][31]_i_1_n_0                                 | sigma/sigma_tile/sfr/SR[0]_repN_4                                          |                2 |              6 |         3.00 |
|  sys_clk/inst/clk_out1 | sigma/sigma_tile/riscv/gensticky_genpsticky_glbl_regfile[19][31]_i_1_n_0                                | sigma/sigma_tile/sfr/SR[0]_repN_2                                          |                2 |              6 |         3.00 |
|  sys_clk/inst/clk_out1 | sigma/sigma_tile/riscv/gensticky_genpsticky_glbl_regfile[19][31]_i_1_n_0                                | sigma/sigma_tile/sfr/SR[0]_repN_4                                          |                2 |              6 |         3.00 |
|  sys_clk/inst/clk_out1 | sigma/sigma_tile/riscv/gensticky_genpsticky_glbl_regfile[25][31]_i_1_n_0                                | sigma/sigma_tile/sfr/SR[0]_repN_4                                          |                4 |              6 |         1.50 |
|  sys_clk/inst/clk_out1 | sigma/sigma_tile/riscv/gensticky_genpsticky_glbl_regfile[2][31]_i_1_n_0                                 | sigma/sigma_tile/sfr/SR[0]_repN_7                                          |                3 |              6 |         2.00 |
|  sys_clk/inst/clk_out1 | sigma/sigma_tile/riscv/gensticky_genpsticky_glbl_regfile[4][31]_i_1_n_0                                 | sigma/sigma_tile/sfr/SR[0]_repN_7                                          |                3 |              6 |         2.00 |
|  sys_clk/inst/clk_out1 | sigma/Sobel_my/Array2Mat_U0/p_1_in2_in                                                                  |                                                                            |                2 |              6 |         3.00 |
|  sys_clk/inst/clk_out1 | sigma/sigma_tile/riscv/gensticky_genpsticky_glbl_regfile[24][31]_i_1_n_0                                | sigma/sigma_tile/sfr/SR[0]_repN_7                                          |                3 |              6 |         2.00 |
|  sys_clk/inst/clk_out1 | sigma/sigma_tile/riscv/gensticky_genpsticky_glbl_regfile[13][31]_i_1_n_0                                | sigma/sigma_tile/sfr/SR[0]_repN_4                                          |                2 |              6 |         3.00 |
|  sys_clk/inst/clk_out1 | sigma/sigma_tile/riscv/gensticky_genpsticky_glbl_regfile[17][31]_i_1_n_0                                | sigma/sigma_tile/sfr/SR[0]_repN_2                                          |                3 |              6 |         2.00 |
|  sys_clk/inst/clk_out1 | sigma/sigma_tile/riscv/gensticky_genpsticky_glbl_regfile[17][31]_i_1_n_0                                | sigma/sigma_tile/sfr/SR[0]_repN_4                                          |                2 |              6 |         3.00 |
|  sys_clk/inst/clk_out1 | sigma/sigma_tile/riscv/genpsticky_glbl_regfile                                                          | sigma/sigma_tile/sfr/SR[0]_repN_4                                          |                4 |              6 |         1.50 |
|  sys_clk/inst/clk_out1 | sigma/sigma_tile/riscv/gensticky_genpsticky_glbl_regfile[18][31]_i_1_n_0                                | sigma/sigma_tile/sfr/SR[0]_repN_2                                          |                3 |              6 |         2.00 |
|  sys_clk/inst/clk_out1 | sigma/sigma_tile/riscv/gensticky_genpsticky_glbl_regfile[18][31]_i_1_n_0                                | sigma/sigma_tile/sfr/SR[0]_repN_4                                          |                2 |              6 |         3.00 |
|  sys_clk/inst/clk_out1 | sigma/sigma_tile/riscv/gensticky_genpsticky_glbl_regfile[12][31]_i_1_n_0                                | sigma/sigma_tile/sfr/SR[0]_repN_4                                          |                1 |              6 |         6.00 |
|  sys_clk/inst/clk_out1 | sigma/sigma_tile/riscv/gensticky_genpsticky_glbl_regfile[5][31]_i_1_n_0                                 | sigma/sigma_tile/sfr/SR[0]_repN_9                                          |                1 |              6 |         6.00 |
|  sys_clk/inst/clk_out1 | sigma/udm/udm_controller/reset_syncbuf_reg[0]                                                           | sigma/reset_sync/reset_syncbuf_reg[0]_0                                    |                2 |              6 |         3.00 |
|  sys_clk/inst/clk_out1 | sigma/sigma_tile/riscv/gensticky_genpsticky_glbl_regfile[27][31]_i_1_n_0                                | sigma/sigma_tile/sfr/SR[0]_repN_5                                          |                6 |              7 |         1.17 |
|  sys_clk/inst/clk_out1 | sigma/sigma_tile/riscv/gensticky_genpsticky_glbl_regfile[7][31]_i_1_n_0                                 | sigma/sigma_tile/sfr/SR[0]_repN_8                                          |                5 |              7 |         1.40 |
|  sys_clk/inst/clk_out1 | sigma/sigma_tile/riscv/gensticky_genpsticky_glbl_regfile[29][31]_i_1_n_0                                | sigma/sigma_tile/sfr/SR[0]_repN_2                                          |                6 |              7 |         1.17 |
|  sys_clk/inst/clk_out1 | sigma/sigma_tile/riscv/gensticky_genpsticky_glbl_regfile[22][31]_i_1_n_0                                | sigma/sigma_tile/sfr/SR[0]_repN_2                                          |                4 |              7 |         1.75 |
|  sys_clk/inst/clk_out1 | sigma/sigma_tile/riscv/gensticky_genpsticky_glbl_regfile[17][31]_i_1_n_0                                | sigma/sigma_tile/sfr/SR[0]_repN_7                                          |                1 |              7 |         7.00 |
|  sys_clk/inst/clk_out1 | sigma/sigma_tile/riscv/gensticky_genpsticky_glbl_regfile[12][31]_i_1_n_0                                | sigma/sigma_tile/sfr/SR[0]_repN_7                                          |                2 |              7 |         3.50 |
|  sys_clk/inst/clk_out1 | sigma/sigma_tile/riscv/gensticky_genpsticky_glbl_regfile[27][31]_i_1_n_0                                | sigma/sigma_tile/sfr/SR[0]_repN_7                                          |                3 |              7 |         2.33 |
|  sys_clk/inst/clk_out1 | sigma/sigma_tile/riscv/gensticky_genpsticky_glbl_regfile[5][31]_i_1_n_0                                 | sigma/sigma_tile/sfr/SR[0]_repN_8                                          |                2 |              7 |         3.50 |
|  sys_clk/inst/clk_out1 | sigma/sigma_tile/riscv/gensticky_genpsticky_glbl_regfile[28][31]_i_1_n_0                                | sigma/sigma_tile/sfr/SR[0]_repN_4                                          |                2 |              7 |         3.50 |
|  sys_clk/inst/clk_out1 | sigma/sigma_tile/riscv/gensticky_genpsticky_glbl_regfile[11][31]_i_1_n_0                                | sigma/sigma_tile/sfr/SR[0]_repN_7                                          |                4 |              7 |         1.75 |
|  sys_clk/inst/clk_out1 | sigma/sigma_tile/riscv/gensticky_genpsticky_glbl_regfile[20][31]_i_1_n_0                                | sigma/sigma_tile/sfr/SR[0]_repN_5                                          |                4 |              7 |         1.75 |
|  sys_clk/inst/clk_out1 | sigma/sigma_tile/riscv/gensticky_genpsticky_glbl_regfile[26][31]_i_1_n_0                                | sigma/sigma_tile/sfr/SR[0]_repN_5                                          |                5 |              7 |         1.40 |
|  sys_clk/inst/clk_out1 | sigma/sigma_tile/riscv/gensticky_genpsticky_glbl_regfile[4][31]_i_1_n_0                                 | sigma/sigma_tile/sfr/SR[0]_repN_8                                          |                2 |              7 |         3.50 |
|  sys_clk/inst/clk_out1 | sigma/sigma_tile/riscv/gensticky_genpsticky_glbl_regfile[27][31]_i_1_n_0                                | sigma/sigma_tile/sfr/SR[0]_repN_4                                          |                3 |              7 |         2.33 |
|  sys_clk/inst/clk_out1 | sigma/sigma_tile/riscv/gensticky_genpsticky_glbl_regfile[29][31]_i_1_n_0                                | sigma/sigma_tile/sfr/SR[0]_repN_5                                          |                6 |              7 |         1.17 |
|  sys_clk/inst/clk_out1 | sigma/sigma_tile/riscv/gensticky_genpsticky_glbl_regfile[18][31]_i_1_n_0                                | sigma/sigma_tile/sfr/SR[0]_repN_7                                          |                2 |              7 |         3.50 |
|  sys_clk/inst/clk_out1 | sigma/sigma_tile/riscv/gensticky_genpsticky_glbl_regfile[26][31]_i_1_n_0                                | sigma/sigma_tile/sfr/SR[0]_repN_7                                          |                1 |              7 |         7.00 |
|  sys_clk/inst/clk_out1 | sigma/sigma_tile/riscv/gensticky_genpsticky_glbl_regfile[26][31]_i_1_n_0                                | sigma/sigma_tile/sfr/SR[0]_repN_4                                          |                4 |              7 |         1.75 |
|  sys_clk/inst/clk_out1 | sigma/sigma_tile/riscv/gensticky_genpsticky_glbl_regfile[23][31]_i_1_n_0                                | sigma/sigma_tile/sfr/SR[0]_repN_7                                          |                3 |              7 |         2.33 |
|  sys_clk/inst/clk_out1 | sigma/udm/uart_tx/databuf                                                                               | sigma/reset_sync/Q[0]                                                      |                3 |              8 |         2.67 |
|  sys_clk/inst/clk_out1 | sigma/sigma_tile/riscv/gensticky_genpsticky_glbl_regfile[28][31]_i_1_n_0                                | sigma/sigma_tile/sfr/SR[0]_repN_5                                          |                5 |              8 |         1.60 |
|  sys_clk/inst/clk_out1 | sigma/sigma_tile/riscv/gensticky_genpsticky_glbl_regfile[6][31]_i_1_n_0                                 | sigma/sigma_tile/sfr/SR[0]_repN_8                                          |                3 |              8 |         2.67 |
|  sys_clk/inst/clk_out1 | sigma/udm/udm_controller/RD_DATA_reg[23]_i_1_n_0                                                        | sigma/udm/udm_controller/RD_DATA_reg[31]_i_1_n_0                           |                5 |              8 |         1.60 |
|  sys_clk/inst/clk_out1 | sigma/sigma_tile/riscv/gensticky_genpsticky_glbl_regfile[19][31]_i_1_n_0                                | sigma/sigma_tile/sfr/SR[0]_repN_5                                          |                2 |              8 |         4.00 |
|  sys_clk/inst/clk_out1 | sigma/sigma_tile/riscv/gensticky_genpsticky_glbl_regfile[10][31]_i_1_n_0                                | sigma/sigma_tile/sfr/SR[0]_repN_7                                          |                1 |              8 |         8.00 |
|  sys_clk/inst/clk_out1 | sigma/sigma_tile/riscv/gensticky_genpsticky_glbl_regfile[22][31]_i_1_n_0                                | sigma/sigma_tile/sfr/SR[0]_repN_5                                          |                3 |              8 |         2.67 |
|  sys_clk/inst/clk_out1 | sigma/udm/udm_controller/tx_sendbyte_ff[7]_i_1_n_0                                                      |                                                                            |                2 |              8 |         4.00 |
|  sys_clk/inst/clk_out1 | sigma/sigma_tile/riscv/gensticky_genpsticky_glbl_regfile[18][31]_i_1_n_0                                | sigma/sigma_tile/sfr/SR[0]_repN_5                                          |                3 |              8 |         2.67 |
|  sys_clk/inst/clk_out1 | sigma/sigma_tile/riscv/gensticky_genpsticky_glbl_regfile[17][31]_i_1_n_0                                | sigma/sigma_tile/sfr/SR[0]_repN_5                                          |                2 |              8 |         4.00 |
|  sys_clk/inst/clk_out1 | sigma/sigma_tile/riscv/gensticky_genpsticky_glbl_regfile[30][31]_i_1_n_0                                | sigma/sigma_tile/sfr/SR[0]_repN_5                                          |                6 |              8 |         1.33 |
|  sys_clk/inst/clk_out1 | sigma/udm/udm_controller/tx_sendbyte[7]_i_2_n_0                                                         | sigma/udm/udm_controller/tx_sendbyte[7]_i_1_n_0                            |                2 |              8 |         4.00 |
|  sys_clk/inst/clk_out1 | sigma/sigma_tile/riscv/gensticky_genpsticky_glbl_regfile[25][31]_i_1_n_0                                | sigma/sigma_tile/sfr/SR[0]_repN_5                                          |                4 |              8 |         2.00 |
|  sys_clk/inst/clk_out1 | sigma/sigma_tile/riscv/gensticky_genpsticky_glbl_regfile[16][31]_i_1_n_0                                | sigma/sigma_tile/sfr/SR[0]_repN_7                                          |                2 |              8 |         4.00 |
|  sys_clk/inst/clk_out1 | sigma/sigma_tile/riscv/gensticky_genpsticky_glbl_regfile[14][31]_i_1_n_0                                | sigma/sigma_tile/sfr/SR[0]_repN_7                                          |                2 |              8 |         4.00 |
|  sys_clk/inst/clk_out1 | sigma/sigma_tile/riscv/gensticky_genpsticky_glbl_regfile[13][31]_i_1_n_0                                | sigma/sigma_tile/sfr/SR[0]_repN_7                                          |                1 |              8 |         8.00 |
|  sys_clk/inst/clk_out1 |                                                                                                         | sigma/udm/uart_rx/SR[0]                                                    |                3 |              8 |         2.67 |
|  sys_clk/inst/clk_out1 | sigma/udm/uart_rx/dout_bo[7]_i_1_n_0                                                                    | sigma/reset_sync/Q[0]                                                      |                2 |              8 |         4.00 |
|  sys_clk/inst/clk_out1 | sigma/sigma_tile/riscv/gensticky_genpsticky_glbl_regfile[21][31]_i_1_n_0                                | sigma/sigma_tile/sfr/SR[0]_repN_7                                          |                2 |              8 |         4.00 |
|  sys_clk/inst/clk_out1 | sigma/sigma_tile/riscv/gensticky_genpsticky_glbl_regfile[21][31]_i_1_n_0                                | sigma/sigma_tile/sfr/SR[0]_repN_5                                          |                3 |              8 |         2.67 |
|  sys_clk/inst/clk_out1 | sigma/sigma_tile/riscv/gensticky_genpsticky_glbl_regfile[8][31]_i_1_n_0                                 | sigma/sigma_tile/sfr/SR[0]_repN_7                                          |                2 |              8 |         4.00 |
|  sys_clk/inst/clk_out1 | sigma/sigma_tile/riscv/genpsticky_glbl_regfile                                                          | sigma/sigma_tile/sfr/SR[0]_repN_7                                          |                5 |              8 |         1.60 |
|  sys_clk/inst/clk_out1 | sigma/sigma_tile/riscv/genpsticky_glbl_regfile                                                          | sigma/sigma_tile/sfr/SR[0]_repN_5                                          |                8 |              8 |         1.00 |
|  sys_clk/inst/clk_out1 | sigma/sigma_tile/riscv/gensticky_genpsticky_glbl_regfile[10][31]_i_1_n_0                                | sigma/sigma_tile/sfr/SR[0]_repN_8                                          |                3 |              9 |         3.00 |
|  sys_clk/inst/clk_out1 | sigma/sigma_tile/riscv/gensticky_genpsticky_glbl_regfile[24][31]_i_1_n_0                                | sigma/sigma_tile/sfr/SR[0]_repN_5                                          |                5 |              9 |         1.80 |
|  sys_clk/inst/clk_out1 | sigma/sigma_tile/riscv/gensticky_genpsticky_glbl_regfile[16][31]_i_1_n_0                                | sigma/sigma_tile/sfr/SR[0]_repN_5                                          |                7 |              9 |         1.29 |
|  sys_clk/inst/clk_out1 | sigma/sigma_tile/riscv/gensticky_genpsticky_glbl_regfile[15][31]_i_1_n_0                                | sigma/sigma_tile/sfr/SR[0]_repN_7                                          |                5 |              9 |         1.80 |
|  sys_clk/inst/clk_out1 | sigma/sigma_tile/riscv/gensticky_genpsticky_glbl_regfile[20][31]_i_1_n_0                                | sigma/sigma_tile/sfr/SR[0]_repN_7                                          |                4 |              9 |         2.25 |
|  sys_clk/inst/clk_out1 | sigma/sigma_tile/riscv/genpstage_MEM_genpctrl_stalled_glbl140_out                                       | sigma/sigma_tile/sfr/SR[0]_repN_10                                         |                5 |              9 |         1.80 |
|  sys_clk/inst/clk_out1 | sigma/sigma_tile/riscv/gensticky_genpsticky_glbl_regfile[28][31]_i_1_n_0                                | sigma/sigma_tile/sfr/SR[0]_repN_7                                          |                5 |              9 |         1.80 |
|  sys_clk/inst/clk_out1 | sigma/sigma_tile/riscv/gensticky_genpsticky_glbl_regfile[9][31]_i_1_n_0                                 | sigma/sigma_tile/sfr/SR[0]_repN_7                                          |                2 |              9 |         4.50 |
|  sys_clk/inst/clk_out1 | sigma/sigma_tile/riscv/gensticky_genpsticky_glbl_regfile[23][31]_i_1_n_0                                | sigma/sigma_tile/sfr/SR[0]_repN_5                                          |                3 |              9 |         3.00 |
|  sys_clk/inst/clk_out1 | sigma/sigma_tile/riscv/gensticky_genpsticky_glbl_regfile[14][31]_i_1_n_0                                | sigma/sigma_tile/sfr/SR[0]_repN_8                                          |                3 |             10 |         3.33 |
|  sys_clk/inst/clk_out1 | sigma/sigma_tile/riscv/gensticky_genpsticky_glbl_regfile[13][31]_i_1_n_0                                | sigma/sigma_tile/sfr/SR[0]_repN_8                                          |                3 |             10 |         3.33 |
|  sys_clk/inst/clk_out1 | sigma/sigma_tile/riscv/gensticky_genpsticky_glbl_regfile[8][31]_i_1_n_0                                 | sigma/sigma_tile/sfr/SR[0]_repN_8                                          |                4 |             10 |         2.50 |
|  sys_clk/inst/clk_out1 | sigma/sigma_tile/riscv/gensticky_genpsticky_glbl_regfile[9][31]_i_1_n_0                                 | sigma/sigma_tile/sfr/SR[0]_repN_8                                          |                6 |             10 |         1.67 |
|  sys_clk/inst/clk_out1 | sigma/sigma_tile/riscv/genpstage_WB_genpctrl_stalled_glbl                                               | sigma/sigma_tile/sfr/SR[0]_repN                                            |                6 |             10 |         1.67 |
|  sys_clk/inst/clk_out1 | sigma/sigma_tile/riscv/gensticky_genpsticky_glbl_regfile[12][31]_i_1_n_0                                | sigma/sigma_tile/sfr/SR[0]_repN_8                                          |                4 |             11 |         2.75 |
|  sys_clk/inst/clk_out1 | sigma/sigma_tile/riscv/gensticky_genpsticky_glbl_regfile[3][31]_i_1_n_0                                 | sigma/sigma_tile/sfr/SR[0]_repN_8                                          |                3 |             11 |         3.67 |
|  sys_clk/inst/clk_out1 | sigma/sigma_tile/riscv/gensticky_genpsticky_glbl_regfile[11][31]_i_1_n_0                                | sigma/sigma_tile/sfr/SR[0]_repN_8                                          |                4 |             11 |         2.75 |
|  sys_clk/inst/clk_out1 | sigma/sigma_tile/riscv/gensticky_genpsticky_glbl_regfile[1][31]_i_1_n_0                                 | sigma/sigma_tile/sfr/SR[0]_repN_8                                          |                4 |             11 |         2.75 |
|  sys_clk/inst/clk_out1 | sigma/sigma_tile/riscv/gensticky_genpsticky_glbl_regfile[15][31]_i_1_n_0                                | sigma/sigma_tile/sfr/SR[0]_repN_8                                          |                7 |             11 |         1.57 |
|  sys_clk/inst/clk_out1 | sigma/host\\.rdata[31]_i_2_n_0                                                                          | sigma/sigma_tile/riscv/gensticky_genpstage_MEM_alu_result_genglbl_reg[3]_1 |                6 |             11 |         1.83 |
|  sys_clk/inst/clk_out1 | sigma/host\\.rdata[31]_i_2_n_0                                                                          | sigma/sigma_tile/riscv/gensticky_genpstage_MEM_alu_result_genglbl_reg[3]_2 |                4 |             11 |         2.75 |
|  sys_clk/inst/clk_out1 |                                                                                                         | sigma/reset_sync/cpu_reset                                                 |                9 |             13 |         1.44 |
|  sys_clk/inst/clk_out1 | sigma/sigma_tile/riscv/gensticky_genpsticky_glbl_regfile[2][31]_i_1_n_0                                 | sigma/sigma_tile/sfr/SR[0]_repN_8                                          |                5 |             13 |         2.60 |
|  sys_clk/inst/clk_out1 | sigma/sigma_tile/riscv/E[0]                                                                             | sigma/reset_sync/cpu_reset                                                 |                6 |             16 |         2.67 |
|  sys_clk/inst/clk_out1 | sigma/sigma_tile/riscv/bus_we_o_reg                                                                     |                                                                            |                9 |             16 |         1.78 |
|  sys_clk/inst/clk_out1 | sigma/sigma_tile/riscv/bus_we_o_reg                                                                     | sigma/sigma_tile/riscv/csr_rdata[23]_i_9_0                                 |                4 |             16 |         4.00 |
|  sys_clk/inst/clk_out1 | sigma/sigma_tile/riscv/gensticky_genpstage_IDECODE_curinstr_addr_genglbl[31]_i_1_n_0                    | sigma/sigma_tile/sfr/SR[0]_repN_10                                         |                3 |             18 |         6.00 |
|  sys_clk/inst/clk_out1 | sigma/sigma_tile/riscv/genpstage_MEM_genpctrl_stalled_glbl140_out                                       | sigma/sigma_tile/sfr/SR[0]_repN                                            |                8 |             19 |         2.38 |
|  sys_clk/inst/clk_out1 | sigma/debouncer/counter[0]_i_1__0_n_0                                                                   | sigma/reset_sync/Q[0]                                                      |                5 |             20 |         4.00 |
|  sys_clk/inst/clk_out1 |                                                                                                         | sigma/sigma_tile/sfr/SR[0]_repN                                            |               11 |             24 |         2.18 |
|  sys_clk/inst/clk_out1 | sigma/udm/udm_controller/RD_DATA_reg[23]_i_1_n_0                                                        |                                                                            |               15 |             24 |         1.60 |
|  sys_clk/inst/clk_out1 | sigma/udm/uart_rx/bitperiod_o[28]_i_1_n_0                                                               | sigma/reset_sync/Q[0]                                                      |               11 |             30 |         2.73 |
|  sys_clk/inst/clk_out1 | sigma/udm/udm_controller/bus_wdata_bo[31]_i_1_n_0                                                       | sigma/reset_sync/Q[0]                                                      |               10 |             32 |         3.20 |
|  sys_clk/inst/clk_out1 | sigma/Sobel_my/Filter2D_U0/Q[1]                                                                         |                                                                            |                9 |             32 |         3.56 |
|  sys_clk/inst/clk_out1 | sigma/sigma_tile/riscv/sw_reset_o_reg[0]                                                                | sigma/reset_sync/cpu_reset                                                 |               11 |             32 |         2.91 |
|  sys_clk/inst/clk_out1 | sigma/sigma_tile/sfr/timer_value[31]_i_2_n_0                                                            | sigma/sigma_tile/riscv/rst_o_reg[0]                                        |                6 |             32 |         5.33 |
|  sys_clk/inst/clk_out1 | sigma/Sobel_my/Array2Mat_U0/ap_CS_fsm_state6                                                            | sigma/Sobel_my/Array2Mat_U0/t_V_reg_134                                    |               11 |             32 |         2.91 |
|  sys_clk/inst/clk_out1 | sigma/sigma_tile/riscv/gensticky_genpstage_IDECODE_genmcopipe_handle_instr_mem_genvar_rdata[31]_i_1_n_0 | sigma/sigma_tile/sfr/SR[0]_repN_10                                         |                9 |             32 |         3.56 |
|  sys_clk/inst/clk_out1 | sigma/udm/uart_rx/clk_counter                                                                           | sigma/reset_sync/Q[0]                                                      |                9 |             32 |         3.56 |
|  sys_clk/inst/clk_out1 | sigma/udm/uart_tx/clk_counter                                                                           | sigma/reset_sync/Q[0]                                                      |                5 |             32 |         6.40 |
|  sys_clk/inst/clk_out1 | sigma/Sobel_my/Array2Mat_U0/ap_CS_fsm_state2                                                            |                                                                            |                9 |             32 |         3.56 |
|  sys_clk/inst/clk_out1 | sigma/udm/udm_controller/bus_addr_bo[31]_i_1_n_0                                                        | sigma/reset_sync/Q[0]                                                      |               11 |             32 |         2.91 |
|  sys_clk/inst/clk_out1 | sigma/Sobel_my/Array2Mat_U0/t_V_3_reg_1450                                                              | sigma/Sobel_my/Array2Mat_U0/t_V_3_reg_145                                  |                8 |             32 |         4.00 |
|  sys_clk/inst/clk_out1 | sigma/udm/udm_controller/timeout_counter[31]_i_2_n_0                                                    | sigma/udm/udm_controller/timeout_counter[31]_i_1_n_0                       |                9 |             32 |         3.56 |
|  sys_clk/inst/clk_out1 | sigma/udm/udm_controller/tr_length[31]_i_1_n_0                                                          |                                                                            |               12 |             32 |         2.67 |
|  sys_clk/inst/clk_out1 | sigma/Sobel_my/Filter2D_U0/ap_CS_fsm_state6                                                             | sigma/Sobel_my/Filter2D_U0/t_V_reg_244                                     |                7 |             32 |         4.57 |
|  sys_clk/inst/clk_out1 | sigma/Sobel_my/Filter2D_U0/t_V_2_reg_2550                                                               | sigma/Sobel_my/Filter2D_U0/t_V_2_reg_255[0]_i_1_n_0                        |                8 |             32 |         4.00 |
|  sys_clk/inst/clk_out1 |                                                                                                         | sigma/sigma_tile/sfr/SR[0]_repN_3                                          |               14 |             36 |         2.57 |
|  sys_clk/inst/clk_out1 | sigma/sigma_tile/arb_cpu/testmem_resp_reg_0[0]                                                          |                                                                            |               10 |             42 |         4.20 |
|  sys_clk/inst/clk_out1 | sigma/sigma_tile/riscv/gensticky_genpstage_IDECODE_curinstr_addr_genglbl[31]_i_1_n_0                    | sigma/sigma_tile/sfr/SR[0]_repN_1                                          |                6 |             45 |         7.50 |
|  sys_clk/inst/clk_out1 | sigma/sigma_tile/riscv/gensticky_genpstage_MEM_alu_result_genglbl_reg[2]_4[0]                           |                                                                            |                8 |             48 |         6.00 |
|  sys_clk/inst/clk_out1 |                                                                                                         | sigma/reset_sync/Q[0]                                                      |               29 |             50 |         1.72 |
|  sys_clk/inst/clk_out1 |                                                                                                         | sigma/sigma_tile/sfr/SR[0]_repN_10                                         |               22 |             56 |         2.55 |
|  sys_clk/inst/clk_out1 | sigma/sigma_tile/riscv/genpstage_WB_genpctrl_stalled_glbl                                               | sigma/sigma_tile/sfr/SR[0]_repN_3                                          |               36 |             64 |         1.78 |
|  sys_clk/inst/clk_out1 |                                                                                                         | sigma/sigma_tile/sfr/SR[0]_repN_1                                          |               28 |             65 |         2.32 |
|  sys_clk/inst/clk_out1 | sigma/sigma_tile/riscv/genpstage_MEM_genpctrl_stalled_glbl140_out                                       | sigma/sigma_tile/sfr/SR[0]_repN_3                                          |               33 |             72 |         2.18 |
|  sys_clk/inst/clk_out1 | sigma/sigma_tile/riscv/genpstage_MEM_genpctrl_stalled_glbl140_out                                       | sigma/sigma_tile/sfr/SR[0]_repN_11                                         |               31 |             77 |         2.48 |
|  sys_clk/inst/clk_out1 | sigma/sigma_tile/riscv/gensticky_genpstage_EXEC_mret_req_genglbl[0]_i_1_n_0                             | sigma/sigma_tile/sfr/SR[0]_repN                                            |               30 |             89 |         2.97 |
|  sys_clk/inst/clk_out1 | sigma/sigma_tile/riscv/genpstage_IFETCH_curinstr_addr_genglbl                                           | sigma/sigma_tile/sfr/SR[0]_repN_1                                          |               26 |             92 |         3.54 |
|  sys_clk/inst/clk_out1 |                                                                                                         |                                                                            |               54 |             96 |         1.78 |
|  sys_clk/inst/clk_out1 | sigma/sigma_tile/riscv/gensticky_genpstage_EXEC_mret_req_genglbl[0]_i_1_n_0                             | sigma/sigma_tile/sfr/SR[0]_repN_11                                         |               43 |            125 |         2.91 |
+------------------------+---------------------------------------------------------------------------------------------------------+----------------------------------------------------------------------------+------------------+----------------+--------------+


