
*** Running vivado
    with args -log NEXYS4_DDR.vds -m64 -product Vivado -mode batch -messageDb vivado.pb -notrace -source NEXYS4_DDR.tcl



****** Vivado v2020.1 (64-bit)
  **** SW Build 2902540 on Wed May 27 19:54:49 MDT 2020
  **** IP Build 2902112 on Wed May 27 22:43:36 MDT 2020
    ** Copyright 1986-2020 Xilinx, Inc. All Rights Reserved.

source NEXYS4_DDR.tcl -notrace
Command: synth_design -top NEXYS4_DDR -part xc7a100tcsg324-3
Starting synth_design
Attempting to get a license for feature 'Synthesis' and/or device 'xc7a100t'
INFO: [Common 17-349] Got license for feature 'Synthesis' and/or device 'xc7a100t'
INFO: [Device 21-403] Loading part xc7a100tcsg324-3
INFO: [Synth 8-7079] Multithreading enabled for synth_design using a maximum of 2 processes.
INFO: [Synth 8-7078] Launching helper process for spawning children vivado processes
INFO: [Synth 8-7075] Helper process launched with PID 9800
---------------------------------------------------------------------------------
Starting RTL Elaboration : Time (s): cpu = 00:00:06 ; elapsed = 00:00:07 . Memory (MB): peak = 1032.773 ; gain = 0.000
---------------------------------------------------------------------------------
INFO: [Synth 8-6157] synthesizing module 'NEXYS4_DDR' [F:/Vivado/Downloads/Spec_sobel/activecore/designs/rtl/sigma/syn/syn_4stage/NEXYS4-DDR/NEXYS4_DDR.sv:1]
INFO: [Synth 8-6157] synthesizing module 'sys_clk' [F:/Vivado/Downloads/Spec_sobel/activecore/designs/rtl/sigma/syn/syn_4stage/NEXYS4-DDR/NEXYS4_DDR.runs/synth_1/.Xil/Vivado-7316-DESKTOP-D7RM7IV/realtime/sys_clk_stub.v:5]
INFO: [Synth 8-6155] done synthesizing module 'sys_clk' (1#1) [F:/Vivado/Downloads/Spec_sobel/activecore/designs/rtl/sigma/syn/syn_4stage/NEXYS4-DDR/NEXYS4_DDR.runs/synth_1/.Xil/Vivado-7316-DESKTOP-D7RM7IV/realtime/sys_clk_stub.v:5]
INFO: [Synth 8-6157] synthesizing module 'sigma' [F:/Vivado/Downloads/Spec_sobel/activecore/designs/rtl/sigma/hw/sigma.sv:12]
	Parameter CPU bound to: riscv_4stage - type: string 
	Parameter UDM_BUS_TIMEOUT bound to: 104857600 - type: integer 
	Parameter UDM_RTX_EXTERNAL_OVERRIDE bound to: NO - type: string 
	Parameter delay_test_flag bound to: 0 - type: integer 
	Parameter mem_init bound to: YES - type: string 
	Parameter mem_type bound to: hex - type: string 
	Parameter mem_data bound to: F:/Vivado/Downloads/Spec_sobel/activecore/designs/rtl/sigma/sw/benchmarks/sobel_sw.riscv - type: string 
	Parameter mem_size bound to: 8192 - type: integer 
	Parameter CSR_LED_ADDR bound to: -2147483648 - type: integer 
	Parameter CSR_SW_ADDR bound to: -2147483644 - type: integer 
	Parameter TESTMEM_ADDR bound to: -2147483648 - type: integer 
	Parameter TESTMEM_ADDR_OUT bound to: -1879048192 - type: integer 
	Parameter START_ADDR bound to: -2147479556 - type: integer 
	Parameter TESTMEM_WSIZE bound to: 1024 - type: integer 
INFO: [Synth 8-6157] synthesizing module 'reset_sync' [F:/Vivado/Downloads/Spec_sobel/activecore/designs/rtl/reset_sync/reset_sync.v:1]
	Parameter SYNC_STAGES bound to: 4 - type: integer 
INFO: [Synth 8-6155] done synthesizing module 'reset_sync' (2#1) [F:/Vivado/Downloads/Spec_sobel/activecore/designs/rtl/reset_sync/reset_sync.v:1]
INFO: [Synth 8-6157] synthesizing module 'debouncer' [F:/Vivado/Downloads/Spec_sobel/activecore/designs/rtl/debouncer/debouncer.v:10]
	Parameter FACTOR_POW bound to: 20 - type: integer 
INFO: [Synth 8-6155] done synthesizing module 'debouncer' (3#1) [F:/Vivado/Downloads/Spec_sobel/activecore/designs/rtl/debouncer/debouncer.v:10]
INFO: [Synth 8-6157] synthesizing module 'MemSplit32' [F:/Vivado/Downloads/Spec_sobel/activecore/designs/rtl/sigma_tile/hw/sigma_tile.svh:13]
INFO: [Synth 8-6155] done synthesizing module 'MemSplit32' (3#1) [F:/Vivado/Downloads/Spec_sobel/activecore/designs/rtl/sigma_tile/hw/sigma_tile.svh:13]
INFO: [Synth 8-6157] synthesizing module 'MemSplit32' [F:/Vivado/Downloads/Spec_sobel/activecore/designs/rtl/sigma_tile/hw/sigma_tile.svh:13]
INFO: [Synth 8-6155] done synthesizing module 'MemSplit32' (3#1) [F:/Vivado/Downloads/Spec_sobel/activecore/designs/rtl/sigma_tile/hw/sigma_tile.svh:13]
INFO: [Synth 8-6157] synthesizing module 'sigma_tile' [F:/Vivado/Downloads/Spec_sobel/activecore/designs/rtl/sigma_tile/hw/sigma_tile.sv:19]
	Parameter corenum bound to: 0 - type: integer 
	Parameter mem_init bound to: YES - type: string 
	Parameter mem_type bound to: hex - type: string 
	Parameter mem_data bound to: F:/Vivado/Downloads/Spec_sobel/activecore/designs/rtl/sigma/sw/benchmarks/sobel_sw.riscv - type: string 
	Parameter mem_size bound to: 8192 - type: integer 
	Parameter CPU bound to: riscv_4stage - type: string 
	Parameter PATH_THROUGH bound to: YES - type: string 
	Parameter SW_RESET_DEFAULT bound to: 0 - type: integer 
	Parameter IRQ_NUM_POW bound to: 4 - type: integer 
	Parameter XIF_BITSEL bound to: 31 - type: integer 
	Parameter SFR_BITSEL bound to: 20 - type: integer 
INFO: [Synth 8-6157] synthesizing module 'MemSplit32' [F:/Vivado/Downloads/Spec_sobel/activecore/designs/rtl/sigma_tile/hw/sigma_tile.svh:13]
INFO: [Synth 8-6155] done synthesizing module 'MemSplit32' (3#1) [F:/Vivado/Downloads/Spec_sobel/activecore/designs/rtl/sigma_tile/hw/sigma_tile.svh:13]
INFO: [Synth 8-6157] synthesizing module 'MemSplit32' [F:/Vivado/Downloads/Spec_sobel/activecore/designs/rtl/sigma_tile/hw/sigma_tile.svh:13]
INFO: [Synth 8-6155] done synthesizing module 'MemSplit32' (3#1) [F:/Vivado/Downloads/Spec_sobel/activecore/designs/rtl/sigma_tile/hw/sigma_tile.svh:13]
INFO: [Synth 8-6157] synthesizing module 'riscv_4stage' [F:/Vivado/Downloads/Spec_sobel/activecore/designs/rtl/sigma_tile/hw/riscv/coregen/riscv_4stage/sverilog/riscv_4stage.sv:9]
INFO: [Synth 8-155] case statement is not full and has no default [F:/Vivado/Downloads/Spec_sobel/activecore/designs/rtl/sigma_tile/hw/riscv/coregen/riscv_4stage/sverilog/riscv_4stage.sv:3253]
INFO: [Synth 8-155] case statement is not full and has no default [F:/Vivado/Downloads/Spec_sobel/activecore/designs/rtl/sigma_tile/hw/riscv/coregen/riscv_4stage/sverilog/riscv_4stage.sv:3768]
INFO: [Synth 8-155] case statement is not full and has no default [F:/Vivado/Downloads/Spec_sobel/activecore/designs/rtl/sigma_tile/hw/riscv/coregen/riscv_4stage/sverilog/riscv_4stage.sv:3864]
INFO: [Synth 8-155] case statement is not full and has no default [F:/Vivado/Downloads/Spec_sobel/activecore/designs/rtl/sigma_tile/hw/riscv/coregen/riscv_4stage/sverilog/riscv_4stage.sv:4390]
INFO: [Synth 8-155] case statement is not full and has no default [F:/Vivado/Downloads/Spec_sobel/activecore/designs/rtl/sigma_tile/hw/riscv/coregen/riscv_4stage/sverilog/riscv_4stage.sv:4139]
INFO: [Synth 8-155] case statement is not full and has no default [F:/Vivado/Downloads/Spec_sobel/activecore/designs/rtl/sigma_tile/hw/riscv/coregen/riscv_4stage/sverilog/riscv_4stage.sv:4483]
INFO: [Synth 8-155] case statement is not full and has no default [F:/Vivado/Downloads/Spec_sobel/activecore/designs/rtl/sigma_tile/hw/riscv/coregen/riscv_4stage/sverilog/riscv_4stage.sv:4828]
INFO: [Synth 8-155] case statement is not full and has no default [F:/Vivado/Downloads/Spec_sobel/activecore/designs/rtl/sigma_tile/hw/riscv/coregen/riscv_4stage/sverilog/riscv_4stage.sv:4839]
INFO: [Synth 8-6155] done synthesizing module 'riscv_4stage' (4#1) [F:/Vivado/Downloads/Spec_sobel/activecore/designs/rtl/sigma_tile/hw/riscv/coregen/riscv_4stage/sverilog/riscv_4stage.sv:9]
WARNING: [Synth 8-689] width (36) of port connection 'irq_fifo_genfifo_rdata_bi' does not match port width (8) of module 'riscv_4stage' [F:/Vivado/Downloads/Spec_sobel/activecore/designs/rtl/sigma_tile/hw/sigma_tile.sv:238]
INFO: [Synth 8-6157] synthesizing module 'MemSplit32' [F:/Vivado/Downloads/Spec_sobel/activecore/designs/rtl/sigma_tile/hw/sigma_tile.svh:13]
INFO: [Synth 8-6155] done synthesizing module 'MemSplit32' (4#1) [F:/Vivado/Downloads/Spec_sobel/activecore/designs/rtl/sigma_tile/hw/sigma_tile.svh:13]
INFO: [Synth 8-6157] synthesizing module 'MemSplit32' [F:/Vivado/Downloads/Spec_sobel/activecore/designs/rtl/sigma_tile/hw/sigma_tile.svh:13]
INFO: [Synth 8-6155] done synthesizing module 'MemSplit32' (4#1) [F:/Vivado/Downloads/Spec_sobel/activecore/designs/rtl/sigma_tile/hw/sigma_tile.svh:13]
INFO: [Synth 8-6157] synthesizing module 'arb_2m3s' [F:/Vivado/Downloads/Spec_sobel/activecore/designs/rtl/sigma_tile/hw/arb_2m3s.sv:12]
	Parameter SFR_BITSEL bound to: 20 - type: integer 
	Parameter XIF_BITSEL bound to: 31 - type: integer 
INFO: [Synth 8-6155] done synthesizing module 'arb_2m3s' (5#1) [F:/Vivado/Downloads/Spec_sobel/activecore/designs/rtl/sigma_tile/hw/arb_2m3s.sv:12]
INFO: [Synth 8-6157] synthesizing module 'irq_adapter' [F:/Vivado/Downloads/Spec_sobel/activecore/designs/rtl/sigma_tile/hw/irq_adapter.sv:10]
	Parameter IRQ_NUM_POW bound to: 4 - type: integer 
	Parameter IRQ_NUM bound to: 16 - type: integer 
INFO: [Synth 8-6155] done synthesizing module 'irq_adapter' (6#1) [F:/Vivado/Downloads/Spec_sobel/activecore/designs/rtl/sigma_tile/hw/irq_adapter.sv:10]
INFO: [Synth 8-6157] synthesizing module 'ram_dual_memsplit' [F:/Vivado/Downloads/Spec_sobel/activecore/designs/rtl/ram/ram_dual_memsplit.v:1]
	Parameter mem_init bound to: YES - type: string 
	Parameter mem_type bound to: hex - type: string 
	Parameter mem_data bound to: F:/Vivado/Downloads/Spec_sobel/activecore/designs/rtl/sigma/sw/benchmarks/sobel_sw.riscv - type: string 
	Parameter dat_width bound to: 32 - type: integer 
	Parameter adr_width bound to: 30 - type: integer 
	Parameter mem_size bound to: 8192 - type: integer 
INFO: [Synth 8-6157] synthesizing module 'ram_dual' [F:/Vivado/Downloads/Spec_sobel/activecore/designs/rtl/ram/ram_dual.v:1]
	Parameter mem_init bound to: YES - type: string 
	Parameter mem_type bound to: hex - type: string 
	Parameter mem_data bound to: F:/Vivado/Downloads/Spec_sobel/activecore/designs/rtl/sigma/sw/benchmarks/sobel_sw.riscv - type: string 
	Parameter dat_width bound to: 32 - type: integer 
	Parameter adr_width bound to: 30 - type: integer 
	Parameter mem_size bound to: 8192 - type: integer 
INFO: [Synth 8-3876] $readmem data file 'F:/Vivado/Downloads/Spec_sobel/activecore/designs/rtl/sigma/sw/benchmarks/sobel_sw.riscv' is read successfully [F:/Vivado/Downloads/Spec_sobel/activecore/designs/rtl/ram/ram_dual.v:49]
INFO: [Synth 8-6155] done synthesizing module 'ram_dual' (7#1) [F:/Vivado/Downloads/Spec_sobel/activecore/designs/rtl/ram/ram_dual.v:1]
WARNING: [Synth 8-689] width (32) of port connection 'adr0_i' does not match port width (30) of module 'ram_dual' [F:/Vivado/Downloads/Spec_sobel/activecore/designs/rtl/ram/ram_dual_memsplit.v:63]
WARNING: [Synth 8-689] width (32) of port connection 'adr1_i' does not match port width (30) of module 'ram_dual' [F:/Vivado/Downloads/Spec_sobel/activecore/designs/rtl/ram/ram_dual_memsplit.v:68]
INFO: [Synth 8-6155] done synthesizing module 'ram_dual_memsplit' (8#1) [F:/Vivado/Downloads/Spec_sobel/activecore/designs/rtl/ram/ram_dual_memsplit.v:1]
INFO: [Synth 8-6157] synthesizing module 'sfr' [F:/Vivado/Downloads/Spec_sobel/activecore/designs/rtl/sigma_tile/hw/sfr.sv:12]
	Parameter corenum bound to: 0 - type: integer 
	Parameter SW_RESET_DEFAULT bound to: 0 - type: integer 
	Parameter IRQ_NUM_POW bound to: 4 - type: integer 
	Parameter IDCODE_ADDR bound to: 8'b00000000 
	Parameter CTRL_ADDR bound to: 8'b00000100 
	Parameter CORENUM_ADDR bound to: 8'b00001000 
	Parameter IRQ_EN_ADDR bound to: 8'b00010000 
	Parameter SGI_ADDR bound to: 8'b00010100 
	Parameter TIMER_CTRL_ADDR bound to: 8'b00100000 
	Parameter TIMER_PERIOD_ADDR bound to: 8'b00100100 
INFO: [Synth 8-6155] done synthesizing module 'sfr' (9#1) [F:/Vivado/Downloads/Spec_sobel/activecore/designs/rtl/sigma_tile/hw/sfr.sv:12]
INFO: [Synth 8-6155] done synthesizing module 'sigma_tile' (10#1) [F:/Vivado/Downloads/Spec_sobel/activecore/designs/rtl/sigma_tile/hw/sigma_tile.sv:19]
WARNING: [Synth 8-689] width (36) of port connection 'irq_debounced_bi' does not match port width (16) of module 'sigma_tile' [F:/Vivado/Downloads/Spec_sobel/activecore/designs/rtl/sigma/hw/sigma.sv:70]
INFO: [Synth 8-6157] synthesizing module 'udm' [F:/Vivado/Downloads/Spec_sobel/activecore/designs/rtl/udm/hdl/udm.v:10]
	Parameter BUS_TIMEOUT bound to: 104857600 - type: integer 
	Parameter RTX_EXTERNAL_OVERRIDE bound to: NO - type: string 
INFO: [Synth 8-6157] synthesizing module 'uart_rx' [F:/Vivado/Downloads/Spec_sobel/activecore/designs/rtl/udm/hdl/uart_rx.v:10]
	Parameter RTX_EXTERNAL_OVERRIDE bound to: NO - type: string 
	Parameter ST_NOSYNC bound to: 4'b0000 
	Parameter ST_NOSYNC_WAIT1_1 bound to: 4'b0001 
	Parameter ST_NOSYNC_WAIT0_2 bound to: 4'b0010 
	Parameter ST_NOSYNC_WAIT1_3 bound to: 4'b0011 
	Parameter ST_NOSYNC_WAIT0_4 bound to: 4'b0100 
	Parameter ST_NOSYNC_WAIT1_5 bound to: 4'b0101 
	Parameter ST_NOSYNC_WAIT0_6 bound to: 4'b0110 
	Parameter ST_NOSYNC_WAIT1_7 bound to: 4'b0111 
	Parameter ST_NOSYNC_WAIT0_8 bound to: 4'b1000 
	Parameter ST_NOSYNC_WAIT_STOP bound to: 4'b1001 
	Parameter ST_SYNC bound to: 4'b1010 
	Parameter ST_SYNC_WAIT_START bound to: 4'b1011 
	Parameter ST_SYNC_RX_DATA bound to: 4'b1100 
	Parameter ST_SYNC_WAIT_STOP bound to: 4'b1101 
INFO: [Synth 8-155] case statement is not full and has no default [F:/Vivado/Downloads/Spec_sobel/activecore/designs/rtl/udm/hdl/uart_rx.v:68]
INFO: [Synth 8-6155] done synthesizing module 'uart_rx' (11#1) [F:/Vivado/Downloads/Spec_sobel/activecore/designs/rtl/udm/hdl/uart_rx.v:10]
INFO: [Synth 8-6157] synthesizing module 'uart_tx' [F:/Vivado/Downloads/Spec_sobel/activecore/designs/rtl/udm/hdl/uart_tx.v:10]
	Parameter RTX_EXTERNAL_OVERRIDE bound to: NO - type: string 
	Parameter ST_IDLE bound to: 8'b00000000 
	Parameter ST_START bound to: 8'b00000001 
	Parameter ST_TX_DATA bound to: 8'b00000010 
	Parameter ST_STOP bound to: 8'b00000011 
INFO: [Synth 8-155] case statement is not full and has no default [F:/Vivado/Downloads/Spec_sobel/activecore/designs/rtl/udm/hdl/uart_tx.v:53]
INFO: [Synth 8-6155] done synthesizing module 'uart_tx' (12#1) [F:/Vivado/Downloads/Spec_sobel/activecore/designs/rtl/udm/hdl/uart_tx.v:10]
INFO: [Synth 8-6157] synthesizing module 'udm_controller' [F:/Vivado/Downloads/Spec_sobel/activecore/designs/rtl/udm/hdl/udm_controller.v:10]
	Parameter BUS_TIMEOUT bound to: 104857600 - type: integer 
	Parameter SYNC_BYTE bound to: 8'b01010101 
	Parameter ESCAPE_BYTE bound to: 8'b01011010 
	Parameter TRX_WR_SUCC_BYTE bound to: 8'b00000000 
	Parameter TRX_ERR_ACK_BYTE bound to: 8'b00000001 
	Parameter TRX_ERR_RESP_BYTE bound to: 8'b00000010 
	Parameter TRX_IRQ_BYTE bound to: 8'b10000000 
	Parameter IDCODE_CMD bound to: 8'b00000000 
	Parameter RST_CMD bound to: 8'b10000000 
	Parameter nRST_CMD bound to: 8'b11000000 
	Parameter WR_INC_CMD bound to: 8'b10000001 
	Parameter RD_INC_CMD bound to: 8'b10000010 
	Parameter WR_NOINC_CMD bound to: 8'b10000011 
	Parameter RD_NOINC_CMD bound to: 8'b10000100 
	Parameter IDLE bound to: 8'b00000000 
	Parameter FETCH_ADDR bound to: 8'b00000001 
	Parameter FETCH_LENGTH bound to: 8'b00000010 
	Parameter FETCH_DATA bound to: 8'b00000011 
	Parameter WAIT_ACK bound to: 8'b00000100 
	Parameter RD_DATA bound to: 8'b00000101 
	Parameter TX_RDATA bound to: 8'b00000110 
	Parameter WAIT_TX bound to: 8'b00000111 
	Parameter WAIT_RESP bound to: 8'b00001000 
INFO: [Synth 8-6155] done synthesizing module 'udm_controller' (13#1) [F:/Vivado/Downloads/Spec_sobel/activecore/designs/rtl/udm/hdl/udm_controller.v:10]
INFO: [Synth 8-6155] done synthesizing module 'udm' (14#1) [F:/Vivado/Downloads/Spec_sobel/activecore/designs/rtl/udm/hdl/udm.v:10]
INFO: [Synth 8-6157] synthesizing module 'ram_dual__parameterized0' [F:/Vivado/Downloads/Spec_sobel/activecore/designs/rtl/ram/ram_dual.v:1]
	Parameter mem_init bound to: NO - type: string 
	Parameter mem_type bound to: hex - type: string 
	Parameter mem_data bound to: nodata.hex - type: string 
	Parameter dat_width bound to: 32 - type: integer 
	Parameter adr_width bound to: 20 - type: integer 
	Parameter mem_size bound to: 1024 - type: integer 
INFO: [Synth 8-6155] done synthesizing module 'ram_dual__parameterized0' (14#1) [F:/Vivado/Downloads/Spec_sobel/activecore/designs/rtl/ram/ram_dual.v:1]
WARNING: [Synth 8-689] width (32) of port connection 'adr0_i' does not match port width (20) of module 'ram_dual__parameterized0' [F:/Vivado/Downloads/Spec_sobel/activecore/designs/rtl/sigma/hw/sigma.sv:149]
INFO: [Synth 8-6157] synthesizing module 'ram_dual__parameterized1' [F:/Vivado/Downloads/Spec_sobel/activecore/designs/rtl/ram/ram_dual.v:1]
	Parameter mem_init bound to: NO - type: string 
	Parameter mem_type bound to: hex - type: string 
	Parameter mem_data bound to: nodata_out.hex - type: string 
	Parameter dat_width bound to: 32 - type: integer 
	Parameter adr_width bound to: 20 - type: integer 
	Parameter mem_size bound to: 1024 - type: integer 
INFO: [Synth 8-6155] done synthesizing module 'ram_dual__parameterized1' (14#1) [F:/Vivado/Downloads/Spec_sobel/activecore/designs/rtl/ram/ram_dual.v:1]
WARNING: [Synth 8-689] width (64) of port connection 'adr1_i' does not match port width (20) of module 'ram_dual__parameterized1' [F:/Vivado/Downloads/Spec_sobel/activecore/designs/rtl/sigma/hw/sigma.sv:177]
INFO: [Synth 8-6157] synthesizing module 'Sobel' [F:/Vivado/Downloads/Spec_sobel/activecore/designs/rtl/sigma/hw/Sobel.v:12]
INFO: [Synth 8-6157] synthesizing module 'Block_proc' [F:/Vivado/Downloads/Spec_sobel/activecore/designs/rtl/sigma/hw/Block_proc.v:10]
	Parameter ap_ST_fsm_state1 bound to: 1'b1 
INFO: [Synth 8-6155] done synthesizing module 'Block_proc' (15#1) [F:/Vivado/Downloads/Spec_sobel/activecore/designs/rtl/sigma/hw/Block_proc.v:10]
INFO: [Synth 8-6157] synthesizing module 'Array2Mat' [F:/Vivado/Downloads/Spec_sobel/activecore/designs/rtl/sigma/hw/Array2Mat.v:10]
	Parameter ap_ST_fsm_state1 bound to: 4'b0001 
	Parameter ap_ST_fsm_state2 bound to: 4'b0010 
	Parameter ap_ST_fsm_pp0_stage0 bound to: 4'b0100 
	Parameter ap_ST_fsm_state6 bound to: 4'b1000 
WARNING: [Synth 8-589] replacing case/wildcard equality operator === with logical equality operator == [F:/Vivado/Downloads/Spec_sobel/activecore/designs/rtl/sigma/hw/Array2Mat.v:565]
WARNING: [Synth 8-589] replacing case/wildcard equality operator === with logical equality operator == [F:/Vivado/Downloads/Spec_sobel/activecore/designs/rtl/sigma/hw/Array2Mat.v:567]
WARNING: [Synth 8-589] replacing case/wildcard equality operator === with logical equality operator == [F:/Vivado/Downloads/Spec_sobel/activecore/designs/rtl/sigma/hw/Array2Mat.v:569]
INFO: [Synth 8-6155] done synthesizing module 'Array2Mat' (16#1) [F:/Vivado/Downloads/Spec_sobel/activecore/designs/rtl/sigma/hw/Array2Mat.v:10]
INFO: [Synth 8-6157] synthesizing module 'Filter2D' [F:/Vivado/Downloads/Spec_sobel/activecore/designs/rtl/sigma/hw/Filter2D.v:10]
	Parameter ap_ST_fsm_state1 bound to: 4'b0001 
	Parameter ap_ST_fsm_state2 bound to: 4'b0010 
	Parameter ap_ST_fsm_pp0_stage0 bound to: 4'b0100 
	Parameter ap_ST_fsm_state6 bound to: 4'b1000 
INFO: [Synth 8-6157] synthesizing module 'Filter2D_k_buf_0_bkb' [F:/Vivado/Downloads/Spec_sobel/activecore/designs/rtl/sigma/hw/Filter2D_k_buf_0_bkb.v:46]
	Parameter DataWidth bound to: 8 - type: integer 
	Parameter AddressRange bound to: 10 - type: integer 
	Parameter AddressWidth bound to: 4 - type: integer 
INFO: [Synth 8-6157] synthesizing module 'Filter2D_k_buf_0_bkb_ram' [F:/Vivado/Downloads/Spec_sobel/activecore/designs/rtl/sigma/hw/Filter2D_k_buf_0_bkb.v:6]
	Parameter DWIDTH bound to: 8 - type: integer 
	Parameter AWIDTH bound to: 4 - type: integer 
	Parameter MEM_SIZE bound to: 10 - type: integer 
INFO: [Synth 8-6155] done synthesizing module 'Filter2D_k_buf_0_bkb_ram' (17#1) [F:/Vivado/Downloads/Spec_sobel/activecore/designs/rtl/sigma/hw/Filter2D_k_buf_0_bkb.v:6]
INFO: [Synth 8-6155] done synthesizing module 'Filter2D_k_buf_0_bkb' (18#1) [F:/Vivado/Downloads/Spec_sobel/activecore/designs/rtl/sigma/hw/Filter2D_k_buf_0_bkb.v:46]
INFO: [Synth 8-6157] synthesizing module 'Sobel_mux_32_8_1_1' [F:/Vivado/Downloads/Spec_sobel/activecore/designs/rtl/sigma/hw/Sobel_mux_32_8_1_1.v:8]
	Parameter ID bound to: 1 - type: integer 
	Parameter NUM_STAGE bound to: 1 - type: integer 
	Parameter din0_WIDTH bound to: 8 - type: integer 
	Parameter din1_WIDTH bound to: 8 - type: integer 
	Parameter din2_WIDTH bound to: 8 - type: integer 
	Parameter din3_WIDTH bound to: 2 - type: integer 
	Parameter dout_WIDTH bound to: 8 - type: integer 
INFO: [Synth 8-6155] done synthesizing module 'Sobel_mux_32_8_1_1' (19#1) [F:/Vivado/Downloads/Spec_sobel/activecore/designs/rtl/sigma/hw/Sobel_mux_32_8_1_1.v:8]
WARNING: [Synth 8-589] replacing case/wildcard equality operator === with logical equality operator == [F:/Vivado/Downloads/Spec_sobel/activecore/designs/rtl/sigma/hw/Filter2D.v:1021]
WARNING: [Synth 8-589] replacing case/wildcard equality operator === with logical equality operator == [F:/Vivado/Downloads/Spec_sobel/activecore/designs/rtl/sigma/hw/Filter2D.v:1023]
WARNING: [Synth 8-589] replacing case/wildcard equality operator === with logical equality operator == [F:/Vivado/Downloads/Spec_sobel/activecore/designs/rtl/sigma/hw/Filter2D.v:1025]
WARNING: [Synth 8-589] replacing case/wildcard equality operator === with logical equality operator == [F:/Vivado/Downloads/Spec_sobel/activecore/designs/rtl/sigma/hw/Filter2D.v:1091]
WARNING: [Synth 8-589] replacing case/wildcard equality operator === with logical equality operator == [F:/Vivado/Downloads/Spec_sobel/activecore/designs/rtl/sigma/hw/Filter2D.v:1093]
WARNING: [Synth 8-589] replacing case/wildcard equality operator === with logical equality operator == [F:/Vivado/Downloads/Spec_sobel/activecore/designs/rtl/sigma/hw/Filter2D.v:1095]
WARNING: [Synth 8-589] replacing case/wildcard equality operator === with logical equality operator == [F:/Vivado/Downloads/Spec_sobel/activecore/designs/rtl/sigma/hw/Filter2D.v:1097]
WARNING: [Synth 8-589] replacing case/wildcard equality operator === with logical equality operator == [F:/Vivado/Downloads/Spec_sobel/activecore/designs/rtl/sigma/hw/Filter2D.v:1099]
WARNING: [Synth 8-589] replacing case/wildcard equality operator === with logical equality operator == [F:/Vivado/Downloads/Spec_sobel/activecore/designs/rtl/sigma/hw/Filter2D.v:1101]
WARNING: [Synth 8-589] replacing case/wildcard equality operator === with logical equality operator == [F:/Vivado/Downloads/Spec_sobel/activecore/designs/rtl/sigma/hw/Filter2D.v:1103]
WARNING: [Synth 8-589] replacing case/wildcard equality operator === with logical equality operator == [F:/Vivado/Downloads/Spec_sobel/activecore/designs/rtl/sigma/hw/Filter2D.v:1105]
WARNING: [Synth 8-589] replacing case/wildcard equality operator === with logical equality operator == [F:/Vivado/Downloads/Spec_sobel/activecore/designs/rtl/sigma/hw/Filter2D.v:1107]
WARNING: [Synth 8-589] replacing case/wildcard equality operator === with logical equality operator == [F:/Vivado/Downloads/Spec_sobel/activecore/designs/rtl/sigma/hw/Filter2D.v:1109]
WARNING: [Synth 8-589] replacing case/wildcard equality operator === with logical equality operator == [F:/Vivado/Downloads/Spec_sobel/activecore/designs/rtl/sigma/hw/Filter2D.v:1141]
WARNING: [Synth 8-589] replacing case/wildcard equality operator === with logical equality operator == [F:/Vivado/Downloads/Spec_sobel/activecore/designs/rtl/sigma/hw/Filter2D.v:1143]
WARNING: [Synth 8-589] replacing case/wildcard equality operator === with logical equality operator == [F:/Vivado/Downloads/Spec_sobel/activecore/designs/rtl/sigma/hw/Filter2D.v:1213]
INFO: [Synth 8-6155] done synthesizing module 'Filter2D' (20#1) [F:/Vivado/Downloads/Spec_sobel/activecore/designs/rtl/sigma/hw/Filter2D.v:10]
INFO: [Synth 8-6157] synthesizing module 'Mat2Array' [F:/Vivado/Downloads/Spec_sobel/activecore/designs/rtl/sigma/hw/Mat2Array.v:10]
	Parameter ap_ST_fsm_state1 bound to: 5'b00001 
	Parameter ap_ST_fsm_state2 bound to: 5'b00010 
	Parameter ap_ST_fsm_state3 bound to: 5'b00100 
	Parameter ap_ST_fsm_state4 bound to: 5'b01000 
	Parameter ap_ST_fsm_state5 bound to: 5'b10000 
WARNING: [Synth 8-589] replacing case/wildcard equality operator === with logical equality operator == [F:/Vivado/Downloads/Spec_sobel/activecore/designs/rtl/sigma/hw/Mat2Array.v:340]
WARNING: [Synth 8-589] replacing case/wildcard equality operator === with logical equality operator == [F:/Vivado/Downloads/Spec_sobel/activecore/designs/rtl/sigma/hw/Mat2Array.v:342]
WARNING: [Synth 8-589] replacing case/wildcard equality operator === with logical equality operator == [F:/Vivado/Downloads/Spec_sobel/activecore/designs/rtl/sigma/hw/Mat2Array.v:344]
WARNING: [Synth 8-589] replacing case/wildcard equality operator === with logical equality operator == [F:/Vivado/Downloads/Spec_sobel/activecore/designs/rtl/sigma/hw/Mat2Array.v:346]
INFO: [Synth 8-6155] done synthesizing module 'Mat2Array' (21#1) [F:/Vivado/Downloads/Spec_sobel/activecore/designs/rtl/sigma/hw/Mat2Array.v:10]
INFO: [Synth 8-6157] synthesizing module 'fifo_w5_d2_A' [F:/Vivado/Downloads/Spec_sobel/activecore/designs/rtl/sigma/hw/fifo_w5_d2_A.v:42]
	Parameter MEM_STYLE bound to: shiftreg - type: string 
	Parameter DATA_WIDTH bound to: 5 - type: integer 
	Parameter ADDR_WIDTH bound to: 1 - type: integer 
	Parameter DEPTH bound to: 2'b10 
INFO: [Synth 8-6157] synthesizing module 'fifo_w5_d2_A_shiftReg' [F:/Vivado/Downloads/Spec_sobel/activecore/designs/rtl/sigma/hw/fifo_w5_d2_A.v:8]
	Parameter DATA_WIDTH bound to: 5 - type: integer 
	Parameter ADDR_WIDTH bound to: 1 - type: integer 
	Parameter DEPTH bound to: 2'b10 
INFO: [Synth 8-6155] done synthesizing module 'fifo_w5_d2_A_shiftReg' (22#1) [F:/Vivado/Downloads/Spec_sobel/activecore/designs/rtl/sigma/hw/fifo_w5_d2_A.v:8]
INFO: [Synth 8-6155] done synthesizing module 'fifo_w5_d2_A' (23#1) [F:/Vivado/Downloads/Spec_sobel/activecore/designs/rtl/sigma/hw/fifo_w5_d2_A.v:42]
INFO: [Synth 8-6157] synthesizing module 'fifo_w8_d2_A' [F:/Vivado/Downloads/Spec_sobel/activecore/designs/rtl/sigma/hw/fifo_w8_d2_A.v:42]
	Parameter MEM_STYLE bound to: shiftreg - type: string 
	Parameter DATA_WIDTH bound to: 8 - type: integer 
	Parameter ADDR_WIDTH bound to: 1 - type: integer 
	Parameter DEPTH bound to: 2'b10 
INFO: [Synth 8-6157] synthesizing module 'fifo_w8_d2_A_shiftReg' [F:/Vivado/Downloads/Spec_sobel/activecore/designs/rtl/sigma/hw/fifo_w8_d2_A.v:8]
	Parameter DATA_WIDTH bound to: 8 - type: integer 
	Parameter ADDR_WIDTH bound to: 1 - type: integer 
	Parameter DEPTH bound to: 2'b10 
INFO: [Synth 8-6155] done synthesizing module 'fifo_w8_d2_A_shiftReg' (24#1) [F:/Vivado/Downloads/Spec_sobel/activecore/designs/rtl/sigma/hw/fifo_w8_d2_A.v:8]
INFO: [Synth 8-6155] done synthesizing module 'fifo_w8_d2_A' (25#1) [F:/Vivado/Downloads/Spec_sobel/activecore/designs/rtl/sigma/hw/fifo_w8_d2_A.v:42]
INFO: [Synth 8-6157] synthesizing module 'start_for_Filter2eOg' [F:/Vivado/Downloads/Spec_sobel/activecore/designs/rtl/sigma/hw/start_for_Filter2eOg.v:42]
	Parameter MEM_STYLE bound to: shiftreg - type: string 
	Parameter DATA_WIDTH bound to: 1 - type: integer 
	Parameter ADDR_WIDTH bound to: 1 - type: integer 
	Parameter DEPTH bound to: 2'b10 
INFO: [Synth 8-6157] synthesizing module 'start_for_Filter2eOg_shiftReg' [F:/Vivado/Downloads/Spec_sobel/activecore/designs/rtl/sigma/hw/start_for_Filter2eOg.v:8]
	Parameter DATA_WIDTH bound to: 1 - type: integer 
	Parameter ADDR_WIDTH bound to: 1 - type: integer 
	Parameter DEPTH bound to: 2'b10 
INFO: [Synth 8-6155] done synthesizing module 'start_for_Filter2eOg_shiftReg' (26#1) [F:/Vivado/Downloads/Spec_sobel/activecore/designs/rtl/sigma/hw/start_for_Filter2eOg.v:8]
INFO: [Synth 8-6155] done synthesizing module 'start_for_Filter2eOg' (27#1) [F:/Vivado/Downloads/Spec_sobel/activecore/designs/rtl/sigma/hw/start_for_Filter2eOg.v:42]
INFO: [Synth 8-6155] done synthesizing module 'Sobel' (28#1) [F:/Vivado/Downloads/Spec_sobel/activecore/designs/rtl/sigma/hw/Sobel.v:12]
WARNING: [Synth 8-689] width (32) of port connection 'image_out_address0' does not match port width (5) of module 'Sobel' [F:/Vivado/Downloads/Spec_sobel/activecore/designs/rtl/sigma/hw/sigma.sv:286]
WARNING: [Synth 8-7071] port 'image_in_ce0' of module 'Sobel' is unconnected for instance 'Sobel_my' [F:/Vivado/Downloads/Spec_sobel/activecore/designs/rtl/sigma/hw/sigma.sv:283]
WARNING: [Synth 8-7071] port 'image_in_d0' of module 'Sobel' is unconnected for instance 'Sobel_my' [F:/Vivado/Downloads/Spec_sobel/activecore/designs/rtl/sigma/hw/sigma.sv:283]
WARNING: [Synth 8-7071] port 'image_in_we0' of module 'Sobel' is unconnected for instance 'Sobel_my' [F:/Vivado/Downloads/Spec_sobel/activecore/designs/rtl/sigma/hw/sigma.sv:283]
WARNING: [Synth 8-7071] port 'image_out_ce0' of module 'Sobel' is unconnected for instance 'Sobel_my' [F:/Vivado/Downloads/Spec_sobel/activecore/designs/rtl/sigma/hw/sigma.sv:283]
WARNING: [Synth 8-7023] instance 'Sobel_my' of module 'Sobel' has 16 connections declared, but only 12 given [F:/Vivado/Downloads/Spec_sobel/activecore/designs/rtl/sigma/hw/sigma.sv:283]
INFO: [Synth 8-6155] done synthesizing module 'sigma' (29#1) [F:/Vivado/Downloads/Spec_sobel/activecore/designs/rtl/sigma/hw/sigma.sv:12]
WARNING: [Synth 8-689] width (16) of port connection 'gpio_bo' does not match port width (32) of module 'sigma' [F:/Vivado/Downloads/Spec_sobel/activecore/designs/rtl/sigma/syn/syn_4stage/NEXYS4-DDR/NEXYS4_DDR.sv:44]
INFO: [Synth 8-6155] done synthesizing module 'NEXYS4_DDR' (30#1) [F:/Vivado/Downloads/Spec_sobel/activecore/designs/rtl/sigma/syn/syn_4stage/NEXYS4-DDR/NEXYS4_DDR.sv:1]
---------------------------------------------------------------------------------
Finished RTL Elaboration : Time (s): cpu = 00:00:11 ; elapsed = 00:00:12 . Memory (MB): peak = 1130.883 ; gain = 98.109
---------------------------------------------------------------------------------
---------------------------------------------------------------------------------
Start Handling Custom Attributes
---------------------------------------------------------------------------------
---------------------------------------------------------------------------------
Finished Handling Custom Attributes : Time (s): cpu = 00:00:12 ; elapsed = 00:00:13 . Memory (MB): peak = 1135.309 ; gain = 102.535
---------------------------------------------------------------------------------
---------------------------------------------------------------------------------
Finished RTL Optimization Phase 1 : Time (s): cpu = 00:00:12 ; elapsed = 00:00:13 . Memory (MB): peak = 1135.309 ; gain = 102.535
---------------------------------------------------------------------------------
Netlist sorting complete. Time (s): cpu = 00:00:00 ; elapsed = 00:00:00.230 . Memory (MB): peak = 1135.309 ; gain = 0.000
INFO: [Project 1-570] Preparing netlist for logic optimization

Processing XDC Constraints
Initializing timing engine
Parsing XDC File [F:/Vivado/Downloads/Spec_sobel/activecore/designs/rtl/sigma/syn/syn_4stage/NEXYS4-DDR/NEXYS4_DDR.runs/synth_1/.Xil/Vivado-7316-DESKTOP-D7RM7IV/sys_clk/sys_clk/sys_clk_in_context.xdc] for cell 'sys_clk'
WARNING: [Vivado 12-584] No ports matched ''. [F:/Vivado/Downloads/Spec_sobel/activecore/designs/rtl/sigma/syn/syn_4stage/NEXYS4-DDR/NEXYS4_DDR.runs/synth_1/.Xil/Vivado-7316-DESKTOP-D7RM7IV/sys_clk/sys_clk/sys_clk_in_context.xdc:1]
WARNING: [Vivado 12-584] No ports matched ''. [F:/Vivado/Downloads/Spec_sobel/activecore/designs/rtl/sigma/syn/syn_4stage/NEXYS4-DDR/NEXYS4_DDR.runs/synth_1/.Xil/Vivado-7316-DESKTOP-D7RM7IV/sys_clk/sys_clk/sys_clk_in_context.xdc:4]
Finished Parsing XDC File [F:/Vivado/Downloads/Spec_sobel/activecore/designs/rtl/sigma/syn/syn_4stage/NEXYS4-DDR/NEXYS4_DDR.runs/synth_1/.Xil/Vivado-7316-DESKTOP-D7RM7IV/sys_clk/sys_clk/sys_clk_in_context.xdc] for cell 'sys_clk'
Parsing XDC File [F:/Vivado/Downloads/Spec_sobel/activecore/designs/rtl/sigma/syn/syn_4stage/NEXYS4-DDR/NEXYS4_DDR.xdc]
Finished Parsing XDC File [F:/Vivado/Downloads/Spec_sobel/activecore/designs/rtl/sigma/syn/syn_4stage/NEXYS4-DDR/NEXYS4_DDR.xdc]
INFO: [Project 1-236] Implementation specific constraints were found while reading constraint file [F:/Vivado/Downloads/Spec_sobel/activecore/designs/rtl/sigma/syn/syn_4stage/NEXYS4-DDR/NEXYS4_DDR.xdc]. These constraints will be ignored for synthesis but will be used in implementation. Impacted constraints are listed in the file [.Xil/NEXYS4_DDR_propImpl.xdc].
Resolution: To avoid this warning, move constraints listed in [.Xil/NEXYS4_DDR_propImpl.xdc] to another XDC file and exclude this new file from synthesis with the used_in_synthesis property (File Properties dialog in GUI) and re-run elaboration/synthesis.
Completed Processing XDC Constraints

Netlist sorting complete. Time (s): cpu = 00:00:00 ; elapsed = 00:00:00.002 . Memory (MB): peak = 1254.359 ; gain = 0.000
INFO: [Project 1-111] Unisim Transformation Summary:
No Unisim elements were transformed.

Constraint Validation Runtime : Time (s): cpu = 00:00:00 ; elapsed = 00:00:00.050 . Memory (MB): peak = 1254.359 ; gain = 0.000
---------------------------------------------------------------------------------
Finished Constraint Validation : Time (s): cpu = 00:00:23 ; elapsed = 00:00:24 . Memory (MB): peak = 1254.359 ; gain = 221.586
---------------------------------------------------------------------------------
---------------------------------------------------------------------------------
Start Loading Part and Timing Information
---------------------------------------------------------------------------------
Loading part: xc7a100tcsg324-3
---------------------------------------------------------------------------------
Finished Loading Part and Timing Information : Time (s): cpu = 00:00:23 ; elapsed = 00:00:24 . Memory (MB): peak = 1254.359 ; gain = 221.586
---------------------------------------------------------------------------------
---------------------------------------------------------------------------------
Start Applying 'set_property' XDC Constraints
---------------------------------------------------------------------------------
Applied set_property IO_BUFFER_TYPE = NONE for CLK100MHZ. (constraint file  F:/Vivado/Downloads/Spec_sobel/activecore/designs/rtl/sigma/syn/syn_4stage/NEXYS4-DDR/NEXYS4_DDR.runs/synth_1/.Xil/Vivado-7316-DESKTOP-D7RM7IV/sys_clk/sys_clk/sys_clk_in_context.xdc, line 5).
Applied set_property CLOCK_BUFFER_TYPE = NONE for CLK100MHZ. (constraint file  F:/Vivado/Downloads/Spec_sobel/activecore/designs/rtl/sigma/syn/syn_4stage/NEXYS4-DDR/NEXYS4_DDR.runs/synth_1/.Xil/Vivado-7316-DESKTOP-D7RM7IV/sys_clk/sys_clk/sys_clk_in_context.xdc, line 6).
Applied set_property DONT_TOUCH = true for sys_clk. (constraint file  auto generated constraint, line ).
---------------------------------------------------------------------------------
Finished applying 'set_property' XDC Constraints : Time (s): cpu = 00:00:23 ; elapsed = 00:00:24 . Memory (MB): peak = 1254.359 ; gain = 221.586
---------------------------------------------------------------------------------
INFO: [Synth 8-802] inferred FSM for state register 'state_reg' in module 'uart_rx'
INFO: [Synth 8-802] inferred FSM for state register 'state_reg' in module 'uart_tx'
INFO: [Synth 8-802] inferred FSM for state register 'state_reg' in module 'udm_controller'
INFO: [Synth 8-4490] FSM extraction disabled for register 'ap_CS_fsm_reg' through user attribute
INFO: [Synth 8-4490] FSM extraction disabled for register 'ap_CS_fsm_reg' through user attribute
INFO: [Synth 8-4490] FSM extraction disabled for register 'ap_CS_fsm_reg' through user attribute
INFO: [Synth 8-3971] The signal "ram_dual:/ram_reg" was recognized as a true dual port RAM template.
---------------------------------------------------------------------------------------------------
                   State |                     New Encoding |                Previous Encoding 
---------------------------------------------------------------------------------------------------
               ST_NOSYNC |                             0000 |                            00000
       ST_NOSYNC_WAIT1_1 |                             0001 |                            00001
       ST_NOSYNC_WAIT0_2 |                             0010 |                            00010
       ST_NOSYNC_WAIT1_3 |                             0011 |                            00011
       ST_NOSYNC_WAIT0_4 |                             0100 |                            00100
       ST_NOSYNC_WAIT1_5 |                             0101 |                            00101
       ST_NOSYNC_WAIT0_6 |                             0110 |                            00110
       ST_NOSYNC_WAIT1_7 |                             0111 |                            00111
       ST_NOSYNC_WAIT0_8 |                             1000 |                            01000
     ST_NOSYNC_WAIT_STOP |                             1001 |                            01001
                 ST_SYNC |                             1010 |                            01010
      ST_SYNC_WAIT_START |                             1011 |                            01011
         ST_SYNC_RX_DATA |                             1100 |                            01100
       ST_SYNC_WAIT_STOP |                             1101 |                            01101
---------------------------------------------------------------------------------------------------
INFO: [Synth 8-3354] encoded FSM with state register 'state_reg' using encoding 'sequential' in module 'uart_rx'
---------------------------------------------------------------------------------------------------
                   State |                     New Encoding |                Previous Encoding 
---------------------------------------------------------------------------------------------------
                 ST_IDLE |                               00 |                             0000
                ST_START |                               01 |                             0001
              ST_TX_DATA |                               10 |                             0010
                 ST_STOP |                               11 |                             0011
---------------------------------------------------------------------------------------------------
INFO: [Synth 8-3354] encoded FSM with state register 'state_reg' using encoding 'sequential' in module 'uart_tx'
---------------------------------------------------------------------------------------------------
                   State |                     New Encoding |                Previous Encoding 
---------------------------------------------------------------------------------------------------
                    IDLE |                              000 |                         00000000
              FETCH_ADDR |                              001 |                         00000001
            FETCH_LENGTH |                              010 |                         00000010
                WAIT_ACK |                              011 |                         00000100
               WAIT_RESP |                              100 |                         00001000
                TX_RDATA |                              101 |                         00000110
                 WAIT_TX |                              110 |                         00000111
              FETCH_DATA |                              111 |                         00000011
---------------------------------------------------------------------------------------------------
INFO: [Synth 8-3354] encoded FSM with state register 'state_reg' using encoding 'sequential' in module 'udm_controller'
INFO: [Synth 8-3971] The signal "ram_dual__parameterized0:/ram_reg" was recognized as a true dual port RAM template.
INFO: [Synth 8-3971] The signal "ram_dual__parameterized1:/ram_reg" was recognized as a true dual port RAM template.
---------------------------------------------------------------------------------
Finished RTL Optimization Phase 2 : Time (s): cpu = 00:00:28 ; elapsed = 00:00:29 . Memory (MB): peak = 1254.359 ; gain = 221.586
---------------------------------------------------------------------------------
---------------------------------------------------------------------------------
Start RTL Component Statistics 
---------------------------------------------------------------------------------
Detailed RTL Component Info : 
+---Adders : 
	   3 Input   33 Bit       Adders := 1     
	   2 Input   32 Bit       Adders := 16    
	   4 Input   11 Bit       Adders := 1     
	   3 Input   10 Bit       Adders := 1     
	   2 Input   10 Bit       Adders := 1     
	   3 Input    8 Bit       Adders := 2     
	   5 Input    8 Bit       Adders := 1     
	   2 Input    7 Bit       Adders := 2     
	   3 Input    6 Bit       Adders := 1     
	   2 Input    6 Bit       Adders := 3     
	   3 Input    4 Bit       Adders := 1     
	   2 Input    4 Bit       Adders := 2     
	   2 Input    3 Bit       Adders := 2     
	   2 Input    2 Bit       Adders := 14    
	   3 Input    2 Bit       Adders := 5     
	   2 Input    1 Bit       Adders := 4     
+---XORs : 
	   2 Input     33 Bit         XORs := 1     
	   2 Input     32 Bit         XORs := 1     
	   2 Input      6 Bit         XORs := 3     
	   2 Input      2 Bit         XORs := 1     
	   2 Input      1 Bit         XORs := 9     
+---Registers : 
	               33 Bit    Registers := 2     
	               32 Bit    Registers := 80    
	               30 Bit    Registers := 1     
	               29 Bit    Registers := 1     
	               16 Bit    Registers := 4     
	               10 Bit    Registers := 2     
	                8 Bit    Registers := 31    
	                7 Bit    Registers := 1     
	                6 Bit    Registers := 2     
	                5 Bit    Registers := 14    
	                4 Bit    Registers := 12    
	                3 Bit    Registers := 9     
	                2 Bit    Registers := 15    
	                1 Bit    Registers := 151   
+---RAMs : 
	             256K Bit	(8192 X 32 bit)          RAMs := 1     
	              32K Bit	(1024 X 32 bit)          RAMs := 2     
+---Muxes : 
	   6 Input   33 Bit        Muxes := 1     
	   2 Input   33 Bit        Muxes := 2     
	  10 Input   33 Bit        Muxes := 1     
	   2 Input   32 Bit        Muxes := 166   
	   8 Input   32 Bit        Muxes := 7     
	   3 Input   32 Bit        Muxes := 2     
	   9 Input   32 Bit        Muxes := 1     
	  10 Input   32 Bit        Muxes := 1     
	   4 Input   32 Bit        Muxes := 2     
	  14 Input   32 Bit        Muxes := 1     
	   2 Input   30 Bit        Muxes := 1     
	   2 Input   16 Bit        Muxes := 3     
	   2 Input    8 Bit        Muxes := 46    
	  14 Input    8 Bit        Muxes := 1     
	   4 Input    8 Bit        Muxes := 1     
	   8 Input    8 Bit        Muxes := 1     
	   6 Input    8 Bit        Muxes := 1     
	   2 Input    6 Bit        Muxes := 3     
	   8 Input    5 Bit        Muxes := 1     
	   2 Input    5 Bit        Muxes := 9     
	   8 Input    4 Bit        Muxes := 1     
	  12 Input    4 Bit        Muxes := 1     
	   2 Input    4 Bit        Muxes := 32    
	  10 Input    4 Bit        Muxes := 1     
	  14 Input    4 Bit        Muxes := 1     
	   3 Input    4 Bit        Muxes := 1     
	   8 Input    3 Bit        Muxes := 3     
	  12 Input    3 Bit        Muxes := 2     
	   3 Input    3 Bit        Muxes := 1     
	  14 Input    3 Bit        Muxes := 1     
	   4 Input    3 Bit        Muxes := 1     
	  23 Input    3 Bit        Muxes := 1     
	   2 Input    3 Bit        Muxes := 3     
	   8 Input    2 Bit        Muxes := 4     
	  12 Input    2 Bit        Muxes := 2     
	   4 Input    2 Bit        Muxes := 1     
	   2 Input    2 Bit        Muxes := 8     
	   2 Input    1 Bit        Muxes := 414   
	  12 Input    1 Bit        Muxes := 11    
	   7 Input    1 Bit        Muxes := 1     
	   8 Input    1 Bit        Muxes := 26    
	  15 Input    1 Bit        Muxes := 1     
	   5 Input    1 Bit        Muxes := 3     
	  14 Input    1 Bit        Muxes := 7     
	   4 Input    1 Bit        Muxes := 7     
	   3 Input    1 Bit        Muxes := 1     
---------------------------------------------------------------------------------
Finished RTL Component Statistics 
---------------------------------------------------------------------------------
---------------------------------------------------------------------------------
Start Part Resource Summary
---------------------------------------------------------------------------------
Part Resources:
DSPs: 240 (col length:80)
BRAMs: 270 (col length: RAMB18 80 RAMB36 40)
---------------------------------------------------------------------------------
Finished Part Resource Summary
---------------------------------------------------------------------------------
---------------------------------------------------------------------------------
Start Cross Boundary and Area Optimization
---------------------------------------------------------------------------------
INFO: [Synth 8-3971] The signal "\sigma/sigma_tile/ram/ram_dual/ram_reg " was recognized as a true dual port RAM template.
INFO: [Synth 8-3971] The signal "NEXYS4_DDR/sigma/testmem/ram_reg" was recognized as a true dual port RAM template.
INFO: [Synth 8-3971] The signal "NEXYS4_DDR/sigma/testmem_out/ram_reg" was recognized as a true dual port RAM template.
---------------------------------------------------------------------------------
Finished Cross Boundary and Area Optimization : Time (s): cpu = 00:01:07 ; elapsed = 00:01:09 . Memory (MB): peak = 1328.227 ; gain = 295.453
---------------------------------------------------------------------------------
---------------------------------------------------------------------------------
Start ROM, RAM, DSP and Shift Register Reporting
---------------------------------------------------------------------------------

Block RAM: Preliminary Mapping	Report (see note below)
+-------------------+-----------------------+------------------------+---+---+------------------------+---+---+------------------+--------+--------+
|Module Name        | RTL Object            | PORT A (Depth x Width) | W | R | PORT B (Depth x Width) | W | R | Ports driving FF | RAMB18 | RAMB36 | 
+-------------------+-----------------------+------------------------+---+---+------------------------+---+---+------------------+--------+--------+
|\sigma/sigma_tile  | ram/ram_dual/ram_reg  | 8 K x 32(READ_FIRST)   | W | R | 8 K x 32(READ_FIRST)   | W | R | Port A and B     | 0      | 8      | 
|NEXYS4_DDR         | sigma/testmem/ram_reg | 1 K x 32(READ_FIRST)   | W | R | 1 K x 32(READ_FIRST)   | W | R | Port A and B     | 0      | 1      | 
+-------------------+-----------------------+------------------------+---+---+------------------------+---+---+------------------+--------+--------+

Note: The table above is a preliminary report that shows the Block RAMs at the current stage of the synthesis flow. Some Block RAMs may be reimplemented as non Block RAM primitives later in the synthesis flow. Multiple instantiated Block RAMs are reported only once. 
---------------------------------------------------------------------------------
Finished ROM, RAM, DSP and Shift Register Reporting
---------------------------------------------------------------------------------
---------------------------------------------------------------------------------
Start Applying XDC Timing Constraints
---------------------------------------------------------------------------------
---------------------------------------------------------------------------------
Finished Applying XDC Timing Constraints : Time (s): cpu = 00:01:16 ; elapsed = 00:01:19 . Memory (MB): peak = 1328.227 ; gain = 295.453
---------------------------------------------------------------------------------
---------------------------------------------------------------------------------
Start Timing Optimization
---------------------------------------------------------------------------------
---------------------------------------------------------------------------------
Finished Timing Optimization : Time (s): cpu = 00:01:39 ; elapsed = 00:01:41 . Memory (MB): peak = 1509.270 ; gain = 476.496
---------------------------------------------------------------------------------
---------------------------------------------------------------------------------
Start ROM, RAM, DSP and Shift Register Reporting
---------------------------------------------------------------------------------

Block RAM: Final Mapping	Report
+-------------------+-----------------------+------------------------+---+---+------------------------+---+---+------------------+--------+--------+
|Module Name        | RTL Object            | PORT A (Depth x Width) | W | R | PORT B (Depth x Width) | W | R | Ports driving FF | RAMB18 | RAMB36 | 
+-------------------+-----------------------+------------------------+---+---+------------------------+---+---+------------------+--------+--------+
|\sigma/sigma_tile  | ram/ram_dual/ram_reg  | 8 K x 32(READ_FIRST)   | W | R | 8 K x 32(READ_FIRST)   | W | R | Port A and B     | 0      | 8      | 
|NEXYS4_DDR         | sigma/testmem/ram_reg | 1 K x 32(READ_FIRST)   | W | R | 1 K x 32(READ_FIRST)   | W | R | Port A and B     | 0      | 1      | 
+-------------------+-----------------------+------------------------+---+---+------------------------+---+---+------------------+--------+--------+

---------------------------------------------------------------------------------
Finished ROM, RAM, DSP and Shift Register Reporting
---------------------------------------------------------------------------------
---------------------------------------------------------------------------------
Start Technology Mapping
---------------------------------------------------------------------------------
INFO: [Synth 8-7052] The timing for the instance sigma/sigma_tile/ram/ram_dual/ram_reg_0 (implemented as a Block RAM) might be sub-optimal as no optional output register could be merged into the ram block. Providing additional output register may help in improving timing.
INFO: [Synth 8-7052] The timing for the instance sigma/sigma_tile/ram/ram_dual/ram_reg_0 (implemented as a Block RAM) might be sub-optimal as no optional output register could be merged into the ram block. Providing additional output register may help in improving timing.
INFO: [Synth 8-7052] The timing for the instance sigma/sigma_tile/ram/ram_dual/ram_reg_1 (implemented as a Block RAM) might be sub-optimal as no optional output register could be merged into the ram block. Providing additional output register may help in improving timing.
INFO: [Synth 8-7052] The timing for the instance sigma/sigma_tile/ram/ram_dual/ram_reg_1 (implemented as a Block RAM) might be sub-optimal as no optional output register could be merged into the ram block. Providing additional output register may help in improving timing.
INFO: [Synth 8-7052] The timing for the instance sigma/sigma_tile/ram/ram_dual/ram_reg_2 (implemented as a Block RAM) might be sub-optimal as no optional output register could be merged into the ram block. Providing additional output register may help in improving timing.
INFO: [Synth 8-7052] The timing for the instance sigma/sigma_tile/ram/ram_dual/ram_reg_2 (implemented as a Block RAM) might be sub-optimal as no optional output register could be merged into the ram block. Providing additional output register may help in improving timing.
INFO: [Synth 8-7052] The timing for the instance sigma/sigma_tile/ram/ram_dual/ram_reg_3 (implemented as a Block RAM) might be sub-optimal as no optional output register could be merged into the ram block. Providing additional output register may help in improving timing.
INFO: [Synth 8-7052] The timing for the instance sigma/sigma_tile/ram/ram_dual/ram_reg_3 (implemented as a Block RAM) might be sub-optimal as no optional output register could be merged into the ram block. Providing additional output register may help in improving timing.
INFO: [Synth 8-7052] The timing for the instance sigma/sigma_tile/ram/ram_dual/ram_reg_4 (implemented as a Block RAM) might be sub-optimal as no optional output register could be merged into the ram block. Providing additional output register may help in improving timing.
INFO: [Synth 8-7052] The timing for the instance sigma/sigma_tile/ram/ram_dual/ram_reg_4 (implemented as a Block RAM) might be sub-optimal as no optional output register could be merged into the ram block. Providing additional output register may help in improving timing.
INFO: [Synth 8-7052] The timing for the instance sigma/sigma_tile/ram/ram_dual/ram_reg_5 (implemented as a Block RAM) might be sub-optimal as no optional output register could be merged into the ram block. Providing additional output register may help in improving timing.
INFO: [Synth 8-7052] The timing for the instance sigma/sigma_tile/ram/ram_dual/ram_reg_5 (implemented as a Block RAM) might be sub-optimal as no optional output register could be merged into the ram block. Providing additional output register may help in improving timing.
INFO: [Synth 8-7052] The timing for the instance sigma/sigma_tile/ram/ram_dual/ram_reg_6 (implemented as a Block RAM) might be sub-optimal as no optional output register could be merged into the ram block. Providing additional output register may help in improving timing.
INFO: [Synth 8-7052] The timing for the instance sigma/sigma_tile/ram/ram_dual/ram_reg_6 (implemented as a Block RAM) might be sub-optimal as no optional output register could be merged into the ram block. Providing additional output register may help in improving timing.
INFO: [Synth 8-7052] The timing for the instance sigma/sigma_tile/ram/ram_dual/ram_reg_7 (implemented as a Block RAM) might be sub-optimal as no optional output register could be merged into the ram block. Providing additional output register may help in improving timing.
INFO: [Synth 8-7052] The timing for the instance sigma/sigma_tile/ram/ram_dual/ram_reg_7 (implemented as a Block RAM) might be sub-optimal as no optional output register could be merged into the ram block. Providing additional output register may help in improving timing.
INFO: [Synth 8-7052] The timing for the instance sigma/testmem/ram_reg (implemented as a Block RAM) might be sub-optimal as no optional output register could be merged into the ram block. Providing additional output register may help in improving timing.
---------------------------------------------------------------------------------
Finished Technology Mapping : Time (s): cpu = 00:01:44 ; elapsed = 00:01:46 . Memory (MB): peak = 1509.270 ; gain = 476.496
---------------------------------------------------------------------------------
---------------------------------------------------------------------------------
Start IO Insertion
---------------------------------------------------------------------------------
---------------------------------------------------------------------------------
Start Flattening Before IO Insertion
---------------------------------------------------------------------------------
---------------------------------------------------------------------------------
Finished Flattening Before IO Insertion
---------------------------------------------------------------------------------
---------------------------------------------------------------------------------
Start Final Netlist Cleanup
---------------------------------------------------------------------------------
---------------------------------------------------------------------------------
Finished Final Netlist Cleanup
---------------------------------------------------------------------------------
---------------------------------------------------------------------------------
Finished IO Insertion : Time (s): cpu = 00:01:49 ; elapsed = 00:01:52 . Memory (MB): peak = 1509.270 ; gain = 476.496
---------------------------------------------------------------------------------
---------------------------------------------------------------------------------
Start Renaming Generated Instances
---------------------------------------------------------------------------------
---------------------------------------------------------------------------------
Finished Renaming Generated Instances : Time (s): cpu = 00:01:49 ; elapsed = 00:01:52 . Memory (MB): peak = 1509.270 ; gain = 476.496
---------------------------------------------------------------------------------
---------------------------------------------------------------------------------
Start Rebuilding User Hierarchy
---------------------------------------------------------------------------------
---------------------------------------------------------------------------------
Finished Rebuilding User Hierarchy : Time (s): cpu = 00:01:50 ; elapsed = 00:01:53 . Memory (MB): peak = 1509.270 ; gain = 476.496
---------------------------------------------------------------------------------
---------------------------------------------------------------------------------
Start Renaming Generated Ports
---------------------------------------------------------------------------------
---------------------------------------------------------------------------------
Finished Renaming Generated Ports : Time (s): cpu = 00:01:50 ; elapsed = 00:01:53 . Memory (MB): peak = 1509.270 ; gain = 476.496
---------------------------------------------------------------------------------
---------------------------------------------------------------------------------
Start Handling Custom Attributes
---------------------------------------------------------------------------------
---------------------------------------------------------------------------------
Finished Handling Custom Attributes : Time (s): cpu = 00:01:50 ; elapsed = 00:01:53 . Memory (MB): peak = 1509.270 ; gain = 476.496
---------------------------------------------------------------------------------
---------------------------------------------------------------------------------
Start Renaming Generated Nets
---------------------------------------------------------------------------------
---------------------------------------------------------------------------------
Finished Renaming Generated Nets : Time (s): cpu = 00:01:51 ; elapsed = 00:01:53 . Memory (MB): peak = 1509.270 ; gain = 476.496
---------------------------------------------------------------------------------
---------------------------------------------------------------------------------
Start Writing Synthesis Report
---------------------------------------------------------------------------------

Report BlackBoxes: 
+------+--------------+----------+
|      |BlackBox name |Instances |
+------+--------------+----------+
|1     |sys_clk       |         1|
+------+--------------+----------+

Report Cell Usage: 
+------+---------+------+
|      |Cell     |Count |
+------+---------+------+
|1     |sys_clk  |     1|
|2     |CARRY4   |   163|
|3     |LUT1     |   101|
|4     |LUT2     |   263|
|5     |LUT3     |   343|
|6     |LUT4     |   348|
|7     |LUT5     |   751|
|8     |LUT6     |  1761|
|9     |MUXF7    |    97|
|10    |MUXF8    |    23|
|11    |RAMB36E1 |     9|
|14    |FDCE     |    74|
|15    |FDPE     |     4|
|16    |FDRE     |  2503|
|17    |FDSE     |    23|
|18    |IBUF     |    19|
|19    |OBUF     |    17|
+------+---------+------+
---------------------------------------------------------------------------------
Finished Writing Synthesis Report : Time (s): cpu = 00:01:51 ; elapsed = 00:01:53 . Memory (MB): peak = 1509.270 ; gain = 476.496
---------------------------------------------------------------------------------
Synthesis finished with 0 errors, 0 critical warnings and 0 warnings.
Synthesis Optimization Runtime : Time (s): cpu = 00:01:34 ; elapsed = 00:01:48 . Memory (MB): peak = 1509.270 ; gain = 357.445
Synthesis Optimization Complete : Time (s): cpu = 00:01:51 ; elapsed = 00:01:53 . Memory (MB): peak = 1509.270 ; gain = 476.496
INFO: [Project 1-571] Translating synthesized netlist
Netlist sorting complete. Time (s): cpu = 00:00:01 ; elapsed = 00:00:00.160 . Memory (MB): peak = 1509.270 ; gain = 0.000
INFO: [Netlist 29-17] Analyzing 292 Unisim elements for replacement
INFO: [Netlist 29-28] Unisim Transformation completed in 0 CPU seconds
INFO: [Project 1-570] Preparing netlist for logic optimization
INFO: [Opt 31-138] Pushed 0 inverter(s) to 0 load pin(s).
Netlist sorting complete. Time (s): cpu = 00:00:00 ; elapsed = 00:00:00.002 . Memory (MB): peak = 1509.270 ; gain = 0.000
INFO: [Project 1-111] Unisim Transformation Summary:
No Unisim elements were transformed.

INFO: [Common 17-83] Releasing license: Synthesis
134 Infos, 38 Warnings, 0 Critical Warnings and 0 Errors encountered.
synth_design completed successfully
synth_design: Time (s): cpu = 00:02:00 ; elapsed = 00:02:05 . Memory (MB): peak = 1509.270 ; gain = 476.496
INFO: [Common 17-1381] The checkpoint 'F:/Vivado/Downloads/Spec_sobel/activecore/designs/rtl/sigma/syn/syn_4stage/NEXYS4-DDR/NEXYS4_DDR.runs/synth_1/NEXYS4_DDR.dcp' has been generated.
INFO: [runtcl-4] Executing : report_utilization -file NEXYS4_DDR_utilization_synth.rpt -pb NEXYS4_DDR_utilization_synth.pb
INFO: [Common 17-206] Exiting Vivado at Tue Dec 22 00:28:12 2020...
